Log file open, 08/21/25 12:48:11
LogWindows: Failed to load 'aqProf.dll' (GetLastError=126)
LogWindows: File 'aqProf.dll' does not exist
LogWindows: Failed to load 'VSPerf140.dll' (GetLastError=126)
LogWindows: File 'VSPerf140.dll' does not exist
LogWindows: Failed to load 'VtuneApi.dll' (GetLastError=126)
LogWindows: File 'VtuneApi.dll' does not exist
LogWindows: Failed to load 'VtuneApi32e.dll' (GetLastError=126)
LogWindows: File 'VtuneApi32e.dll' does not exist
LogInit: Display: Running engine for game: CrystalCavern
LogPlatformFile: Not using cached read wrapper
LogTaskGraph: Started task graph with 5 named threads and 35 total threads with 3 sets of task threads.
LogStats: Stats thread started at 0.536661
LogD3D11RHI: Loaded GFSDK_Aftermath_Lib.x64.dll
LogICUInternationalization: Display: ICU TimeZone Detection - Raw Offset: -3:00, Platform Override: ''
LogPluginManager: Mounting plugin Paper2D
LogPluginManager: Mounting plugin AISupport
LogPluginManager: Mounting plugin LightPropagationVolume
LogPluginManager: Mounting plugin CLionSourceCodeAccess
LogPluginManager: Mounting plugin CodeLiteSourceCodeAccess
LogPluginManager: Mounting plugin GitSourceControl
LogPluginManager: Mounting plugin KDevelopSourceCodeAccess
LogPluginManager: Mounting plugin NullSourceCodeAccess
LogPluginManager: Mounting plugin PerforceSourceControl
LogPluginManager: Mounting plugin SubversionSourceControl
LogPluginManager: Mounting plugin UObjectPlugin
LogPluginManager: Mounting plugin VisualStudioCodeSourceCodeAccess
LogPluginManager: Mounting plugin VisualStudioSourceCodeAccess
LogPluginManager: Mounting plugin XCodeSourceCodeAccess
LogPluginManager: Mounting plugin AssetManagerEditor
LogPluginManager: Mounting plugin CryptoKeys
LogPluginManager: Mounting plugin DataValidation
LogPluginManager: Mounting plugin FacialAnimation
LogPluginManager: Mounting plugin GameplayTagsEditor
LogPluginManager: Mounting plugin MacGraphicsSwitching
LogPluginManager: Mounting plugin MeshEditor
LogPluginManager: Mounting plugin MobileLauncherProfileWizard
LogPluginManager: Mounting plugin PluginBrowser
LogPluginManager: Mounting plugin SpeedTreeImporter
LogPluginManager: Mounting plugin DatasmithContent
LogPluginManager: Mounting plugin AlembicImporter
LogPluginManager: Mounting plugin AppleImageUtils
LogPluginManager: Mounting plugin AppleVision
LogPluginManager: Mounting plugin BackChannel
LogPluginManager: Mounting plugin CharacterAI
LogPluginManager: Mounting plugin GeometryCache
LogPluginManager: Mounting plugin HTML5Networking
LogPluginManager: Mounting plugin ProxyLODPlugin
LogPluginManager: Mounting plugin MagicLeap
LogPluginManager: Mounting plugin MagicLeapEmulator
LogPluginManager: Mounting plugin MagicLeapMedia
LogPluginManager: Mounting plugin AndroidMedia
LogPluginManager: Mounting plugin AvfMedia
LogPluginManager: Mounting plugin ImgMedia
LogPluginManager: Mounting plugin LinearTimecode
LogPluginManager: Mounting plugin MediaCompositing
LogPluginManager: Mounting plugin MediaPlayerEditor
LogPluginManager: Mounting plugin WmfMedia
LogPluginManager: Mounting plugin TcpMessaging
LogPluginManager: Mounting plugin UdpMessaging
LogPluginManager: Mounting plugin ActorSequence
LogPluginManager: Mounting plugin LevelSequenceEditor
LogPluginManager: Mounting plugin MatineeToLevelSequence
LogPluginManager: Mounting plugin NetcodeUnitTest
LogPluginManager: Mounting plugin NUTUnrealEngine4
LogPluginManager: Mounting plugin OnlineSubsystemGooglePlay
LogPluginManager: Mounting plugin OnlineSubsystemIOS
LogPluginManager: Mounting plugin OnlineSubsystem
LogPluginManager: Mounting plugin OnlineSubsystemNull
LogPluginManager: Mounting plugin OnlineSubsystemUtils
LogPluginManager: Mounting plugin LauncherChunkInstaller
LogPluginManager: Mounting plugin AndroidDeviceProfileSelector
LogPluginManager: Mounting plugin AndroidMoviePlayer
LogPluginManager: Mounting plugin AndroidPermission
LogPluginManager: Mounting plugin AppleMoviePlayer
LogPluginManager: Mounting plugin ArchVisCharacter
LogPluginManager: Mounting plugin AudioCapture
LogPluginManager: Mounting plugin CableComponent
LogPluginManager: Mounting plugin CustomMeshComponent
LogPluginManager: Mounting plugin EditableMesh
LogPluginManager: Mounting plugin ExampleDeviceProfileSelector
LogPluginManager: Mounting plugin GoogleCloudMessaging
LogPluginManager: Mounting plugin ImmediatePhysics
LogPluginManager: Mounting plugin IOSDeviceProfileSelector
LogPluginManager: Mounting plugin LinuxDeviceProfileSelector
LogPluginManager: Mounting plugin LocationServicesBPLibrary
LogPluginManager: Mounting plugin MobilePatchingUtils
LogPluginManager: Mounting plugin OculusVR
LogPluginManager: Plugin shader directory ../../../Engine/Plugins/Runtime/Oculus/OculusVR/Shaders found
LogPluginManager: Mapping shader source directory ../../../Engine/Plugins/Runtime/Oculus/OculusVR/Shaders to virtual directory /Plugin/OculusVR
LogPluginManager: Mounting plugin PhysXVehicles
LogPluginManager: Mounting plugin ProceduralMeshComponent
LogPluginManager: Mounting plugin RuntimePhysXCooking
LogPluginManager: Mounting plugin SteamVR
LogPluginManager: Mounting plugin WindowsMoviePlayer
LogStreaming: Display: Took  0.068s to configure plugins.
LogInit: Using libcurl 7.55.1-DEV
LogInit:  - built for x86_64-pc-win32
LogInit:  - supports SSL with OpenSSL/1.0.2h
LogInit:  - supports HTTP deflate (compression) using libz 1.2.8
LogInit:  - other features:
LogInit:      CURL_VERSION_SSL
LogInit:      CURL_VERSION_LIBZ
LogInit:      CURL_VERSION_IPV6
LogInit:      CURL_VERSION_ASYNCHDNS
LogInit:      CURL_VERSION_LARGEFILE
LogInit:      CURL_VERSION_IDN
LogInit:  CurlRequestOptions (configurable via config and command line):
LogInit:  - bVerifyPeer = false  - Libcurl will NOT verify peer certificate
LogInit:  - bUseHttpProxy = false  - Libcurl will NOT use HTTP proxy
LogInit:  - bDontReuseConnections = false  - Libcurl will reuse connections
LogInit:  - CertBundlePath = nullptr  - Libcurl will use whatever was configured at build time.
LogInit:  - MaxHostConnections = 16  - Libcurl will limit the number of connections to a host
LogInit:  - LocalHostAddr = Default
LogInit:  - BufferSize = 65536
LogInit: WinSock: version 1.1 (2.2), MaxSocks=32767, MaxUdp=65467
LogInit: Build: ++UE4+Release-4.20-CL-4369336
LogInit: Engine Version: 4.20.3-4369336+++UE4+Release-4.20
LogInit: Compatible Engine Version: 4.20.0-4212847+++UE4+Release-4.20
LogInit: Net CL: 4212847
LogInit: OS: Windows 10 (), CPU: 11th Gen Intel(R) Core(TM) i5-11260H @ 2.60GHz, GPU: Intel(R) Iris(R) Xe Graphics
LogInit: Compiled (64-bit): Sep 17 2018 12:26:19
LogInit: Compiled with Visual C++: 19.13.26129.00
LogInit: Build Configuration: Development
LogInit: Branch Name: ++UE4+Release-4.20
LogInit: Command Line:  
LogInit: Base Directory: C:/Program Files/Epic Games/UE_4.20/Engine/Binaries/Win64/
LogInit: Installed Engine Build: 1
LogDevObjectVersion: Number of dev versions registered: 20
LogDevObjectVersion:   Dev-Blueprints (B0D832E4-1F89-4F0D-ACCF-7EB736FD4AA2): 10
LogDevObjectVersion:   Dev-Build (E1C64328-A22C-4D53-A36C-8E866417BD8C): 0
LogDevObjectVersion:   Dev-Core (375EC13C-06E4-48FB-B500-84F0262A717E): 2
LogDevObjectVersion:   Dev-Editor (E4B068ED-F494-42E9-A231-DA0B2E46BB41): 24
LogDevObjectVersion:   Dev-Framework (CFFC743F-43B0-4480-9391-14DF171D2073): 34
LogDevObjectVersion:   Dev-Mobile (B02B49B5-BB20-44E9-A304-32B752E40360): 2
LogDevObjectVersion:   Dev-Networking (A4E4105C-59A1-49B5-A7C5-40C4547EDFEE): 0
LogDevObjectVersion:   Dev-Online (39C831C9-5AE6-47DC-9A44-9C173E1C8E7C): 0
LogDevObjectVersion:   Dev-Physics (78F01B33-EBEA-4F98-B9B4-84EACCB95AA2): 0
LogDevObjectVersion:   Dev-Platform (6631380F-2D4D-43E0-8009-CF276956A95A): 0
LogDevObjectVersion:   Dev-Rendering (12F88B9F-8875-4AFC-A67C-D90C383ABD29): 26
LogDevObjectVersion:   Dev-Sequencer (7B5AE74C-D270-4C10-A958-57980B212A5A): 9
LogDevObjectVersion:   Dev-VR (D7296918-1DD6-4BDD-9DE2-64A83CC13884): 2
LogDevObjectVersion:   Dev-LoadTimes (C2A15278-BFE7-4AFE-6C17-90FF531DF755): 1
LogDevObjectVersion:   Private-Geometry (6EACA3D4-40EC-4CC1-B786-8BED09428FC5): 3
LogDevObjectVersion:   Dev-AnimPhys (29E575DD-E0A3-4627-9D10-D276232CDCEA): 17
LogDevObjectVersion:   Dev-ReflectionCapture (6B266CEC-1EC7-4B8F-A30B-E4D90942FC07): 1
LogDevObjectVersion:   Dev-Automation (0DF73D61-A23F-47EA-B727-89E90C41499A): 1
LogDevObjectVersion:   FortniteMain (601D1886-AC64-4F84-AA16-D3DE0DEAC7D6): 12
LogDevObjectVersion:   Dev-Enterprise (9DFFBCD6-494F-0158-E221-12823C92A888): 1
LogStreaming: Display: Took  0.001s to delete old logs.
LogInit: Presizing for max 8388607 objects, including 0 objects not considered by GC, pre-allocating 0 bytes for permanent pool.
LogInit: Object subsystem initialized
[2025.08.21-15.48.11:642][  0]LogInit: Selected Device Profile: [Windows]
[2025.08.21-15.48.11:642][  0]LogInit: Applying CVar settings loaded from the selected device profile: [Windows]
[2025.08.21-15.48.11:648][  0]LogHAL: Display: Platform has ~ 32 GB [34077446144 / 34359738368 / 32], which maps to Largest [LargestMinGB=32, LargerMinGB=12, DefaultMinGB=8, SmallerMinGB=6, SmallestMinGB=0)
[2025.08.21-15.48.11:648][  0]LogInit: Setting Device Profile CVar: [[r.Vulkan.UseRealUBs:1]]
[2025.08.21-15.48.11:648][  0]LogInit: Going up to parent DeviceProfile []
[2025.08.21-15.48.11:648][  0]LogInit: Computer: LEO
[2025.08.21-15.48.11:648][  0]LogInit: User: Leo
[2025.08.21-15.48.11:648][  0]LogInit: CPU Page size=4096, Cores=6
[2025.08.21-15.48.11:648][  0]LogInit: High frequency timer resolution =10.000000 MHz
[2025.08.21-15.48.11:648][  0]LogMemory: Memory total: Physical=31.7GB (32GB approx)
[2025.08.21-15.48.11:648][  0]LogMemory: Platform Memory Stats for Windows
[2025.08.21-15.48.11:648][  0]LogMemory: Process Physical Memory: 102.88 MB used, 102.89 MB peak
[2025.08.21-15.48.11:648][  0]LogMemory: Process Virtual Memory: 85.83 MB used, 85.83 MB peak
[2025.08.21-15.48.11:648][  0]LogMemory: Physical Memory: 9591.60 MB used,  22907.18 MB free, 32498.79 MB total
[2025.08.21-15.48.11:648][  0]LogMemory: Virtual Memory: 4642.17 MB used,  22907.18 MB free, 134217728.00 MB total
[2025.08.21-15.48.11:659][  0]LogInit: Using OS detected language (en-US).
[2025.08.21-15.48.11:659][  0]LogInit: Using OS detected locale (es-AR).
[2025.08.21-15.48.11:660][  0]LogTextLocalizationManager: No specific localization for 'en-US' exists, so the 'en' localization will be used.
[2025.08.21-15.48.11:924][  0]LogStreaming: Display: Took  0.265s to InitEngineTextLocalization.
[2025.08.21-15.48.11:924][  0]LogInit: Setting process to per monitor DPI aware
[2025.08.21-15.48.11:945][  0]LogSlate: New Slate User Created.  User Index 0, Is Virtual User: 0
[2025.08.21-15.48.11:945][  0]LogSlate: Slate User Registered.  User Index 0, Is Virtual User: 0
[2025.08.21-15.48.12:066][  0]LogHMD: Failed to initialize OpenVR with code 110
[2025.08.21-15.48.12:066][  0]LogD3D11RHI: D3D11 adapters:
[2025.08.21-15.48.12:114][  0]LogD3D11RHI:    0. 'Intel(R) Iris(R) Xe Graphics' (Feature Level 11_0)
[2025.08.21-15.48.12:114][  0]LogD3D11RHI:       128/0/16249 MB DedicatedVideo/DedicatedSystem/SharedSystem, Outputs:1, VendorId:0x8086
[2025.08.21-15.48.12:116][  0]LogD3D11RHI:    1. 'Microsoft Basic Render Driver' (Feature Level 11_0)
[2025.08.21-15.48.12:116][  0]LogD3D11RHI:       0/0/16249 MB DedicatedVideo/DedicatedSystem/SharedSystem, Outputs:0, VendorId:0x1414
[2025.08.21-15.48.12:116][  0]LogD3D11RHI: Chosen D3D11 Adapter: 0
[2025.08.21-15.48.12:120][  0]LogD3D11RHI: Creating new Direct3DDevice
[2025.08.21-15.48.12:120][  0]LogD3D11RHI:     GPU DeviceId: 0x9a68 (for the marketing name, search the web for "GPU Device Id")
[2025.08.21-15.48.12:120][  0]LogWindows: EnumDisplayDevices:
[2025.08.21-15.48.12:120][  0]LogWindows:    0. 'Intel(R) Iris(R) Xe Graphics' (P:1 D:1)
[2025.08.21-15.48.12:120][  0]LogWindows:    1. 'Intel(R) Iris(R) Xe Graphics' (P:0 D:0)
[2025.08.21-15.48.12:121][  0]LogWindows:    2. 'Intel(R) Iris(R) Xe Graphics' (P:0 D:0)
[2025.08.21-15.48.12:121][  0]LogWindows:    3. 'Intel(R) Iris(R) Xe Graphics' (P:0 D:0)
[2025.08.21-15.48.12:121][  0]LogWindows: DebugString: FoundDriverCount:4 
[2025.08.21-15.48.12:121][  0]LogD3D11RHI:     Adapter Name: Intel(R) Iris(R) Xe Graphics
[2025.08.21-15.48.12:121][  0]LogD3D11RHI:   Driver Version: 32.0.101.6881 (internal:32.0.101.6881, unified:32.0.101.6881)
[2025.08.21-15.48.12:121][  0]LogD3D11RHI:      Driver Date: 6-4-2025
[2025.08.21-15.48.12:121][  0]LogRHI: Texture pool is 1523 MB (70% of 2176 MB)
[2025.08.21-15.48.12:159][  0]LogD3D11RHI: Async texture creation enabled
[2025.08.21-15.48.12:165][  0]LogD3D11RHI: GPU Timing Frequency: 19.200000 (Debug: 2 0)
[2025.08.21-15.48.12:165][  0]LogShaderCompilers: Guid format shader working directory is -26 characters bigger than the processId version (../../../../../../Leo/Crystal Cavern v1.0/CrystalCavern/CrystalCavern/Intermediate/Shaders/WorkingDirectory/12528/).
[2025.08.21-15.48.12:166][  0]LogShaderCompilers: Cleaned the shader compiler working directory 'C:/Users/Leo/AppData/Local/Temp/UnrealShaderWorkingDir/0FD35DCB4F5F700DACE92CB26469627B/'.
[2025.08.21-15.48.12:348][  0]LogTemp: Display: Loaded TP AllDesktopTargetPlatform
[2025.08.21-15.48.12:357][  0]LogTemp: Display: Loaded TP MacClientTargetPlatform
[2025.08.21-15.48.12:367][  0]LogTemp: Display: Loaded TP MacNoEditorTargetPlatform
[2025.08.21-15.48.12:377][  0]LogTemp: Display: Loaded TP MacServerTargetPlatform
[2025.08.21-15.48.12:387][  0]LogTemp: Display: Loaded TP MacTargetPlatform
[2025.08.21-15.48.12:396][  0]LogTemp: Display: Loaded TP WindowsClientTargetPlatform
[2025.08.21-15.48.12:406][  0]LogTemp: Display: Loaded TP WindowsNoEditorTargetPlatform
[2025.08.21-15.48.12:416][  0]LogTemp: Display: Loaded TP WindowsServerTargetPlatform
[2025.08.21-15.48.12:420][  0]LogTemp: Display: Loaded TP WindowsTargetPlatform
[2025.08.21-15.48.12:474][  0]LogTemp: Display: Loaded TP AndroidTargetPlatform
[2025.08.21-15.48.12:474][  0]LogTemp: Display: Loaded TP AndroidTargetPlatform
[2025.08.21-15.48.12:474][  0]LogTemp: Display: Loaded TP AndroidTargetPlatform
[2025.08.21-15.48.12:474][  0]LogTemp: Display: Loaded TP AndroidTargetPlatform
[2025.08.21-15.48.12:474][  0]LogTemp: Display: Loaded TP AndroidTargetPlatform
[2025.08.21-15.48.12:474][  0]LogTemp: Display: Loaded TP AndroidTargetPlatform
[2025.08.21-15.48.12:474][  0]LogTemp: Display: Loaded TP AndroidTargetPlatform
[2025.08.21-15.48.12:474][  0]LogTemp: Display: Loaded TP AndroidTargetPlatform
[2025.08.21-15.48.12:474][  0]LogTemp: Display: Loaded TP AndroidTargetPlatform
[2025.08.21-15.48.12:474][  0]LogTemp: Display: Loaded TP AndroidTargetPlatform
[2025.08.21-15.48.12:474][  0]LogTemp: Display: Loaded TP AndroidTargetPlatform
[2025.08.21-15.48.12:474][  0]LogTemp: Display: Loaded TP AndroidTargetPlatform
[2025.08.21-15.48.12:474][  0]LogTemp: Display: Loaded TP AndroidTargetPlatform
[2025.08.21-15.48.12:475][  0]LogTemp: Display: Loaded TP AndroidTargetPlatform
[2025.08.21-15.48.12:475][  0]LogTemp: Display: Loaded TP AndroidTargetPlatform
[2025.08.21-15.48.12:475][  0]LogTemp: Display: Loaded TP AndroidTargetPlatform
[2025.08.21-15.48.12:475][  0]LogTemp: Display: Loaded TP AndroidTargetPlatform
[2025.08.21-15.48.12:475][  0]LogTemp: Display: Loaded TP AndroidTargetPlatform
[2025.08.21-15.48.12:476][  0]LogTemp: Display: Loaded TP HTML5TargetPlatform
[2025.08.21-15.48.12:528][  0]LogTemp: Display: Loaded TP IOSTargetPlatform
[2025.08.21-15.48.12:528][  0]LogTemp: Display: Loaded TP IOSTargetPlatform
[2025.08.21-15.48.12:545][  0]LogTemp: Display: Loaded TP TVOSTargetPlatform
[2025.08.21-15.48.12:545][  0]LogTemp: Display: Loaded TP TVOSTargetPlatform
[2025.08.21-15.48.12:555][  0]LogTemp: Display: Loaded TP LinuxClientTargetPlatform
[2025.08.21-15.48.12:564][  0]LogTemp: Display: Loaded TP LinuxNoEditorTargetPlatform
[2025.08.21-15.48.12:573][  0]LogTemp: Display: Loaded TP LinuxServerTargetPlatform
[2025.08.21-15.48.12:583][  0]LogTemp: Display: Loaded TP LinuxTargetPlatform
[2025.08.21-15.48.12:589][  0]LogTemp: Display: Loaded TP LuminTargetPlatform
[2025.08.21-15.48.12:589][  0]LogTargetPlatformManager: Display: Building Assets For Windows
[2025.08.21-15.48.12:630][  0]LogXGEController: Cleaning working directory: C:/Users/Leo/AppData/Local/Temp/UnrealXGEWorkingDir/
[2025.08.21-15.48.12:630][  0]LogXGEController: Cannot use XGE Controller as Incredibuild is not installed on this machine.
[2025.08.21-15.48.12:630][  0]LogShaderCompilers: Cannot use XGE Shader Compiler as Incredibuild is not installed on this machine.
[2025.08.21-15.48.12:630][  0]LogShaderCompilers: Display: Using Local Shader Compiler.
[2025.08.21-15.48.13:198][  0]LogDerivedDataCache: Display: Max Cache Size: 512 MB
[2025.08.21-15.48.13:236][  0]LogDerivedDataCache: Loaded boot cache 0.04s 71MB C:/Users/Leo/AppData/Local/UnrealEngine/4.20/DerivedDataCache/Boot.ddc.
[2025.08.21-15.48.13:237][  0]LogDerivedDataCache: Display: Loaded Boot cache: C:/Users/Leo/AppData/Local/UnrealEngine/4.20/DerivedDataCache/Boot.ddc
[2025.08.21-15.48.13:237][  0]LogDerivedDataCache: FDerivedDataBackendGraph:  Pak pak cache file ../../../../../../Leo/Crystal Cavern v1.0/CrystalCavern/CrystalCavern/DerivedDataCache/DDC.ddp not found, will not use a pak cache.
[2025.08.21-15.48.13:237][  0]LogDerivedDataCache: Unable to find inner node Pak for hierarchical cache Hierarchy.
[2025.08.21-15.48.13:237][  0]LogDerivedDataCache: FDerivedDataBackendGraph:  CompressedPak pak cache file ../../../../../../Leo/Crystal Cavern v1.0/CrystalCavern/CrystalCavern/DerivedDataCache/Compressed.ddp not found, will not use a pak cache.
[2025.08.21-15.48.13:237][  0]LogDerivedDataCache: Unable to find inner node CompressedPak for hierarchical cache Hierarchy.
[2025.08.21-15.48.13:247][  0]LogDerivedDataCache: Display: Pak cache opened for reading ../../../Engine/DerivedDataCache/Compressed.ddp.
[2025.08.21-15.48.13:259][  0]LogDerivedDataCache: Using Local data cache path C:/Users/Leo/AppData/Local/UnrealEngine/Common/DerivedDataCache: Writable
[2025.08.21-15.48.13:259][  0]LogDerivedDataCache: Shared data cache path not found in *engine.ini, will not use an Shared cache.
[2025.08.21-15.48.13:259][  0]LogDerivedDataCache: Unable to find inner node Shared for hierarchical cache Hierarchy.
[2025.08.21-15.48.13:274][  0]LogMaterial: Verifying Global Shaders for PCD3D_SM5
[2025.08.21-15.48.13:275][  0]LogSlate: Using FreeType 2.6.0
[2025.08.21-15.48.13:275][  0]LogSlate: SlateFontServices - WITH_FREETYPE: 1, WITH_HARFBUZZ: 1
[2025.08.21-15.48.13:334][  0]LogAssetRegistry: FAssetRegistry took 0.0254 seconds to start up
[2025.08.21-15.48.13:571][  0]LogInit: Selected Device Profile: [Windows]
[2025.08.21-15.48.13:662][  0]LogSimplygon: Simplygon DLL not present - disabling.
[2025.08.21-15.48.13:665][  0]LogMeshReduction: Using SimplygonSwarm for distributed automatic mesh merging
[2025.08.21-15.48.13:665][  0]LogMeshReduction: Using ProxyLODMeshReduction for automatic mesh merging
[2025.08.21-15.48.13:665][  0]LogMeshReduction: Using QuadricMeshReduction for automatic static mesh reduction
[2025.08.21-15.48.13:665][  0]LogMeshReduction: No automatic skeletal mesh reduction module available
[2025.08.21-15.48.13:678][  0]LogNetVersion: CrystalCavern 1.0.0, NetCL: 4212847, EngineNetVer: 5, GameNetVer: 0 (Checksum: 1954901415)
[2025.08.21-15.48.14:046][  0]LogPackageLocalizationCache: Processed 11 localized package path(s) for 2 prioritized culture(s) in 0.070139 seconds
[2025.08.21-15.48.14:052][  0]LogUObjectArray: 38425 objects as part of root set at end of initial load.
[2025.08.21-15.48.14:052][  0]LogUObjectAllocator: 6690872 out of 0 bytes used by permanent object pool.
[2025.08.21-15.48.14:052][  0]LogUObjectArray: CloseDisregardForGC: 0/0 objects in disregard for GC pool
[2025.08.21-15.48.14:641][  0]LogTcpMessaging: Initializing TcpMessaging bridge
[2025.08.21-15.48.14:654][  0]LogUdpMessaging: Initializing bridge on interface 0.0.0.0:0 to multicast group 230.0.0.1:6666.
[2025.08.21-15.48.14:768][  0]SourceControl: Source control is disabled
[2025.08.21-15.48.14:768][  0]SourceControl: Source control is disabled
[2025.08.21-15.48.14:769][  0]SourceControl: Source control is disabled
[2025.08.21-15.48.14:769][  0]SourceControl: Source control is disabled
[2025.08.21-15.48.14:909][  0]LogAndroidPermission: UAndroidPermissionCallbackProxy::GetInstance
[2025.08.21-15.48.14:939][  0]LogOcInput: OculusInput pre-init called
[2025.08.21-15.48.14:984][  0]LogEngine: Initializing Engine...
[2025.08.21-15.48.14:985][  0]LogHMD: Failed to initialize OpenVR with code 110
[2025.08.21-15.48.14:986][  0]LogStats: UGameplayTagsManager::ConstructGameplayTagTree: ImportINI prefixes -  0.000 s
[2025.08.21-15.48.14:986][  0]LogStats: UGameplayTagsManager::ConstructGameplayTagTree: Construct from data asset -  0.000 s
[2025.08.21-15.48.14:986][  0]LogStats: UGameplayTagsManager::ConstructGameplayTagTree: ImportINI -  0.000 s
[2025.08.21-15.48.14:986][  0]LogStats: UGameplayTagsManager::ConstructGameplayTagTree: GameplayTagTreeChangedEvent.Broadcast -  0.000 s
[2025.08.21-15.48.15:128][  0]LogInit: Initializing FReadOnlyCVARCache
[2025.08.21-15.48.15:140][  0]LogAIModule: Creating AISystem for world Untitled
[2025.08.21-15.48.15:146][  0]LogInit: XAudio2 using 'Speakers (Realtek(R) Audio)' : 2 channels at 48 kHz using 32 bits per sample (channel mask 0x3)
[2025.08.21-15.48.15:153][  0]LogInit: FAudioDevice initialized.
[2025.08.21-15.48.15:153][  0]LogNetVersion: Set ProjectVersion to 1.0.0.0. Version Checksum will be recalculated on next use.
[2025.08.21-15.48.15:186][  0]LogDerivedDataCache: Saved boot cache 0.03s 71MB C:/Users/Leo/AppData/Local/UnrealEngine/4.20/DerivedDataCache/Boot.ddc.
[2025.08.21-15.48.15:189][  0]LogInit: Texture streaming: Enabled
[2025.08.21-15.48.15:201][  0]LogEngineSessionManager: EngineSessionManager initialized
[2025.08.21-15.48.15:212][  0]LogInit: Transaction tracking system initialized
[2025.08.21-15.48.15:236][  0]BlueprintLog: New page: Editor Load
[2025.08.21-15.48.15:294][  0]LocalizationService: Localization service is disabled
[2025.08.21-15.48.15:524][  0]LogCook: Display: Max memory allowance for cook 16384mb min free memory 0mb
[2025.08.21-15.48.15:524][  0]LogCook: Display: Mobile HDR setting 1
[2025.08.21-15.48.15:524][  0]LogGameplayTags: Display: UGameplayTagsManager::DoneAddingNativeTags. DelegateIsBound: 0
[2025.08.21-15.48.15:524][  0]LogStats: UGameplayTagsManager::ConstructGameplayTagTree: ImportINI prefixes -  0.000 s
[2025.08.21-15.48.15:524][  0]LogStats: UGameplayTagsManager::ConstructGameplayTagTree: Construct from data asset -  0.000 s
[2025.08.21-15.48.15:524][  0]LogStats: UGameplayTagsManager::ConstructGameplayTagTree: ImportINI -  0.000 s
[2025.08.21-15.48.15:524][  0]LogStats: UGameplayTagsManager::ConstructGameplayTagTree: GameplayTagTreeChangedEvent.Broadcast -  0.000 s
[2025.08.21-15.48.15:616][  0]LogFileCache: Scanning file cache for directory 'C:/Leo/Crystal Cavern v1.0/CrystalCavern/CrystalCavern/Content/' took 0.01s
[2025.08.21-15.48.15:616][  0]SourceControl: Source control is disabled
[2025.08.21-15.48.15:617][  0]Cmd: MAP LOAD FILE="../../../../../../Leo/Crystal Cavern v1.0/CrystalCavern/CrystalCavern/Content/StarterContent/Levels/Level01.umap" TEMPLATE=0 SHOWPROGRESS=1 FEATURELEVEL=3
[2025.08.21-15.48.15:617][  0]LogEditorServer: Warning: Can't find file '../../../../../../Leo/Crystal Cavern v1.0/CrystalCavern/CrystalCavern/Content/StarterContent/Levels/Level01.umap'
[2025.08.21-15.48.15:617][  0]Cmd: MAP CHECKDEP NOCLEARLOG
[2025.08.21-15.48.15:657][  0]MapCheck: Map check complete: 0 Error(s), 0 Warning(s), took 40,06ms to complete.
[2025.08.21-15.48.15:657][  0]LogFileHelpers: Loading map 'Level01' took 0.040
[2025.08.21-15.48.15:733][  0]LogSlate: Updating window title bar state: overlay mode, drag disabled, window buttons hidden, title bar hidden
[2025.08.21-15.48.15:739][  0]LogSlate: Updating window title bar state: overlay mode, drag disabled, window buttons hidden, title bar hidden
[2025.08.21-15.48.15:744][  0]LogSlate: Updating window title bar state: overlay mode, drag disabled, window buttons hidden, title bar hidden
[2025.08.21-15.48.15:750][  0]LogSlate: Updating window title bar state: overlay mode, drag disabled, window buttons hidden, title bar hidden
[2025.08.21-15.48.15:754][  0]LogCollectionManager: Loaded 0 collections in 0.001043 seconds
[2025.08.21-15.48.15:793][  0]LogFileCache: Scanning file cache for directory 'C:/Leo/Crystal Cavern v1.0/CrystalCavern/CrystalCavern/Saved/Collections/' took 0.01s
[2025.08.21-15.48.15:793][  0]LogFileCache: Scanning file cache for directory 'C:/Leo/Crystal Cavern v1.0/CrystalCavern/CrystalCavern/Content/Developers/Leo/Collections/' took 0.01s
[2025.08.21-15.48.15:793][  0]LogFileCache: Scanning file cache for directory 'C:/Leo/Crystal Cavern v1.0/CrystalCavern/CrystalCavern/Content/Collections/' took 0.01s
[2025.08.21-15.48.15:793][  0]LogCollectionManager: Rebuilt the GUID cache for 0 collections in 0.000001 seconds
[2025.08.21-15.48.15:800][  0]LogContentBrowser: Native class hierarchy populated in 0.0071 seconds. Added 2572 classes and 603 folders.
[2025.08.21-15.48.15:804][  0]LogContentBrowser: Native class hierarchy updated for 'WidgetCarousel' in 0.0002 seconds. Added 0 classes and 0 folders.
[2025.08.21-15.48.15:830][  0]LogContentBrowser: Native class hierarchy updated for 'AddContentDialog' in 0.0002 seconds. Added 0 classes and 0 folders.
[2025.08.21-15.48.15:835][  0]LogContentBrowser: Native class hierarchy updated for 'SceneOutliner' in 0.0002 seconds. Added 1 classes and 2 folders.
[2025.08.21-15.48.15:846][  0]LogSlate: Took 0.000176 seconds to synchronously load lazily loaded font '../../../Engine/Content/Slate/Fonts/Roboto-Regular.ttf' (155K)
[2025.08.21-15.48.15:850][  0]LogSlate: Took 0.000398 seconds to synchronously load lazily loaded font '../../../Engine/Content/Slate/Fonts/Roboto-Bold.ttf' (160K)
[2025.08.21-15.48.15:852][  0]LogSlate: Took 0.000265 seconds to synchronously load lazily loaded font '../../../Engine/Content/Editor/Slate/Fonts/FontAwesome.ttf' (139K)
[2025.08.21-15.48.15:896][  0]LogRenderer: Reallocating scene render targets to support 1152x428 Format 10 NumSamples 1 (Frame:1).
[2025.08.21-15.48.16:008][  0]LogContentBrowser: Native class hierarchy updated for 'HierarchicalLODOutliner' in 0.0004 seconds. Added 0 classes and 0 folders.
[2025.08.21-15.48.16:008][  0]LogLoad: (Engine Initialization) Total time: 5.91 seconds
[2025.08.21-15.48.16:008][  0]LogLoad: (Engine Initialization) Total Blueprint compile time: 0.00 seconds
[2025.08.21-15.48.16:043][  0]LogAssetRegistry: Asset discovery search completed in 2.7313 seconds
[2025.08.21-15.48.16:044][  0]LogCollectionManager: Rebuilt the object cache for 0 collections in 0.000001 seconds (found 0 objects)
[2025.08.21-15.48.16:044][  0]LogCollectionManager: Fixed up redirectors for 0 collections in 0.000067 seconds (updated 0 objects)
[2025.08.21-15.48.16:046][  0]LogContentStreaming: Texture pool size now 1000 MB
[2025.08.21-15.48.16:426][  0]LogSlate: Took 0.000228 seconds to synchronously load lazily loaded font '../../../Engine/Content/Slate/Fonts/Roboto-Light.ttf' (167K)
[2025.08.21-15.48.17:650][ 32]LogSlate: Took 0.000201 seconds to synchronously load lazily loaded font '../../../Engine/Content/Slate/Fonts/Roboto-Light.ttf' (167K)
[2025.08.21-15.48.18:526][ 66]LogSlate: FSceneViewport::OnFocusLost() reason 0
[2025.08.21-15.48.22:329][272]LogAIModule: Creating AISystem for world Level01
[2025.08.21-15.48.22:337][272]LogAssetEditorManager: Opening Asset editor for World /Game/Levels/Level01.Level01
[2025.08.21-15.48.22:361][272]Cmd: MAP LOAD FILE="../../../../../../Leo/Crystal Cavern v1.0/CrystalCavern/CrystalCavern/Content/Levels/Level01.umap" TEMPLATE=0 SHOWPROGRESS=1 FEATURELEVEL=3
[2025.08.21-15.48.22:361][272]LightingResults: New page: Lighting Build
[2025.08.21-15.48.22:363][272]LogContentBrowser: Native class hierarchy updated for 'StatsViewer' in 0.0002 seconds. Added 5 classes and 0 folders.
[2025.08.21-15.48.22:363][272]LoadErrors: New page: Loading map: Level01.umap
[2025.08.21-15.48.22:364][272]MapCheck: New page: Map Check
[2025.08.21-15.48.22:364][272]LightingResults: New page: Lighting Build
[2025.08.21-15.48.22:387][272]LogEditorServer: Finished looking for orphan Actors (0.000 secs)
[2025.08.21-15.48.22:425][272]Cmd: MAP CHECKDEP NOCLEARLOG
[2025.08.21-15.48.22:472][272]MapCheck: Map check complete: 0 Error(s), 0 Warning(s), took 47,212ms to complete.
[2025.08.21-15.48.22:472][272]LogFileHelpers: Loading map 'Level01' took 0.112
[2025.08.21-15.48.23:224][295]LogTemp: Repeating last play command: Selected Viewport
[2025.08.21-15.48.23:233][295]LogBlueprintUserMessages: Early PlayInEditor Detection: Level '/Game/Levels/Level01.Level01:PersistentLevel' has LevelScriptBlueprint '/Game/Levels/Level01.Level01:PersistentLevel.Level01' with GeneratedClass '/Game/Levels/Level01.Level01_C' with ClassGeneratedBy '/Game/Levels/Level01.Level01:PersistentLevel.Level01'
[2025.08.21-15.48.23:233][295]LogPlayLevel: PlayLevel: No blueprints needed recompiling
[2025.08.21-15.48.23:247][295]PIE: New page: PIE session: Level01 (21/8/2025 9:48:23)
[2025.08.21-15.48.23:247][295]LogPlayLevel: Creating play world package: /Game/Levels/UEDPIE_0_Level01
[2025.08.21-15.48.23:252][295]LogPlayLevel: PIE: StaticDuplicateObject took: (0.005120s)
[2025.08.21-15.48.23:252][295]LogAIModule: Creating AISystem for world Level01
[2025.08.21-15.48.23:253][295]LogPlayLevel: PIE: World Init took: (0.000541s)
[2025.08.21-15.48.23:253][295]LogPlayLevel: PIE: Created PIE world by copying editor world from /Game/Levels/Level01.Level01 to /Game/Levels/UEDPIE_0_Level01.Level01 (0.005759s)
[2025.08.21-15.48.23:277][295]LogInit: XAudio2 using 'Speakers (Realtek(R) Audio)' : 2 channels at 48 kHz using 32 bits per sample (channel mask 0x3)
[2025.08.21-15.48.23:281][295]LogInit: FAudioDevice initialized.
[2025.08.21-15.48.23:324][295]LogLoad: Game class is 'BP_Game_Mode_C'
[2025.08.21-15.48.23:326][295]LogWorld: Bringing World /Game/Levels/UEDPIE_0_Level01.Level01 up for play (max tick rate 60) at 2025.08.21-12.48.23
[2025.08.21-15.48.23:327][295]LogWorld: Bringing up level for play took: 0.002401
[2025.08.21-15.48.23:344][295]LogContentBrowser: Native class hierarchy updated for 'MovieSceneCapture' in 0.0002 seconds. Added 10 classes and 0 folders.
[2025.08.21-15.48.23:345][295]PIE: Play in editor start time for /Game/Levels/UEDPIE_0_Level01 0,123
[2025.08.21-15.48.23:345][295]LogBlueprintUserMessages: Late PlayInEditor Detection: Level '/Game/Levels/Level01.Level01:PersistentLevel' has LevelScriptBlueprint '/Game/Levels/Level01.Level01:PersistentLevel.Level01' with GeneratedClass '/Game/Levels/Level01.Level01_C' with ClassGeneratedBy '/Game/Levels/Level01.Level01:PersistentLevel.Level01'
[2025.08.21-15.48.29:653][488]LogNet: Browse: /Game/Levels/Level01
[2025.08.21-15.48.29:687][488]LogLoad: LoadMap: /Game/Levels/Level01
[2025.08.21-15.48.29:713][488]LogPlayLevel: Creating play world package: /Game/Levels/UEDPIE_0_Level01
[2025.08.21-15.48.29:720][488]LogPlayLevel: PIE: StaticDuplicateObject took: (0.007313s)
[2025.08.21-15.48.29:721][488]LogAIModule: Creating AISystem for world Level01
[2025.08.21-15.48.29:721][488]LogPlayLevel: PIE: World Init took: (0.000708s)
[2025.08.21-15.48.29:721][488]LogPlayLevel: PIE: Created PIE world by copying editor world from /Game/Levels/Level01.Level01 to /Game/Levels/UEDPIE_0_Level01.Level01 (0.008203s)
[2025.08.21-15.48.29:721][488]LogLoad: Game class is 'BP_Game_Mode_C'
[2025.08.21-15.48.29:724][488]LogWorld: Bringing World /Game/Levels/UEDPIE_0_Level01.Level01 up for play (max tick rate 60) at 2025.08.21-12.48.29
[2025.08.21-15.48.29:724][488]LogWorld: Bringing up level for play took: 0.001419
[2025.08.21-15.48.29:725][488]LogLoad: Took 0.037404 seconds to LoadMap(/Game/Levels/UEDPIE_0_Level01)
[2025.08.21-15.48.31:240][536]LogBlueprintUserMessages: Early EndPlayMap Detection: Level '/Game/Levels/Level01.Level01:PersistentLevel' has LevelScriptBlueprint '/Game/Levels/Level01.Level01:PersistentLevel.Level01' with GeneratedClass '/Game/Levels/Level01.Level01_C' with ClassGeneratedBy '/Game/Levels/Level01.Level01:PersistentLevel.Level01'
[2025.08.21-15.48.31:240][536]LogSlate: Updating window title bar state: overlay mode, drag disabled, window buttons hidden, title bar hidden
[2025.08.21-15.48.31:295][536]LogPlayLevel: Display: Shutting down PIE online subsystems
[2025.08.21-15.48.31:295][536]LogBlueprintUserMessages: Late EndPlayMap Detection: Level '/Game/Levels/Level01.Level01:PersistentLevel' has LevelScriptBlueprint '/Game/Levels/Level01.Level01:PersistentLevel.Level01' with GeneratedClass '/Game/Levels/Level01.Level01_C' with ClassGeneratedBy '/Game/Levels/Level01.Level01:PersistentLevel.Level01'
[2025.08.21-15.48.31:317][536]LogSlate: Updating window title bar state: overlay mode, drag disabled, window buttons hidden, title bar hidden
[2025.08.21-15.48.31:373][538]LogPlayLevel: Display: Destroying online subsystem :Context_1
[2025.08.21-15.48.32:544][573]LogEditorViewport: Clicking on Actor (LMB): BP_Crystal_C (BP_Crystal)
[2025.08.21-15.48.34:133][616]LogSlate: FSceneViewport::OnFocusLost() reason 0
[2025.08.21-15.48.39:380][716]LogAssetEditorManager: Opening Asset editor for Blueprint /Game/Blueprints/Actors/BP_Crystal.BP_Crystal
[2025.08.21-15.48.39:737][716]LogContentBrowser: Native class hierarchy updated for 'BlueprintGraph' in 0.0005 seconds. Added 116 classes and 0 folders.
[2025.08.21-15.48.40:220][716]LogSlate: Took 0.000188 seconds to synchronously load lazily loaded font '../../../Engine/Content/Slate/Fonts/Roboto-BoldCondensed.ttf' (158K)
[2025.08.21-15.48.40:274][717]LogSlate: Took 0.000213 seconds to synchronously load lazily loaded font '../../../Engine/Content/Slate/Fonts/Roboto-Italic.ttf' (157K)
[2025.08.21-15.49.00:470][213]LogTemp: Repeating last play command: Selected Viewport
[2025.08.21-15.49.00:479][213]LogBlueprintUserMessages: Early PlayInEditor Detection: Level '/Game/Levels/Level01.Level01:PersistentLevel' has LevelScriptBlueprint '/Game/Levels/Level01.Level01:PersistentLevel.Level01' with GeneratedClass '/Game/Levels/Level01.Level01_C' with ClassGeneratedBy '/Game/Levels/Level01.Level01:PersistentLevel.Level01'
[2025.08.21-15.49.00:479][213]LogPlayLevel: PlayLevel: No blueprints needed recompiling
[2025.08.21-15.49.00:479][213]PIE: New page: PIE session: Level01 (21/8/2025 9:49:00)
[2025.08.21-15.49.00:479][213]LogPlayLevel: Creating play world package: /Game/Levels/UEDPIE_0_Level01
[2025.08.21-15.49.00:484][213]LogPlayLevel: PIE: StaticDuplicateObject took: (0.005481s)
[2025.08.21-15.49.00:485][213]LogAIModule: Creating AISystem for world Level01
[2025.08.21-15.49.00:485][213]LogPlayLevel: PIE: World Init took: (0.000866s)
[2025.08.21-15.49.00:485][213]LogPlayLevel: PIE: Created PIE world by copying editor world from /Game/Levels/Level01.Level01 to /Game/Levels/UEDPIE_0_Level01.Level01 (0.006460s)
[2025.08.21-15.49.00:518][213]LogInit: XAudio2 using 'Speakers (Realtek(R) Audio)' : 2 channels at 48 kHz using 32 bits per sample (channel mask 0x3)
[2025.08.21-15.49.00:522][213]LogInit: FAudioDevice initialized.
[2025.08.21-15.49.00:552][213]LogLoad: Game class is 'BP_Game_Mode_C'
[2025.08.21-15.49.00:554][213]LogWorld: Bringing World /Game/Levels/UEDPIE_0_Level01.Level01 up for play (max tick rate 60) at 2025.08.21-12.49.00
[2025.08.21-15.49.00:554][213]LogWorld: Bringing up level for play took: 0.001173
[2025.08.21-15.49.00:567][213]PIE: Play in editor start time for /Game/Levels/UEDPIE_0_Level01 -0,656
[2025.08.21-15.49.00:567][213]LogBlueprintUserMessages: Late PlayInEditor Detection: Level '/Game/Levels/Level01.Level01:PersistentLevel' has LevelScriptBlueprint '/Game/Levels/Level01.Level01:PersistentLevel.Level01' with GeneratedClass '/Game/Levels/Level01.Level01_C' with ClassGeneratedBy '/Game/Levels/Level01.Level01:PersistentLevel.Level01'
[2025.08.21-15.49.06:911][401]LogBlueprintUserMessages: Early EndPlayMap Detection: Level '/Game/Levels/Level01.Level01:PersistentLevel' has LevelScriptBlueprint '/Game/Levels/Level01.Level01:PersistentLevel.Level01' with GeneratedClass '/Game/Levels/Level01.Level01_C' with ClassGeneratedBy '/Game/Levels/Level01.Level01:PersistentLevel.Level01'
[2025.08.21-15.49.06:911][401]LogSlate: Updating window title bar state: overlay mode, drag disabled, window buttons hidden, title bar hidden
[2025.08.21-15.49.06:975][401]LogPlayLevel: Display: Shutting down PIE online subsystems
[2025.08.21-15.49.06:975][401]LogBlueprintUserMessages: Late EndPlayMap Detection: Level '/Game/Levels/Level01.Level01:PersistentLevel' has LevelScriptBlueprint '/Game/Levels/Level01.Level01:PersistentLevel.Level01' with GeneratedClass '/Game/Levels/Level01.Level01_C' with ClassGeneratedBy '/Game/Levels/Level01.Level01:PersistentLevel.Level01'
[2025.08.21-15.49.06:999][401]LogSlate: Updating window title bar state: overlay mode, drag disabled, window buttons hidden, title bar hidden
[2025.08.21-15.49.07:024][402]LogPlayLevel: Display: Destroying online subsystem :Context_7
[2025.08.21-15.49.11:041][501]LogSlate: FSceneViewport::OnFocusLost() reason 2
[2025.08.21-15.49.15:916][635]LogSlate: Window 'BP_Crystal' being destroyed
[2025.08.21-15.49.16:249][655]LogSlate: FSceneViewport::OnFocusLost() reason 0
[2025.08.21-15.49.19:700][737]LogAssetEditorManager: Opening Asset editor for Blueprint /Game/Blueprints/Libraries/CC_Macro_Library.CC_Macro_Library
[2025.08.21-15.49.27:448][183]LogSlate: Window 'CrystalCavern - Unreal Editor' being destroyed
[2025.08.21-15.49.27:603][184]Cmd: QUIT_EDITOR
[2025.08.21-15.49.28:347][184]LogWindowsTextInputMethodSystem: Display: IME system now deactivated.
[2025.08.21-15.49.28:354][184]LogExit: Preparing to exit.
[2025.08.21-15.49.28:729][184]LogExit: Editor shut down
[2025.08.21-15.49.28:729][184]LogExit: Transaction tracking system shut down
[2025.08.21-15.49.29:088][184]LogExit: Object subsystem successfully closed.
[2025.08.21-15.49.29:100][184]LogShaderCompilers: Display: Shaders left to compile 0
[2025.08.21-15.49.29:102][184]LogD3D11RHI: Shutdown
[2025.08.21-15.49.29:102][184]LogD3D11RHI: CleanupD3DDevice
[2025.08.21-15.49.29:109][184]LogD3D11RHI: ~FD3D11DynamicRHI
[2025.08.21-15.49.29:121][184]LogModuleManager: Shutting down and abandoning module BlueprintGraph (616)
[2025.08.21-15.49.29:121][184]LogModuleManager: Shutting down and abandoning module MovieSceneCapture (614)
[2025.08.21-15.49.29:121][184]LogModuleManager: Shutting down and abandoning module Voice (612)
[2025.08.21-15.49.29:121][184]LogModuleManager: Shutting down and abandoning module StatsViewer (610)
[2025.08.21-15.49.29:121][184]LogModuleManager: Shutting down and abandoning module HierarchicalLODOutliner (608)
[2025.08.21-15.49.29:121][184]LogModuleManager: Shutting down and abandoning module SceneOutliner (606)
[2025.08.21-15.49.29:121][184]LogModuleManager: Shutting down and abandoning module AddContentDialog (604)
[2025.08.21-15.49.29:122][184]LogModuleManager: Shutting down and abandoning module WidgetCarousel (603)
[2025.08.21-15.49.29:122][184]LogModuleManager: Shutting down and abandoning module EditorWidgets (600)
[2025.08.21-15.49.29:122][184]LogModuleManager: Shutting down and abandoning module CollectionManager (598)
[2025.08.21-15.49.29:122][184]LogModuleManager: Shutting down and abandoning module FoliageEdit (596)
[2025.08.21-15.49.29:122][184]LogModuleManager: Shutting down and abandoning module LandscapeEditor (594)
[2025.08.21-15.49.29:122][184]LogModuleManager: Shutting down and abandoning module MeshPaintMode (592)
[2025.08.21-15.49.29:122][184]LogModuleManager: Shutting down and abandoning module SceneDepthPickerMode (590)
[2025.08.21-15.49.29:122][184]LogModuleManager: Shutting down and abandoning module ActorPickerMode (588)
[2025.08.21-15.49.29:122][184]LogModuleManager: Shutting down and abandoning module GeometryMode (586)
[2025.08.21-15.49.29:122][184]LogModuleManager: Shutting down and abandoning module TextureAlignMode (584)
[2025.08.21-15.49.29:122][184]LogModuleManager: Shutting down and abandoning module BspMode (582)
[2025.08.21-15.49.29:122][184]LogModuleManager: Shutting down and abandoning module PIEPreviewDeviceProfileSelector (580)
[2025.08.21-15.49.29:122][184]LogModuleManager: Shutting down and abandoning module SequenceRecorderSections (578)
[2025.08.21-15.49.29:122][184]LogModuleManager: Shutting down and abandoning module AutomationWorker (576)
[2025.08.21-15.49.29:122][184]LogModuleManager: Shutting down and abandoning module AudioCaptureEditor (574)
[2025.08.21-15.49.29:122][184]LogModuleManager: Shutting down and abandoning module SequenceRecorder (573)
[2025.08.21-15.49.29:122][184]LogModuleManager: Shutting down and abandoning module MatineeToLevelSequence (570)
[2025.08.21-15.49.29:122][184]LogModuleManager: Shutting down and abandoning module LevelSequenceEditor (568)
[2025.08.21-15.49.29:122][184]LogModuleManager: Shutting down and abandoning module PlacementMode (567)
[2025.08.21-15.49.29:122][184]LogModuleManager: Shutting down and abandoning module MaterialEditor (566)
[2025.08.21-15.49.29:122][184]LogModuleManager: Shutting down and abandoning module WmfMediaFactory (562)
[2025.08.21-15.49.29:122][184]LogModuleManager: Shutting down and abandoning module WmfMediaEditor (560)
[2025.08.21-15.49.29:122][184]LogModuleManager: Shutting down and abandoning module MediaPlayerEditor (558)
[2025.08.21-15.49.29:122][184]LogModuleManager: Shutting down and abandoning module OpenExrWrapper (556)
[2025.08.21-15.49.29:122][184]LogModuleManager: Shutting down and abandoning module ImgMediaFactory (554)
[2025.08.21-15.49.29:122][184]LogModuleManager: Shutting down and abandoning module ImgMediaEditor (552)
[2025.08.21-15.49.29:122][184]LogModuleManager: Shutting down and abandoning module AvfMediaFactory (550)
[2025.08.21-15.49.29:122][184]LogModuleManager: Shutting down and abandoning module AvfMediaEditor (548)
[2025.08.21-15.49.29:122][184]LogModuleManager: Shutting down and abandoning module AndroidMediaFactory (546)
[2025.08.21-15.49.29:122][184]LogModuleManager: Shutting down and abandoning module AndroidMediaEditor (544)
[2025.08.21-15.49.29:122][184]LogModuleManager: Shutting down and abandoning module MagicLeapCameraPreviewFactory (542)
[2025.08.21-15.49.29:122][184]LogModuleManager: Shutting down and abandoning module MagicLeapMediaFactory (540)
[2025.08.21-15.49.29:122][184]LogModuleManager: Shutting down and abandoning module MagicLeapMediaEditor (538)
[2025.08.21-15.49.29:122][184]LogModuleManager: Shutting down and abandoning module CharacterAI (536)
[2025.08.21-15.49.29:122][184]LogModuleManager: Shutting down and abandoning module SmartSnapping (534)
[2025.08.21-15.49.29:122][184]LogModuleManager: Shutting down and abandoning module SessionServices (532)
[2025.08.21-15.49.29:122][184]LogModuleManager: Shutting down and abandoning module ViewportSnapping (530)
[2025.08.21-15.49.29:122][184]LogModuleManager: Shutting down and abandoning module ViewportInteraction (528)
[2025.08.21-15.49.29:122][184]LogModuleManager: Shutting down and abandoning module ClothPainter (526)
[2025.08.21-15.49.29:122][184]LogModuleManager: Shutting down and abandoning module SkeletalMeshEditor (525)
[2025.08.21-15.49.29:122][184]LogModuleManager: Shutting down and abandoning module LogVisualizer (522)
[2025.08.21-15.49.29:123][184]LogModuleManager: Shutting down and abandoning module IntroTutorials (520)
[2025.08.21-15.49.29:123][184]LogModuleManager: Shutting down and abandoning module GameProjectGeneration (519)
[2025.08.21-15.49.29:123][184]LogModuleManager: Shutting down and abandoning module LuminPlatformEditor (516)
[2025.08.21-15.49.29:123][184]LogModuleManager: Shutting down and abandoning module IOSPlatformEditor (514)
[2025.08.21-15.49.29:123][184]LogModuleManager: Shutting down and abandoning module HTML5PlatformEditor (512)
[2025.08.21-15.49.29:123][184]LogModuleManager: Shutting down and abandoning module AndroidPlatformEditor (510)
[2025.08.21-15.49.29:123][184]LogModuleManager: Shutting down and abandoning module AndroidDeviceDetection (509)
[2025.08.21-15.49.29:389][184]LogModuleManager: Shutting down and abandoning module WindowsPlatformEditor (506)
[2025.08.21-15.49.29:389][184]LogModuleManager: Shutting down and abandoning module LuminRuntimeSettings (504)
[2025.08.21-15.49.29:389][184]LogModuleManager: Shutting down and abandoning module IOSRuntimeSettings (502)
[2025.08.21-15.49.29:389][184]LogModuleManager: Shutting down and abandoning module AndroidRuntimeSettings (500)
[2025.08.21-15.49.29:389][184]LogModuleManager: Shutting down and abandoning module InputBindingEditor (498)
[2025.08.21-15.49.29:389][184]LogModuleManager: Shutting down and abandoning module MergeActors (496)
[2025.08.21-15.49.29:389][184]LogModuleManager: Shutting down and abandoning module LocalizationDashboard (494)
[2025.08.21-15.49.29:389][184]LogModuleManager: Shutting down and abandoning module LocalizationService (493)
[2025.08.21-15.49.29:389][184]LogModuleManager: Shutting down and abandoning module HardwareTargeting (490)
[2025.08.21-15.49.29:389][184]LogModuleManager: Shutting down and abandoning module DeviceProfileEditor (488)
[2025.08.21-15.49.29:389][184]LogModuleManager: Shutting down and abandoning module UndoHistory (486)
[2025.08.21-15.49.29:389][184]LogModuleManager: Shutting down and abandoning module XmlParser (484)
[2025.08.21-15.49.29:389][184]LogModuleManager: Shutting down and abandoning module Blutility (482)
[2025.08.21-15.49.29:389][184]LogModuleManager: Shutting down and abandoning module ProjectSettingsViewer (480)
[2025.08.21-15.49.29:389][184]LogModuleManager: Shutting down and abandoning module ProjectTargetPlatformEditor (479)
[2025.08.21-15.49.29:389][184]LogModuleManager: Shutting down and abandoning module EditorSettingsViewer (476)
[2025.08.21-15.49.29:389][184]LogModuleManager: Shutting down and abandoning module SettingsEditor (474)
[2025.08.21-15.49.29:389][184]LogModuleManager: Shutting down and abandoning module ProjectLauncher (472)
[2025.08.21-15.49.29:389][184]LogModuleManager: Shutting down and abandoning module SessionFrontend (470)
[2025.08.21-15.49.29:389][184]LogModuleManager: Shutting down and abandoning module ProfilerClient (468)
[2025.08.21-15.49.29:389][184]LogModuleManager: Shutting down and abandoning module DeviceManager (466)
[2025.08.21-15.49.29:389][184]LogModuleManager: Shutting down and abandoning module TargetDeviceServices (465)
[2025.08.21-15.49.29:434][184]LogModuleManager: Shutting down and abandoning module AutomationController (462)
[2025.08.21-15.49.29:434][184]LogModuleManager: Shutting down and abandoning module AutomationWindow (460)
[2025.08.21-15.49.29:434][184]LogModuleManager: Shutting down and abandoning module Layers (458)
[2025.08.21-15.49.29:434][184]LogModuleManager: Shutting down and abandoning module ComponentVisualizers (456)
[2025.08.21-15.49.29:434][184]LogModuleManager: Shutting down and abandoning module DetailCustomizations (454)
[2025.08.21-15.49.29:434][184]LogModuleManager: Shutting down and abandoning module PackagesDialog (452)
[2025.08.21-15.49.29:434][184]LogModuleManager: Shutting down and abandoning module Persona (450)
[2025.08.21-15.49.29:434][184]LogModuleManager: Shutting down and abandoning module AdvancedPreviewScene (449)
[2025.08.21-15.49.29:434][184]LogModuleManager: Shutting down and abandoning module AnimGraph (447)
[2025.08.21-15.49.29:434][184]LogModuleManager: Shutting down and abandoning module Kismet (444)
[2025.08.21-15.49.29:437][184]LogModuleManager: Shutting down and abandoning module GraphEditor (442)
[2025.08.21-15.49.29:437][184]LogModuleManager: Shutting down and abandoning module ClassViewer (440)
[2025.08.21-15.49.29:437][184]LogModuleManager: Shutting down and abandoning module Toolbox (438)
[2025.08.21-15.49.29:437][184]LogModuleManager: Shutting down and abandoning module ModuleUI (436)
[2025.08.21-15.49.29:437][184]LogModuleManager: Shutting down and abandoning module MovieSceneTools (434)
[2025.08.21-15.49.29:437][184]LogModuleManager: Shutting down and abandoning module OutputLog (432)
[2025.08.21-15.49.29:437][184]LogModuleManager: Shutting down and abandoning module GammaUI (430)
[2025.08.21-15.49.29:437][184]LogModuleManager: Shutting down and abandoning module Documentation (428)
[2025.08.21-15.49.29:437][184]LogModuleManager: Shutting down and abandoning module MovieSceneTracks (426)
[2025.08.21-15.49.29:437][184]LogModuleManager: Shutting down and abandoning module MovieScene (424)
[2025.08.21-15.49.29:437][184]LogModuleManager: Shutting down and abandoning module StreamingPauseRendering (422)
[2025.08.21-15.49.29:437][184]LogModuleManager: Shutting down and abandoning module LauncherPlatform (420)
[2025.08.21-15.49.29:437][184]LogModuleManager: Shutting down and abandoning module AnalyticsET (418)
[2025.08.21-15.49.29:437][184]LogModuleManager: Shutting down and abandoning module PortalServices (416)
[2025.08.21-15.49.29:437][184]LogModuleManager: Shutting down and abandoning module PortalRpc (414)
[2025.08.21-15.49.29:437][184]LogModuleManager: Shutting down and abandoning module MessagingRpc (412)
[2025.08.21-15.49.29:437][184]LogModuleManager: Shutting down and abandoning module AIModule (410)
[2025.08.21-15.49.29:437][184]LogModuleManager: Shutting down and abandoning module GameplayDebugger (409)
[2025.08.21-15.49.29:437][184]LogModuleManager: Shutting down and abandoning module AITestSuite (407)
[2025.08.21-15.49.29:437][184]LogModuleManager: Shutting down and abandoning module NavigationSystem (405)
[2025.08.21-15.49.29:437][184]LogModuleManager: Shutting down and abandoning module DesktopPlatform (402)
[2025.08.21-15.49.29:437][184]LogModuleManager: Shutting down and abandoning module ProfilerService (400)
[2025.08.21-15.49.29:590][184]LogModuleManager: Shutting down and abandoning module TaskGraph (398)
[2025.08.21-15.49.29:590][184]LogModuleManager: Shutting down and abandoning module SteamVRController (396)
[2025.08.21-15.49.29:590][184]LogModuleManager: Shutting down and abandoning module ProceduralMeshComponentEditor (394)
[2025.08.21-15.49.29:590][184]LogModuleManager: Shutting down and abandoning module ProceduralMeshComponent (392)
[2025.08.21-15.49.29:590][184]LogModuleManager: Shutting down and abandoning module OculusInput (390)
[2025.08.21-15.49.29:590][184]LogModuleManager: Shutting down and abandoning module MobilePatchingUtils (388)
[2025.08.21-15.49.29:590][184]LogModuleManager: Shutting down and abandoning module EditableMesh (386)
[2025.08.21-15.49.29:590][184]LogModuleManager: Shutting down and abandoning module CustomMeshComponent (384)
[2025.08.21-15.49.29:590][184]LogModuleManager: Shutting down and abandoning module CableComponent (382)
[2025.08.21-15.49.29:590][184]LogModuleManager: Shutting down and abandoning module AudioCapture (380)
[2025.08.21-15.49.29:590][184]LogModuleManager: Shutting down and abandoning module ArchVisCharacter (378)
[2025.08.21-15.49.29:590][184]LogModuleManager: Shutting down and abandoning module AndroidPermission (376)
[2025.08.21-15.49.29:590][184]LogModuleManager: Shutting down and abandoning module NUTUnrealEngine4 (374)
[2025.08.21-15.49.29:590][184]LogModuleManager: Shutting down and abandoning module NetcodeUnitTest (372)
[2025.08.21-15.49.29:590][184]LogModuleManager: Shutting down and abandoning module MediaCompositingEditor (370)
[2025.08.21-15.49.29:590][184]LogModuleManager: Shutting down and abandoning module MediaCompositing (368)
[2025.08.21-15.49.29:590][184]LogModuleManager: Shutting down and abandoning module LinearTimecode (366)
[2025.08.21-15.49.29:590][184]LogModuleManager: Shutting down and abandoning module ImgMedia (364)
[2025.08.21-15.49.29:593][184]LogModuleManager: Shutting down and abandoning module HTML5Networking (362)
[2025.08.21-15.49.29:593][184]LogModuleManager: Shutting down and abandoning module GeometryCacheTracks (360)
[2025.08.21-15.49.29:593][184]LogModuleManager: Shutting down and abandoning module GeometryCacheSequencer (358)
[2025.08.21-15.49.29:593][184]LogModuleManager: Shutting down and abandoning module BackChannel (356)
[2025.08.21-15.49.29:593][184]LogModuleManager: Shutting down and abandoning module AppleVision (354)
[2025.08.21-15.49.29:593][184]LogModuleManager: Shutting down and abandoning module AppleImageUtils (352)
[2025.08.21-15.49.29:593][184]LogModuleManager: Shutting down and abandoning module AlembicImporter (350)
[2025.08.21-15.49.29:593][184]LogModuleManager: Shutting down and abandoning module AlembicLibrary (349)
[2025.08.21-15.49.29:593][184]LogModuleManager: Shutting down and abandoning module GeometryCache (348)
[2025.08.21-15.49.29:593][184]LogModuleManager: Shutting down and abandoning module GeometryCacheEd (347)
[2025.08.21-15.49.29:593][184]LogModuleManager: Shutting down and abandoning module DatasmithContentEditor (342)
[2025.08.21-15.49.29:593][184]LogModuleManager: Shutting down and abandoning module DatasmithContent (340)
[2025.08.21-15.49.29:593][184]LogModuleManager: Shutting down and abandoning module SpeedTreeImporter (338)
[2025.08.21-15.49.29:593][184]LogModuleManager: Shutting down and abandoning module PluginBrowser (336)
[2025.08.21-15.49.29:593][184]LogModuleManager: Shutting down and abandoning module MobileLauncherProfileWizard (334)
[2025.08.21-15.49.29:593][184]LogModuleManager: Shutting down and abandoning module PolygonModeling (332)
[2025.08.21-15.49.29:593][184]LogModuleManager: Shutting down and abandoning module MeshEditor (330)
[2025.08.21-15.49.29:593][184]LogModuleManager: Shutting down and abandoning module CryptoKeysOpenSSL (328)
[2025.08.21-15.49.29:593][184]LogModuleManager: Shutting down and abandoning module CryptoKeys (326)
[2025.08.21-15.49.29:593][184]LogModuleManager: Shutting down and abandoning module VisualStudioSourceCodeAccess (324)
[2025.08.21-15.49.29:593][184]LogModuleManager: Shutting down and abandoning module VisualStudioCodeSourceCodeAccess (322)
[2025.08.21-15.49.29:593][184]LogModuleManager: Shutting down and abandoning module UObjectPlugin (320)
[2025.08.21-15.49.29:593][184]LogModuleManager: Shutting down and abandoning module SubversionSourceControl (318)
[2025.08.21-15.49.29:593][184]LogModuleManager: Shutting down and abandoning module PerforceSourceControl (316)
[2025.08.21-15.49.29:593][184]LogModuleManager: Shutting down and abandoning module GitSourceControl (314)
[2025.08.21-15.49.29:594][184]LogModuleManager: Shutting down and abandoning module SourceControl (313)
[2025.08.21-15.49.29:594][184]LogModuleManager: Shutting down and abandoning module CLionSourceCodeAccess (310)
[2025.08.21-15.49.29:594][184]LogModuleManager: Shutting down and abandoning module LightPropagationVolumeEditor (308)
[2025.08.21-15.49.29:594][184]LogModuleManager: Shutting down and abandoning module PaperTiledImporter (306)
[2025.08.21-15.49.29:594][184]LogModuleManager: Shutting down and abandoning module PaperSpriteSheetImporter (304)
[2025.08.21-15.49.29:594][184]LogModuleManager: Shutting down and abandoning module Paper2DEditor (302)
[2025.08.21-15.49.29:594][184]LogModuleManager: Shutting down and abandoning module MeshPaint (301)
[2025.08.21-15.49.29:594][184]LogModuleManager: Shutting down and abandoning module RuntimePhysXCooking (298)
[2025.08.21-15.49.29:594][184]LogModuleManager: Shutting down and abandoning module PhysXVehiclesEditor (296)
[2025.08.21-15.49.29:594][184]LogModuleManager: Shutting down and abandoning module PhysXVehicles (294)
[2025.08.21-15.49.29:594][184]LogModuleManager: Shutting down and abandoning module OculusEditor (292)
[2025.08.21-15.49.29:594][184]LogModuleManager: Shutting down and abandoning module LocationServicesBPLibrary (290)
[2025.08.21-15.49.29:594][184]LogModuleManager: Shutting down and abandoning module ImmediatePhysicsEditor (288)
[2025.08.21-15.49.29:594][184]LogModuleManager: Shutting down and abandoning module ImmediatePhysics (286)
[2025.08.21-15.49.29:594][184]LogModuleManager: Shutting down and abandoning module ActorSequence (284)
[2025.08.21-15.49.29:594][184]LogModuleManager: Shutting down and abandoning module UdpMessaging (282)
[2025.08.21-15.49.29:695][184]LogModuleManager: Shutting down and abandoning module TcpMessaging (280)
[2025.08.21-15.49.29:795][184]LogModuleManager: Shutting down and abandoning module MagicLeapAudio (278)
[2025.08.21-15.49.29:795][184]LogModuleManager: Shutting down and abandoning module GameplayTagsEditor (276)
[2025.08.21-15.49.29:795][184]LogModuleManager: Shutting down and abandoning module FacialAnimationEditor (274)
[2025.08.21-15.49.29:795][184]LogModuleManager: Shutting down and abandoning module FacialAnimation (272)
[2025.08.21-15.49.29:795][184]LogModuleManager: Shutting down and abandoning module DataValidation (270)
[2025.08.21-15.49.29:795][184]LogModuleManager: Shutting down and abandoning module AssetManagerEditor (268)
[2025.08.21-15.49.29:795][184]LogModuleManager: Shutting down and abandoning module LevelEditor (267)
[2025.08.21-15.49.29:795][184]LogModuleManager: Shutting down and abandoning module PixelInspectorModule (266)
[2025.08.21-15.49.29:795][184]LogModuleManager: Shutting down and abandoning module CommonMenuExtensions (264)
[2025.08.21-15.49.29:795][184]LogModuleManager: Shutting down and abandoning module MainFrame (262)
[2025.08.21-15.49.29:795][184]LogModuleManager: Shutting down and abandoning module HotReload (261)
[2025.08.21-15.49.29:796][184]LogModuleManager: Shutting down and abandoning module ContentBrowser (257)
[2025.08.21-15.49.29:796][184]LogModuleManager: Shutting down and abandoning module TreeMap (255)
[2025.08.21-15.49.29:796][184]LogModuleManager: Shutting down and abandoning module LightPropagationVolumeRuntime (252)
[2025.08.21-15.49.29:796][184]LogModuleManager: Shutting down and abandoning module AISupportModule (250)
[2025.08.21-15.49.29:796][184]LogModuleManager: Shutting down and abandoning module Paper2D (248)
[2025.08.21-15.49.29:796][184]LogModuleManager: Shutting down and abandoning module WindowsMoviePlayer (246)
[2025.08.21-15.49.29:796][184]LogModuleManager: Shutting down and abandoning module WmfMedia (244)
[2025.08.21-15.49.29:798][184]LogModuleManager: Shutting down and abandoning module Media (243)
[2025.08.21-15.49.29:803][184]LogModuleManager: Shutting down and abandoning module PacketHandler (240)
[2025.08.21-15.49.29:803][184]LogModuleManager: Shutting down and abandoning module ClothingSystemEditor (238)
[2025.08.21-15.49.29:803][184]LogModuleManager: Shutting down and abandoning module ClothingSystemRuntime (236)
[2025.08.21-15.49.29:803][184]LogModuleManager: Shutting down and abandoning module MediaAssets (234)
[2025.08.21-15.49.29:803][184]LogModuleManager: Shutting down and abandoning module Overlay (232)
[2025.08.21-15.49.29:803][184]LogModuleManager: Shutting down and abandoning module OverlayEditor (231)
[2025.08.21-15.49.29:803][184]LogModuleManager: Shutting down and abandoning module VREditor (228)
[2025.08.21-15.49.29:803][184]LogModuleManager: Shutting down and abandoning module StringTableEditor (226)
[2025.08.21-15.49.29:803][184]LogModuleManager: Shutting down and abandoning module GameplayTasksEditor (224)
[2025.08.21-15.49.29:803][184]LogModuleManager: Shutting down and abandoning module BehaviorTreeEditor (222)
[2025.08.21-15.49.29:803][184]LogModuleManager: Shutting down and abandoning module FunctionalTesting (220)
[2025.08.21-15.49.29:803][184]LogModuleManager: Shutting down and abandoning module CollisionAnalyzer (218)
[2025.08.21-15.49.29:803][184]LogModuleManager: Shutting down and abandoning module WorkspaceMenuStructure (217)
[2025.08.21-15.49.29:803][184]LogModuleManager: Shutting down and abandoning module UMG (214)
[2025.08.21-15.49.29:803][184]LogModuleManager: Shutting down and abandoning module UMGEditor (213)
[2025.08.21-15.49.29:803][184]LogModuleManager: Shutting down and abandoning module Sequencer (212)
[2025.08.21-15.49.29:803][184]LogModuleManager: Shutting down and abandoning module MessageLog (209)
[2025.08.21-15.49.29:803][184]LogModuleManager: Shutting down and abandoning module SlateReflector (204)
[2025.08.21-15.49.29:803][184]LogModuleManager: Shutting down and abandoning module Slate (202)
[2025.08.21-15.49.29:803][184]LogModuleManager: Shutting down and abandoning module EditorStyle (200)
[2025.08.21-15.49.29:804][184]LogModuleManager: Shutting down and abandoning module MRMesh (198)
[2025.08.21-15.49.29:804][184]LogModuleManager: Shutting down and abandoning module SourceCodeAccess (196)
[2025.08.21-15.49.29:804][184]LogModuleManager: Shutting down and abandoning module HeadMountedDisplay (194)
[2025.08.21-15.49.29:804][184]LogModuleManager: Shutting down and abandoning module XAudio2 (192)
[2025.08.21-15.49.29:804][184]LogModuleManager: Shutting down and abandoning module Networking (190)
[2025.08.21-15.49.29:804][184]LogModuleManager: Shutting down and abandoning module Core (188)
[2025.08.21-15.49.29:804][184]LogModuleManager: Shutting down and abandoning module LevelSequence (186)
[2025.08.21-15.49.29:804][184]LogModuleManager: Shutting down and abandoning module KismetCompiler (184)
[2025.08.21-15.49.29:804][184]LogModuleManager: Shutting down and abandoning module MeshUtilities (182)
[2025.08.21-15.49.29:804][184]LogModuleManager: Shutting down and abandoning module MeshMergeUtilities (181)
[2025.08.21-15.49.29:804][184]LogModuleManager: Shutting down and abandoning module MeshReductionInterface (180)
[2025.08.21-15.49.29:805][184]LogModuleManager: Shutting down and abandoning module SimplygonSwarm (179)
[2025.08.21-15.49.29:805][184]LogModuleManager: Shutting down and abandoning module ProxyLODMeshReduction (177)
[2025.08.21-15.49.29:805][184]LogModuleManager: Shutting down and abandoning module SimplygonMeshReduction (175)
[2025.08.21-15.49.29:805][184]LogModuleManager: Shutting down and abandoning module QuadricMeshReduction (173)
[2025.08.21-15.49.29:805][184]LogModuleManager: Shutting down and abandoning module MaterialBaking (169)
[2025.08.21-15.49.29:805][184]LogModuleManager: Shutting down and abandoning module DirectoryWatcher (165)
[2025.08.21-15.49.29:805][184]LogModuleManager: Shutting down and abandoning module DerivedDataCache (162)
[2025.08.21-15.49.29:833][184]LogDerivedDataCache: Shutdown
[2025.08.21-15.49.29:833][184]LogModuleManager: Shutting down and abandoning module XGEController (160)
[2025.08.21-15.49.29:833][184]LogXGEController: Cleaning working directory: C:/Users/Leo/AppData/Local/Temp/UnrealXGEWorkingDir/
[2025.08.21-15.49.29:833][184]LogModuleManager: Shutting down and abandoning module TargetPlatform (158)
[2025.08.21-15.49.29:833][184]LogModuleManager: Shutting down and abandoning module VulkanShaderFormat (157)
[2025.08.21-15.49.29:833][184]LogModuleManager: Shutting down and abandoning module ShaderFormatVectorVM (155)
[2025.08.21-15.49.29:834][184]LogModuleManager: Shutting down and abandoning module ShaderFormatOpenGL (153)
[2025.08.21-15.49.29:834][184]LogModuleManager: Shutting down and abandoning module ShaderFormatD3D (151)
[2025.08.21-15.49.29:834][184]LogModuleManager: Shutting down and abandoning module MetalShaderFormat (149)
[2025.08.21-15.49.29:834][184]LogModuleManager: Shutting down and abandoning module TextureFormatUncompressed (147)
[2025.08.21-15.49.29:834][184]LogModuleManager: Shutting down and abandoning module TextureFormatPVR (145)
[2025.08.21-15.49.29:834][184]LogModuleManager: Shutting down and abandoning module TextureFormatDXT (143)
[2025.08.21-15.49.29:834][184]LogModuleManager: Shutting down and abandoning module TextureFormatIntelISPCTexComp (141)
[2025.08.21-15.49.29:834][184]LogModuleManager: Shutting down and abandoning module TextureFormatASTC (139)
[2025.08.21-15.49.29:834][184]LogModuleManager: Shutting down and abandoning module ImageWrapper (138)
[2025.08.21-15.49.29:834][184]LogModuleManager: Shutting down and abandoning module TextureFormatAndroid (135)
[2025.08.21-15.49.29:834][184]LogModuleManager: Shutting down and abandoning module AudioFormatOpus (133)
[2025.08.21-15.49.29:834][184]LogModuleManager: Shutting down and abandoning module AudioFormatOgg (131)
[2025.08.21-15.49.29:834][184]LogModuleManager: Shutting down and abandoning module AudioFormatADPCM (129)
[2025.08.21-15.49.29:834][184]LogModuleManager: Shutting down and abandoning module LuminTargetPlatform (127)
[2025.08.21-15.49.29:834][184]LogModuleManager: Shutting down and abandoning module LinuxTargetPlatform (125)
[2025.08.21-15.49.29:834][184]LogModuleManager: Shutting down and abandoning module LinuxServerTargetPlatform (123)
[2025.08.21-15.49.29:834][184]LogModuleManager: Shutting down and abandoning module LinuxNoEditorTargetPlatform (121)
[2025.08.21-15.49.29:834][184]LogModuleManager: Shutting down and abandoning module LinuxClientTargetPlatform (119)
[2025.08.21-15.49.29:834][184]LogModuleManager: Shutting down and abandoning module TVOSTargetPlatform (117)
[2025.08.21-15.49.29:834][184]LogModuleManager: Shutting down and abandoning module Messaging (115)
[2025.08.21-15.49.29:834][184]LogModuleManager: Shutting down and abandoning module IOSTargetPlatform (113)
[2025.08.21-15.49.29:835][184]LogModuleManager: Shutting down and abandoning module HTML5TargetPlatform (111)
[2025.08.21-15.49.29:835][184]LogModuleManager: Shutting down and abandoning module AndroidTargetPlatform (109)
[2025.08.21-15.49.29:838][184]LogModuleManager: Shutting down and abandoning module WindowsTargetPlatform (107)
[2025.08.21-15.49.29:838][184]LogModuleManager: Shutting down and abandoning module WindowsServerTargetPlatform (105)
[2025.08.21-15.49.29:838][184]LogModuleManager: Shutting down and abandoning module WindowsNoEditorTargetPlatform (103)
[2025.08.21-15.49.29:838][184]LogModuleManager: Shutting down and abandoning module WindowsClientTargetPlatform (101)
[2025.08.21-15.49.29:838][184]LogModuleManager: Shutting down and abandoning module MacTargetPlatform (99)
[2025.08.21-15.49.29:838][184]LogModuleManager: Shutting down and abandoning module MacServerTargetPlatform (97)
[2025.08.21-15.49.29:838][184]LogModuleManager: Shutting down and abandoning module MacNoEditorTargetPlatform (95)
[2025.08.21-15.49.29:838][184]LogModuleManager: Shutting down and abandoning module MacClientTargetPlatform (93)
[2025.08.21-15.49.29:838][184]LogModuleManager: Shutting down and abandoning module AllDesktopTargetPlatform (91)
[2025.08.21-15.49.29:838][184]LogModuleManager: Shutting down and abandoning module InputCore (88)
[2025.08.21-15.49.29:838][184]LogModuleManager: Shutting down and abandoning module Settings (86)
[2025.08.21-15.49.29:838][184]LogModuleManager: Shutting down and abandoning module PhysXCooking (84)
[2025.08.21-15.49.29:838][184]LogModuleManager: Shutting down and abandoning module SteamVR (82)
[2025.08.21-15.49.29:838][184]LogModuleManager: Shutting down and abandoning module OculusHMD (80)
[2025.08.21-15.49.29:838][184]LogModuleManager: Shutting down and abandoning module ExampleDeviceProfileSelector (78)
[2025.08.21-15.49.29:838][184]LogModuleManager: Shutting down and abandoning module LauncherChunkInstaller (76)
[2025.08.21-15.49.29:838][184]LogModuleManager: Shutting down and abandoning module OnlineBlueprintSupport (74)
[2025.08.21-15.49.29:838][184]LogModuleManager: Shutting down and abandoning module OnlineSubsystem (70)
[2025.08.21-15.49.29:839][184]LogModuleManager: Shutting down and abandoning module XMPP (65)
[2025.08.21-15.49.29:839][184]LogModuleManager: Shutting down and abandoning module WebSockets (64)
[2025.08.21-15.49.29:862][184]LogModuleManager: Shutting down and abandoning module HTTP (61)
[2025.08.21-15.49.29:862][184]LogHttp: Display: Http module shutting down, but needs to wait on 1 outstanding Http requests:
[2025.08.21-15.49.29:863][184]LogHttp: Display: 	verb=[POST] url=[https://datarouter.ol.epicgames.com/datarouter/api/v1/public/data?SessionID=%7BE6DB605E-44D4-3B61-98D8-09A1406EFAB7%7D&AppID=UEEditor.Rocket.Release&AppVersion=4.20.3-4369336%2B%2B%2BUE4%2BRelease-4.20&UserID=467142504b01d71ca5cf1c9e118dd958%7Cb88f9eeb7ca14c04b3b37a2adc700b3d%7Cdf0c021b-d2af-40a7-a8b2-7f6e31115ee3&AppEnvironment=datacollector-binary&UploadType=eteventstream] status=Processing
[2025.08.21-15.49.29:883][184]LogModuleManager: Shutting down and abandoning module SSL (60)
[2025.08.21-15.49.29:884][184]LogModuleManager: Shutting down and abandoning module MagicLeapEmulator (56)
[2025.08.21-15.49.29:884][184]LogModuleManager: Shutting down and abandoning module MagicLeapPrivileges (54)
[2025.08.21-15.49.29:884][184]LogModuleManager: Shutting down and abandoning module MagicLeapIdentity (52)
[2025.08.21-15.49.29:884][184]LogModuleManager: Shutting down and abandoning module MagicLeapHelperVulkan (50)
[2025.08.21-15.49.29:884][184]LogModuleManager: Shutting down and abandoning module MagicLeapHelperOpenGL (48)
[2025.08.21-15.49.29:884][184]LogModuleManager: Shutting down and abandoning module MagicLeapSecureStorage (46)
[2025.08.21-15.49.29:884][184]LogModuleManager: Shutting down and abandoning module MagicLeapGestures (44)
[2025.08.21-15.49.29:884][184]LogModuleManager: Shutting down and abandoning module MagicLeapEyeTracker (42)
[2025.08.21-15.49.29:884][184]LogModuleManager: Shutting down and abandoning module MagicLeapController (40)
[2025.08.21-15.49.29:884][184]LogSlate: Slate User Destroyed.  User Index 0, Is Virtual User: 0
[2025.08.21-15.49.29:884][184]LogModuleManager: Shutting down and abandoning module MagicLeap (38)
[2025.08.21-15.49.29:884][184]LogModuleManager: Shutting down and abandoning module AnimationModifiers (36)
[2025.08.21-15.49.29:884][184]LogModuleManager: Shutting down and abandoning module PropertyEditor (35)
[2025.08.21-15.49.29:884][184]LogModuleManager: Shutting down and abandoning module AudioEditor (32)
[2025.08.21-15.49.29:884][184]LogModuleManager: Shutting down and abandoning module TextureCompressor (30)
[2025.08.21-15.49.29:884][184]LogModuleManager: Shutting down and abandoning module ShaderCore (28)
[2025.08.21-15.49.29:884][184]LogModuleManager: Shutting down and abandoning module Landscape (26)
[2025.08.21-15.49.29:884][184]LogModuleManager: Shutting down and abandoning module SlateRHIRenderer (24)
[2025.08.21-15.49.29:884][184]LogModuleManager: Shutting down and abandoning module OpenGLDrv (22)
[2025.08.21-15.49.29:884][184]LogModuleManager: Shutting down and abandoning module D3D11RHI (20)
[2025.08.21-15.49.29:884][184]LogModuleManager: Shutting down and abandoning module AnimGraphRuntime (18)
[2025.08.21-15.49.29:884][184]LogModuleManager: Shutting down and abandoning module Renderer (16)
[2025.08.21-15.49.29:884][184]LogModuleManager: Shutting down and abandoning module Engine (14)
[2025.08.21-15.49.29:884][184]LogModuleManager: Shutting down and abandoning module CoreUObject (12)
[2025.08.21-15.49.29:884][184]LogModuleManager: Shutting down and abandoning module NetworkFile (10)
[2025.08.21-15.49.29:884][184]LogModuleManager: Shutting down and abandoning module CookedIterativeFile (8)
[2025.08.21-15.49.29:884][184]LogModuleManager: Shutting down and abandoning module StreamingFile (6)
[2025.08.21-15.49.29:884][184]LogModuleManager: Shutting down and abandoning module SandboxFile (4)
[2025.08.21-15.49.29:884][184]LogModuleManager: Shutting down and abandoning module PakFile (2)
[2025.08.21-15.49.29:892][184]LogExit: Exiting.
[2025.08.21-15.49.29:900][184]Log file closed, 08/21/25 12:49:29
