Log file open, 08/21/25 10:12:46
LogWindows: Failed to load 'aqProf.dll' (GetLastError=126)
LogWindows: File 'aqProf.dll' does not exist
LogWindows: Failed to load 'VSPerf140.dll' (GetLastError=126)
LogWindows: File 'VSPerf140.dll' does not exist
LogWindows: Failed to load 'VtuneApi.dll' (GetLastError=126)
LogWindows: File 'VtuneApi.dll' does not exist
LogWindows: Failed to load 'VtuneApi32e.dll' (GetLastError=126)
LogWindows: File 'VtuneApi32e.dll' does not exist
LogInit: Display: Running engine for game: CrystalCavern
LogPlatformFile: Not using cached read wrapper
LogTaskGraph: Started task graph with 5 named threads and 35 total threads with 3 sets of task threads.
LogStats: Stats thread started at 1.001459
LogD3D11RHI: Loaded GFSDK_Aftermath_Lib.x64.dll
LogICUInternationalization: Display: ICU TimeZone Detection - Raw Offset: -3:00, Platform Override: ''
LogPluginManager: Mounting plugin Paper2D
LogPluginManager: Mounting plugin AISupport
LogPluginManager: Mounting plugin LightPropagationVolume
LogPluginManager: Mounting plugin CLionSourceCodeAccess
LogPluginManager: Mounting plugin CodeLiteSourceCodeAccess
LogPluginManager: Mounting plugin GitSourceControl
LogPluginManager: Mounting plugin KDevelopSourceCodeAccess
LogPluginManager: Mounting plugin NullSourceCodeAccess
LogPluginManager: Mounting plugin PerforceSourceControl
LogPluginManager: Mounting plugin SubversionSourceControl
LogPluginManager: Mounting plugin UObjectPlugin
LogPluginManager: Mounting plugin VisualStudioCodeSourceCodeAccess
LogPluginManager: Mounting plugin VisualStudioSourceCodeAccess
LogPluginManager: Mounting plugin XCodeSourceCodeAccess
LogPluginManager: Mounting plugin AssetManagerEditor
LogPluginManager: Mounting plugin CryptoKeys
LogPluginManager: Mounting plugin DataValidation
LogPluginManager: Mounting plugin FacialAnimation
LogPluginManager: Mounting plugin GameplayTagsEditor
LogPluginManager: Mounting plugin MacGraphicsSwitching
LogPluginManager: Mounting plugin MeshEditor
LogPluginManager: Mounting plugin MobileLauncherProfileWizard
LogPluginManager: Mounting plugin PluginBrowser
LogPluginManager: Mounting plugin SpeedTreeImporter
LogPluginManager: Mounting plugin DatasmithContent
LogPluginManager: Mounting plugin AlembicImporter
LogPluginManager: Mounting plugin AppleImageUtils
LogPluginManager: Mounting plugin AppleVision
LogPluginManager: Mounting plugin BackChannel
LogPluginManager: Mounting plugin CharacterAI
LogPluginManager: Mounting plugin GeometryCache
LogPluginManager: Mounting plugin HTML5Networking
LogPluginManager: Mounting plugin ProxyLODPlugin
LogPluginManager: Mounting plugin MagicLeap
LogPluginManager: Mounting plugin MagicLeapEmulator
LogPluginManager: Mounting plugin MagicLeapMedia
LogPluginManager: Mounting plugin AndroidMedia
LogPluginManager: Mounting plugin AvfMedia
LogPluginManager: Mounting plugin ImgMedia
LogPluginManager: Mounting plugin LinearTimecode
LogPluginManager: Mounting plugin MediaCompositing
LogPluginManager: Mounting plugin MediaPlayerEditor
LogPluginManager: Mounting plugin WmfMedia
LogPluginManager: Mounting plugin TcpMessaging
LogPluginManager: Mounting plugin UdpMessaging
LogPluginManager: Mounting plugin ActorSequence
LogPluginManager: Mounting plugin LevelSequenceEditor
LogPluginManager: Mounting plugin MatineeToLevelSequence
LogPluginManager: Mounting plugin NetcodeUnitTest
LogPluginManager: Mounting plugin NUTUnrealEngine4
LogPluginManager: Mounting plugin OnlineSubsystemGooglePlay
LogPluginManager: Mounting plugin OnlineSubsystemIOS
LogPluginManager: Mounting plugin OnlineSubsystem
LogPluginManager: Mounting plugin OnlineSubsystemNull
LogPluginManager: Mounting plugin OnlineSubsystemUtils
LogPluginManager: Mounting plugin LauncherChunkInstaller
LogPluginManager: Mounting plugin AndroidDeviceProfileSelector
LogPluginManager: Mounting plugin AndroidMoviePlayer
LogPluginManager: Mounting plugin AndroidPermission
LogPluginManager: Mounting plugin AppleMoviePlayer
LogPluginManager: Mounting plugin ArchVisCharacter
LogPluginManager: Mounting plugin AudioCapture
LogPluginManager: Mounting plugin CableComponent
LogPluginManager: Mounting plugin CustomMeshComponent
LogPluginManager: Mounting plugin EditableMesh
LogPluginManager: Mounting plugin ExampleDeviceProfileSelector
LogPluginManager: Mounting plugin GoogleCloudMessaging
LogPluginManager: Mounting plugin ImmediatePhysics
LogPluginManager: Mounting plugin IOSDeviceProfileSelector
LogPluginManager: Mounting plugin LinuxDeviceProfileSelector
LogPluginManager: Mounting plugin LocationServicesBPLibrary
LogPluginManager: Mounting plugin MobilePatchingUtils
LogPluginManager: Mounting plugin OculusVR
LogPluginManager: Plugin shader directory ../../../Engine/Plugins/Runtime/Oculus/OculusVR/Shaders found
LogPluginManager: Mapping shader source directory ../../../Engine/Plugins/Runtime/Oculus/OculusVR/Shaders to virtual directory /Plugin/OculusVR
LogPluginManager: Mounting plugin PhysXVehicles
LogPluginManager: Mounting plugin ProceduralMeshComponent
LogPluginManager: Mounting plugin RuntimePhysXCooking
LogPluginManager: Mounting plugin SteamVR
LogPluginManager: Mounting plugin WindowsMoviePlayer
LogStreaming: Display: Took  0.155s to configure plugins.
LogInit: Using libcurl 7.55.1-DEV
LogInit:  - built for x86_64-pc-win32
LogInit:  - supports SSL with OpenSSL/1.0.2h
LogInit:  - supports HTTP deflate (compression) using libz 1.2.8
LogInit:  - other features:
LogInit:      CURL_VERSION_SSL
LogInit:      CURL_VERSION_LIBZ
LogInit:      CURL_VERSION_IPV6
LogInit:      CURL_VERSION_ASYNCHDNS
LogInit:      CURL_VERSION_LARGEFILE
LogInit:      CURL_VERSION_IDN
LogInit:  CurlRequestOptions (configurable via config and command line):
LogInit:  - bVerifyPeer = false  - Libcurl will NOT verify peer certificate
LogInit:  - bUseHttpProxy = false  - Libcurl will NOT use HTTP proxy
LogInit:  - bDontReuseConnections = false  - Libcurl will reuse connections
LogInit:  - CertBundlePath = nullptr  - Libcurl will use whatever was configured at build time.
LogInit:  - MaxHostConnections = 16  - Libcurl will limit the number of connections to a host
LogInit:  - LocalHostAddr = Default
LogInit:  - BufferSize = 65536
LogInit: WinSock: version 1.1 (2.2), MaxSocks=32767, MaxUdp=65467
LogInit: Build: ++UE4+Release-4.20-CL-4369336
LogInit: Engine Version: 4.20.3-4369336+++UE4+Release-4.20
LogInit: Compatible Engine Version: 4.20.0-4212847+++UE4+Release-4.20
LogInit: Net CL: 4212847
LogInit: OS: Windows 10 (), CPU: 11th Gen Intel(R) Core(TM) i5-11260H @ 2.60GHz, GPU: Intel(R) Iris(R) Xe Graphics
LogInit: Compiled (64-bit): Sep 17 2018 12:26:19
LogInit: Compiled with Visual C++: 19.13.26129.00
LogInit: Build Configuration: Development
LogInit: Branch Name: ++UE4+Release-4.20
LogInit: Command Line:  
LogInit: Base Directory: C:/Program Files/Epic Games/UE_4.20/Engine/Binaries/Win64/
LogInit: Installed Engine Build: 1
LogDevObjectVersion: Number of dev versions registered: 20
LogDevObjectVersion:   Dev-Blueprints (B0D832E4-1F89-4F0D-ACCF-7EB736FD4AA2): 10
LogDevObjectVersion:   Dev-Build (E1C64328-A22C-4D53-A36C-8E866417BD8C): 0
LogDevObjectVersion:   Dev-Core (375EC13C-06E4-48FB-B500-84F0262A717E): 2
LogDevObjectVersion:   Dev-Editor (E4B068ED-F494-42E9-A231-DA0B2E46BB41): 24
LogDevObjectVersion:   Dev-Framework (CFFC743F-43B0-4480-9391-14DF171D2073): 34
LogDevObjectVersion:   Dev-Mobile (B02B49B5-BB20-44E9-A304-32B752E40360): 2
LogDevObjectVersion:   Dev-Networking (A4E4105C-59A1-49B5-A7C5-40C4547EDFEE): 0
LogDevObjectVersion:   Dev-Online (39C831C9-5AE6-47DC-9A44-9C173E1C8E7C): 0
LogDevObjectVersion:   Dev-Physics (78F01B33-EBEA-4F98-B9B4-84EACCB95AA2): 0
LogDevObjectVersion:   Dev-Platform (6631380F-2D4D-43E0-8009-CF276956A95A): 0
LogDevObjectVersion:   Dev-Rendering (12F88B9F-8875-4AFC-A67C-D90C383ABD29): 26
LogDevObjectVersion:   Dev-Sequencer (7B5AE74C-D270-4C10-A958-57980B212A5A): 9
LogDevObjectVersion:   Dev-VR (D7296918-1DD6-4BDD-9DE2-64A83CC13884): 2
LogDevObjectVersion:   Dev-LoadTimes (C2A15278-BFE7-4AFE-6C17-90FF531DF755): 1
LogDevObjectVersion:   Private-Geometry (6EACA3D4-40EC-4CC1-B786-8BED09428FC5): 3
LogDevObjectVersion:   Dev-AnimPhys (29E575DD-E0A3-4627-9D10-D276232CDCEA): 17
LogDevObjectVersion:   Dev-ReflectionCapture (6B266CEC-1EC7-4B8F-A30B-E4D90942FC07): 1
LogDevObjectVersion:   Dev-Automation (0DF73D61-A23F-47EA-B727-89E90C41499A): 1
LogDevObjectVersion:   FortniteMain (601D1886-AC64-4F84-AA16-D3DE0DEAC7D6): 12
LogDevObjectVersion:   Dev-Enterprise (9DFFBCD6-494F-0158-E221-12823C92A888): 1
LogStreaming: Display: Took  0.002s to delete old logs.
LogInit: Presizing for max 8388607 objects, including 0 objects not considered by GC, pre-allocating 0 bytes for permanent pool.
LogInit: Object subsystem initialized
[2025.08.21-13.12.46:932][  0]LogInit: Selected Device Profile: [Windows]
[2025.08.21-13.12.46:932][  0]LogInit: Applying CVar settings loaded from the selected device profile: [Windows]
[2025.08.21-13.12.46:954][  0]LogHAL: Display: Platform has ~ 32 GB [34077446144 / 34359738368 / 32], which maps to Largest [LargestMinGB=32, LargerMinGB=12, DefaultMinGB=8, SmallerMinGB=6, SmallestMinGB=0)
[2025.08.21-13.12.46:955][  0]LogInit: Setting Device Profile CVar: [[r.Vulkan.UseRealUBs:1]]
[2025.08.21-13.12.46:955][  0]LogInit: Going up to parent DeviceProfile []
[2025.08.21-13.12.46:963][  0]LogInit: Computer: LEO
[2025.08.21-13.12.46:963][  0]LogInit: User: Leo
[2025.08.21-13.12.46:963][  0]LogInit: CPU Page size=4096, Cores=6
[2025.08.21-13.12.46:963][  0]LogInit: High frequency timer resolution =10.000000 MHz
[2025.08.21-13.12.46:963][  0]LogMemory: Memory total: Physical=31.7GB (32GB approx)
[2025.08.21-13.12.46:963][  0]LogMemory: Platform Memory Stats for Windows
[2025.08.21-13.12.46:963][  0]LogMemory: Process Physical Memory: 102.86 MB used, 102.86 MB peak
[2025.08.21-13.12.46:963][  0]LogMemory: Process Virtual Memory: 85.59 MB used, 85.59 MB peak
[2025.08.21-13.12.46:963][  0]LogMemory: Physical Memory: 8333.38 MB used,  24165.41 MB free, 32498.79 MB total
[2025.08.21-13.12.46:963][  0]LogMemory: Virtual Memory: 4642.17 MB used,  24165.41 MB free, 134217728.00 MB total
[2025.08.21-13.12.47:043][  0]LogInit: Using OS detected language (en-US).
[2025.08.21-13.12.47:043][  0]LogInit: Using OS detected locale (es-AR).
[2025.08.21-13.12.47:045][  0]LogTextLocalizationManager: No specific localization for 'en-US' exists, so the 'en' localization will be used.
[2025.08.21-13.12.47:425][  0]LogStreaming: Display: Took  0.382s to InitEngineTextLocalization.
[2025.08.21-13.12.47:426][  0]LogInit: Setting process to per monitor DPI aware
[2025.08.21-13.12.47:527][  0]LogSlate: New Slate User Created.  User Index 0, Is Virtual User: 0
[2025.08.21-13.12.47:527][  0]LogSlate: Slate User Registered.  User Index 0, Is Virtual User: 0
[2025.08.21-13.12.51:032][  0]LogHMD: Failed to initialize OpenVR with code 110
[2025.08.21-13.12.51:032][  0]LogD3D11RHI: D3D11 adapters:
[2025.08.21-13.12.51:076][  0]LogD3D11RHI:    0. 'Intel(R) Iris(R) Xe Graphics' (Feature Level 11_0)
[2025.08.21-13.12.51:076][  0]LogD3D11RHI:       128/0/16249 MB DedicatedVideo/DedicatedSystem/SharedSystem, Outputs:1, VendorId:0x8086
[2025.08.21-13.12.51:078][  0]LogD3D11RHI:    1. 'Microsoft Basic Render Driver' (Feature Level 11_0)
[2025.08.21-13.12.51:078][  0]LogD3D11RHI:       0/0/16249 MB DedicatedVideo/DedicatedSystem/SharedSystem, Outputs:0, VendorId:0x1414
[2025.08.21-13.12.51:078][  0]LogD3D11RHI: Chosen D3D11 Adapter: 0
[2025.08.21-13.12.51:083][  0]LogD3D11RHI: Creating new Direct3DDevice
[2025.08.21-13.12.51:083][  0]LogD3D11RHI:     GPU DeviceId: 0x9a68 (for the marketing name, search the web for "GPU Device Id")
[2025.08.21-13.12.51:083][  0]LogWindows: EnumDisplayDevices:
[2025.08.21-13.12.51:083][  0]LogWindows:    0. 'Intel(R) Iris(R) Xe Graphics' (P:1 D:1)
[2025.08.21-13.12.51:083][  0]LogWindows:    1. 'Intel(R) Iris(R) Xe Graphics' (P:0 D:0)
[2025.08.21-13.12.51:084][  0]LogWindows:    2. 'Intel(R) Iris(R) Xe Graphics' (P:0 D:0)
[2025.08.21-13.12.51:084][  0]LogWindows:    3. 'Intel(R) Iris(R) Xe Graphics' (P:0 D:0)
[2025.08.21-13.12.51:084][  0]LogWindows: DebugString: FoundDriverCount:4 
[2025.08.21-13.12.51:084][  0]LogD3D11RHI:     Adapter Name: Intel(R) Iris(R) Xe Graphics
[2025.08.21-13.12.51:084][  0]LogD3D11RHI:   Driver Version: 32.0.101.6881 (internal:32.0.101.6881, unified:32.0.101.6881)
[2025.08.21-13.12.51:084][  0]LogD3D11RHI:      Driver Date: 6-4-2025
[2025.08.21-13.12.51:084][  0]LogRHI: Texture pool is 1523 MB (70% of 2176 MB)
[2025.08.21-13.12.51:100][  0]LogD3D11RHI: Async texture creation enabled
[2025.08.21-13.12.51:117][  0]LogD3D11RHI: GPU Timing Frequency: 19.200000 (Debug: 2 0)
[2025.08.21-13.12.51:120][  0]LogShaderCompilers: Guid format shader working directory is -26 characters bigger than the processId version (../../../../../../Leo/Crystal Cavern v1.0/CrystalCavern/CrystalCavern/Intermediate/Shaders/WorkingDirectory/12804/).
[2025.08.21-13.12.51:120][  0]LogShaderCompilers: Cleaned the shader compiler working directory 'C:/Users/Leo/AppData/Local/Temp/UnrealShaderWorkingDir/4E42E9B743C26F322DB3A58BDE2934A5/'.
[2025.08.21-13.12.51:380][  0]LogTemp: Display: Loaded TP AllDesktopTargetPlatform
[2025.08.21-13.12.51:391][  0]LogTemp: Display: Loaded TP MacClientTargetPlatform
[2025.08.21-13.12.51:402][  0]LogTemp: Display: Loaded TP MacNoEditorTargetPlatform
[2025.08.21-13.12.51:412][  0]LogTemp: Display: Loaded TP MacServerTargetPlatform
[2025.08.21-13.12.51:431][  0]LogTemp: Display: Loaded TP MacTargetPlatform
[2025.08.21-13.12.51:442][  0]LogTemp: Display: Loaded TP WindowsClientTargetPlatform
[2025.08.21-13.12.51:453][  0]LogTemp: Display: Loaded TP WindowsNoEditorTargetPlatform
[2025.08.21-13.12.51:464][  0]LogTemp: Display: Loaded TP WindowsServerTargetPlatform
[2025.08.21-13.12.51:470][  0]LogTemp: Display: Loaded TP WindowsTargetPlatform
[2025.08.21-13.12.51:545][  0]LogTemp: Display: Loaded TP AndroidTargetPlatform
[2025.08.21-13.12.51:545][  0]LogTemp: Display: Loaded TP AndroidTargetPlatform
[2025.08.21-13.12.51:545][  0]LogTemp: Display: Loaded TP AndroidTargetPlatform
[2025.08.21-13.12.51:545][  0]LogTemp: Display: Loaded TP AndroidTargetPlatform
[2025.08.21-13.12.51:545][  0]LogTemp: Display: Loaded TP AndroidTargetPlatform
[2025.08.21-13.12.51:545][  0]LogTemp: Display: Loaded TP AndroidTargetPlatform
[2025.08.21-13.12.51:545][  0]LogTemp: Display: Loaded TP AndroidTargetPlatform
[2025.08.21-13.12.51:545][  0]LogTemp: Display: Loaded TP AndroidTargetPlatform
[2025.08.21-13.12.51:545][  0]LogTemp: Display: Loaded TP AndroidTargetPlatform
[2025.08.21-13.12.51:545][  0]LogTemp: Display: Loaded TP AndroidTargetPlatform
[2025.08.21-13.12.51:545][  0]LogTemp: Display: Loaded TP AndroidTargetPlatform
[2025.08.21-13.12.51:545][  0]LogTemp: Display: Loaded TP AndroidTargetPlatform
[2025.08.21-13.12.51:545][  0]LogTemp: Display: Loaded TP AndroidTargetPlatform
[2025.08.21-13.12.51:546][  0]LogTemp: Display: Loaded TP AndroidTargetPlatform
[2025.08.21-13.12.51:546][  0]LogTemp: Display: Loaded TP AndroidTargetPlatform
[2025.08.21-13.12.51:546][  0]LogTemp: Display: Loaded TP AndroidTargetPlatform
[2025.08.21-13.12.51:546][  0]LogTemp: Display: Loaded TP AndroidTargetPlatform
[2025.08.21-13.12.51:546][  0]LogTemp: Display: Loaded TP AndroidTargetPlatform
[2025.08.21-13.12.51:548][  0]LogTemp: Display: Loaded TP HTML5TargetPlatform
[2025.08.21-13.12.51:623][  0]LogTemp: Display: Loaded TP IOSTargetPlatform
[2025.08.21-13.12.51:623][  0]LogTemp: Display: Loaded TP IOSTargetPlatform
[2025.08.21-13.12.51:641][  0]LogTemp: Display: Loaded TP TVOSTargetPlatform
[2025.08.21-13.12.51:641][  0]LogTemp: Display: Loaded TP TVOSTargetPlatform
[2025.08.21-13.12.51:652][  0]LogTemp: Display: Loaded TP LinuxClientTargetPlatform
[2025.08.21-13.12.51:663][  0]LogTemp: Display: Loaded TP LinuxNoEditorTargetPlatform
[2025.08.21-13.12.51:673][  0]LogTemp: Display: Loaded TP LinuxServerTargetPlatform
[2025.08.21-13.12.51:699][  0]LogTemp: Display: Loaded TP LinuxTargetPlatform
[2025.08.21-13.12.51:706][  0]LogTemp: Display: Loaded TP LuminTargetPlatform
[2025.08.21-13.12.51:706][  0]LogTargetPlatformManager: Display: Building Assets For Windows
[2025.08.21-13.12.51:875][  0]LogXGEController: Cleaning working directory: C:/Users/Leo/AppData/Local/Temp/UnrealXGEWorkingDir/
[2025.08.21-13.12.51:875][  0]LogXGEController: Cannot use XGE Controller as Incredibuild is not installed on this machine.
[2025.08.21-13.12.51:875][  0]LogShaderCompilers: Cannot use XGE Shader Compiler as Incredibuild is not installed on this machine.
[2025.08.21-13.12.51:875][  0]LogShaderCompilers: Display: Using Local Shader Compiler.
[2025.08.21-13.12.55:343][  0]LogDerivedDataCache: Display: Max Cache Size: 512 MB
[2025.08.21-13.12.55:514][  0]LogDerivedDataCache: Loaded boot cache 0.17s 71MB C:/Users/Leo/AppData/Local/UnrealEngine/4.20/DerivedDataCache/Boot.ddc.
[2025.08.21-13.12.55:515][  0]LogDerivedDataCache: Display: Loaded Boot cache: C:/Users/Leo/AppData/Local/UnrealEngine/4.20/DerivedDataCache/Boot.ddc
[2025.08.21-13.12.55:515][  0]LogDerivedDataCache: FDerivedDataBackendGraph:  Pak pak cache file ../../../../../../Leo/Crystal Cavern v1.0/CrystalCavern/CrystalCavern/DerivedDataCache/DDC.ddp not found, will not use a pak cache.
[2025.08.21-13.12.55:515][  0]LogDerivedDataCache: Unable to find inner node Pak for hierarchical cache Hierarchy.
[2025.08.21-13.12.55:515][  0]LogDerivedDataCache: FDerivedDataBackendGraph:  CompressedPak pak cache file ../../../../../../Leo/Crystal Cavern v1.0/CrystalCavern/CrystalCavern/DerivedDataCache/Compressed.ddp not found, will not use a pak cache.
[2025.08.21-13.12.55:515][  0]LogDerivedDataCache: Unable to find inner node CompressedPak for hierarchical cache Hierarchy.
[2025.08.21-13.12.55:542][  0]LogDerivedDataCache: Display: Pak cache opened for reading ../../../Engine/DerivedDataCache/Compressed.ddp.
[2025.08.21-13.12.55:555][  0]LogDerivedDataCache: Using Local data cache path C:/Users/Leo/AppData/Local/UnrealEngine/Common/DerivedDataCache: Writable
[2025.08.21-13.12.55:555][  0]LogDerivedDataCache: Shared data cache path not found in *engine.ini, will not use an Shared cache.
[2025.08.21-13.12.55:555][  0]LogDerivedDataCache: Unable to find inner node Shared for hierarchical cache Hierarchy.
[2025.08.21-13.12.55:571][  0]LogMaterial: Verifying Global Shaders for PCD3D_SM5
[2025.08.21-13.12.55:577][  0]LogSlate: Using FreeType 2.6.0
[2025.08.21-13.12.55:605][  0]LogSlate: SlateFontServices - WITH_FREETYPE: 1, WITH_HARFBUZZ: 1
[2025.08.21-13.12.55:727][  0]LogAssetRegistry: FAssetRegistry took 0.0268 seconds to start up
[2025.08.21-13.12.56:032][  0]LogInit: Selected Device Profile: [Windows]
[2025.08.21-13.12.56:435][  0]LogSimplygon: Simplygon DLL not present - disabling.
[2025.08.21-13.12.56:452][  0]LogMeshReduction: Using SimplygonSwarm for distributed automatic mesh merging
[2025.08.21-13.12.56:453][  0]LogMeshReduction: Using ProxyLODMeshReduction for automatic mesh merging
[2025.08.21-13.12.56:453][  0]LogMeshReduction: Using QuadricMeshReduction for automatic static mesh reduction
[2025.08.21-13.12.56:453][  0]LogMeshReduction: No automatic skeletal mesh reduction module available
[2025.08.21-13.12.56:524][  0]LogNetVersion: CrystalCavern 1.0.0, NetCL: 4212847, EngineNetVer: 5, GameNetVer: 0 (Checksum: 1954901415)
[2025.08.21-13.12.58:168][  0]LogPackageLocalizationCache: Processed 11 localized package path(s) for 2 prioritized culture(s) in 0.132676 seconds
[2025.08.21-13.12.58:175][  0]LogUObjectArray: 38425 objects as part of root set at end of initial load.
[2025.08.21-13.12.58:175][  0]LogUObjectAllocator: 6690864 out of 0 bytes used by permanent object pool.
[2025.08.21-13.12.58:175][  0]LogUObjectArray: CloseDisregardForGC: 0/0 objects in disregard for GC pool
[2025.08.21-13.12.59:939][  0]LogTcpMessaging: Initializing TcpMessaging bridge
[2025.08.21-13.12.59:962][  0]LogUdpMessaging: Initializing bridge on interface 0.0.0.0:0 to multicast group 230.0.0.1:6666.
[2025.08.21-13.13.00:236][  0]SourceControl: Source control is disabled
[2025.08.21-13.13.00:236][  0]SourceControl: Source control is disabled
[2025.08.21-13.13.00:244][  0]SourceControl: Source control is disabled
[2025.08.21-13.13.00:248][  0]SourceControl: Source control is disabled
[2025.08.21-13.13.00:513][  0]LogAndroidPermission: UAndroidPermissionCallbackProxy::GetInstance
[2025.08.21-13.13.00:555][  0]LogOcInput: OculusInput pre-init called
[2025.08.21-13.13.00:659][  0]LogEngine: Initializing Engine...
[2025.08.21-13.13.00:661][  0]LogHMD: Failed to initialize OpenVR with code 110
[2025.08.21-13.13.00:663][  0]LogStats: UGameplayTagsManager::ConstructGameplayTagTree: ImportINI prefixes -  0.000 s
[2025.08.21-13.13.00:663][  0]LogStats: UGameplayTagsManager::ConstructGameplayTagTree: Construct from data asset -  0.000 s
[2025.08.21-13.13.00:663][  0]LogStats: UGameplayTagsManager::ConstructGameplayTagTree: ImportINI -  0.000 s
[2025.08.21-13.13.00:663][  0]LogStats: UGameplayTagsManager::ConstructGameplayTagTree: GameplayTagTreeChangedEvent.Broadcast -  0.000 s
[2025.08.21-13.13.01:089][  0]LogInit: Initializing FReadOnlyCVARCache
[2025.08.21-13.13.01:121][  0]LogAIModule: Creating AISystem for world Untitled
[2025.08.21-13.13.01:139][  0]LogInit: XAudio2 using 'Speakers (Realtek(R) Audio)' : 2 channels at 48 kHz using 32 bits per sample (channel mask 0x3)
[2025.08.21-13.13.01:149][  0]LogInit: FAudioDevice initialized.
[2025.08.21-13.13.01:149][  0]LogNetVersion: Set ProjectVersion to 1.0.0.0. Version Checksum will be recalculated on next use.
[2025.08.21-13.13.01:179][  0]LogDerivedDataCache: Saved boot cache 0.03s 71MB C:/Users/Leo/AppData/Local/UnrealEngine/4.20/DerivedDataCache/Boot.ddc.
[2025.08.21-13.13.01:182][  0]LogInit: Texture streaming: Enabled
[2025.08.21-13.13.01:200][  0]LogEngineSessionManager: EngineSessionManager initialized
[2025.08.21-13.13.01:213][  0]LogInit: Transaction tracking system initialized
[2025.08.21-13.13.01:254][  0]BlueprintLog: New page: Editor Load
[2025.08.21-13.13.01:411][  0]LocalizationService: Localization service is disabled
[2025.08.21-13.13.02:151][  0]LogCook: Display: Max memory allowance for cook 16384mb min free memory 0mb
[2025.08.21-13.13.02:152][  0]LogCook: Display: Mobile HDR setting 1
[2025.08.21-13.13.02:152][  0]LogGameplayTags: Display: UGameplayTagsManager::DoneAddingNativeTags. DelegateIsBound: 0
[2025.08.21-13.13.02:152][  0]LogStats: UGameplayTagsManager::ConstructGameplayTagTree: ImportINI prefixes -  0.000 s
[2025.08.21-13.13.02:152][  0]LogStats: UGameplayTagsManager::ConstructGameplayTagTree: Construct from data asset -  0.000 s
[2025.08.21-13.13.02:152][  0]LogStats: UGameplayTagsManager::ConstructGameplayTagTree: ImportINI -  0.000 s
[2025.08.21-13.13.02:152][  0]LogStats: UGameplayTagsManager::ConstructGameplayTagTree: GameplayTagTreeChangedEvent.Broadcast -  0.000 s
[2025.08.21-13.13.02:313][  0]LogFileCache: Scanning file cache for directory 'C:/Leo/Crystal Cavern v1.0/CrystalCavern/CrystalCavern/Content/' took 0.02s
[2025.08.21-13.13.02:409][  0]SourceControl: Source control is disabled
[2025.08.21-13.13.02:410][  0]Cmd: MAP LOAD FILE="../../../../../../Leo/Crystal Cavern v1.0/CrystalCavern/CrystalCavern/Content/StarterContent/Levels/Level01.umap" TEMPLATE=0 SHOWPROGRESS=1 FEATURELEVEL=3
[2025.08.21-13.13.02:410][  0]LogEditorServer: Warning: Can't find file '../../../../../../Leo/Crystal Cavern v1.0/CrystalCavern/CrystalCavern/Content/StarterContent/Levels/Level01.umap'
[2025.08.21-13.13.02:410][  0]Cmd: MAP CHECKDEP NOCLEARLOG
[2025.08.21-13.13.02:468][  0]MapCheck: Map check complete: 0 Error(s), 0 Warning(s), took 58,042ms to complete.
[2025.08.21-13.13.02:468][  0]LogFileHelpers: Loading map 'Level01' took 0.059
[2025.08.21-13.13.02:628][  0]LogSlate: Updating window title bar state: overlay mode, drag disabled, window buttons hidden, title bar hidden
[2025.08.21-13.13.02:636][  0]LogSlate: Updating window title bar state: overlay mode, drag disabled, window buttons hidden, title bar hidden
[2025.08.21-13.13.02:644][  0]LogSlate: Updating window title bar state: overlay mode, drag disabled, window buttons hidden, title bar hidden
[2025.08.21-13.13.02:655][  0]LogSlate: Updating window title bar state: overlay mode, drag disabled, window buttons hidden, title bar hidden
[2025.08.21-13.13.02:676][  0]LogCollectionManager: Loaded 0 collections in 0.001163 seconds
[2025.08.21-13.13.02:732][  0]LogFileCache: Scanning file cache for directory 'C:/Leo/Crystal Cavern v1.0/CrystalCavern/CrystalCavern/Saved/Collections/' took 0.01s
[2025.08.21-13.13.02:733][  0]LogFileCache: Scanning file cache for directory 'C:/Leo/Crystal Cavern v1.0/CrystalCavern/CrystalCavern/Content/Developers/Leo/Collections/' took 0.01s
[2025.08.21-13.13.02:733][  0]LogFileCache: Scanning file cache for directory 'C:/Leo/Crystal Cavern v1.0/CrystalCavern/CrystalCavern/Content/Collections/' took 0.01s
[2025.08.21-13.13.02:733][  0]LogCollectionManager: Rebuilt the GUID cache for 0 collections in 0.000000 seconds
[2025.08.21-13.13.02:748][  0]LogContentBrowser: Native class hierarchy populated in 0.0139 seconds. Added 2572 classes and 603 folders.
[2025.08.21-13.13.02:762][  0]LogContentBrowser: Native class hierarchy updated for 'WidgetCarousel' in 0.0003 seconds. Added 0 classes and 0 folders.
[2025.08.21-13.13.03:306][  0]LogContentBrowser: Native class hierarchy updated for 'AddContentDialog' in 0.0003 seconds. Added 0 classes and 0 folders.
[2025.08.21-13.13.03:332][  0]LogContentBrowser: Native class hierarchy updated for 'SceneOutliner' in 0.0003 seconds. Added 1 classes and 2 folders.
[2025.08.21-13.13.03:386][  0]LogSlate: Took 0.009179 seconds to synchronously load lazily loaded font '../../../Engine/Content/Slate/Fonts/Roboto-Regular.ttf' (155K)
[2025.08.21-13.13.03:398][  0]LogSlate: Took 0.008214 seconds to synchronously load lazily loaded font '../../../Engine/Content/Slate/Fonts/Roboto-Bold.ttf' (160K)
[2025.08.21-13.13.03:409][  0]LogSlate: Took 0.007912 seconds to synchronously load lazily loaded font '../../../Engine/Content/Editor/Slate/Fonts/FontAwesome.ttf' (139K)
[2025.08.21-13.13.03:505][  0]LogRenderer: Reallocating scene render targets to support 1152x428 Format 10 NumSamples 1 (Frame:1).
[2025.08.21-13.13.04:581][  0]LogContentBrowser: Native class hierarchy updated for 'HierarchicalLODOutliner' in 0.0002 seconds. Added 0 classes and 0 folders.
[2025.08.21-13.13.04:581][  0]LogLoad: (Engine Initialization) Total time: 23.01 seconds
[2025.08.21-13.13.04:581][  0]LogLoad: (Engine Initialization) Total Blueprint compile time: 0.00 seconds
[2025.08.21-13.13.04:627][  0]LogContentStreaming: Texture pool size now 1000 MB
[2025.08.21-13.13.04:672][  0]LogSlate: Took 0.009087 seconds to synchronously load lazily loaded font '../../../Engine/Content/Slate/Fonts/Roboto-Light.ttf' (167K)
[2025.08.21-13.13.04:688][  1]LogAssetRegistry: Asset discovery search completed in 8.9830 seconds
[2025.08.21-13.13.04:690][  1]LogCollectionManager: Rebuilt the object cache for 0 collections in 0.000000 seconds (found 0 objects)
[2025.08.21-13.13.04:690][  1]LogCollectionManager: Fixed up redirectors for 0 collections in 0.000083 seconds (updated 0 objects)
[2025.08.21-13.13.06:815][ 66]LogSlate: FSceneViewport::OnFocusLost() reason 0
[2025.08.21-13.13.08:307][146]LogSlate: Took 0.000156 seconds to synchronously load lazily loaded font '../../../Engine/Content/Slate/Fonts/Roboto-Light.ttf' (167K)
[2025.08.21-13.13.09:072][146]LogSlate: Window 'Pick Parent Class' being destroyed
[2025.08.21-13.13.13:083][381]LogAssetEditorManager: Opening Asset editor for Blueprint /Game/Blueprints/Volumes/BP_Win_Volume.BP_Win_Volume
[2025.08.21-13.13.13:604][381]LogContentBrowser: Native class hierarchy updated for 'BlueprintGraph' in 0.0005 seconds. Added 116 classes and 0 folders.
[2025.08.21-13.13.46:636][598]LogRenderer: Reallocating scene render targets to support 1152x676 Format 10 NumSamples 1 (Frame:131).
[2025.08.21-13.13.46:940][616]LogSlate: Window 'BP_Win_Volume*' being destroyed
[2025.08.21-13.14.22:994][789]LogSlate: Took 0.008589 seconds to synchronously load lazily loaded font '../../../Engine/Content/Slate/Fonts/Roboto-Italic.ttf' (157K)
[2025.08.21-13.14.39:628][ 20]LogSavePackage: Moving '../../../../../../Leo/Crystal Cavern v1.0/CrystalCavern/CrystalCavern/Saved/BP_Win_VolumeCA63C4D24D05312673F1FB9EE670E4DA.tmp' to '../../../../../../Leo/Crystal Cavern v1.0/CrystalCavern/CrystalCavern/Content/Blueprints/Volumes/BP_Win_Volume.uasset'
[2025.08.21-13.14.47:832][169]LogSlate: Took 0.008205 seconds to synchronously load lazily loaded font '../../../Engine/Content/Slate/Fonts/Roboto-BoldCondensed.ttf' (158K)
[2025.08.21-13.15.52:229][404]LogSavePackage: Moving '../../../../../../Leo/Crystal Cavern v1.0/CrystalCavern/CrystalCavern/Saved/BP_Win_VolumeB439713F414BBEF77EEA3B9219A225C2.tmp' to '../../../../../../Leo/Crystal Cavern v1.0/CrystalCavern/CrystalCavern/Content/Blueprints/Volumes/BP_Win_Volume.uasset'
[2025.08.21-13.17.19:630][362]LogSlate: Window 'Pick Parent Class' being destroyed
[2025.08.21-13.18.23:453][165]LogSlate: Window 'Pick Parent Class' being destroyed
[2025.08.21-13.18.35:456][644]LogSavePackage: Moving '../../../../../../Leo/Crystal Cavern v1.0/CrystalCavern/CrystalCavern/Saved/CC_Macro_Library37BAD0074287977C04D188A00E759843.tmp' to '../../../../../../Leo/Crystal Cavern v1.0/CrystalCavern/CrystalCavern/Content/Blueprints/Libraries/CC_Macro_Library.uasset'
[2025.08.21-13.20.24:427][ 41]LogAssetEditorManager: Opening Asset editor for Blueprint /Game/Blueprints/Libraries/CC_Macro_Library.CC_Macro_Library
[2025.08.21-13.23.05:039][625]LogFileHelpers: Editor autosave (incl. sublevels) for '/Temp/Untitled_0' took 0.031
[2025.08.21-13.23.05:040][625]OBJ SavePackage: Generating thumbnails for [0] asset(s) in package [/Game/Blueprints/Libraries/CC_Macro_Library] ([1] browsable assets)...
[2025.08.21-13.23.05:040][625]OBJ SavePackage: Finished generating thumbnails for package [/Game/Blueprints/Libraries/CC_Macro_Library]
[2025.08.21-13.23.05:051][625]LogSavePackage: Moving '../../../../../../Leo/Crystal Cavern v1.0/CrystalCavern/CrystalCavern/Saved/CC_Macro_Library_Auto182190C8743B02E8B0467BB85C3DC1358.tmp' to '../../../../../../Leo/Crystal Cavern v1.0/CrystalCavern/CrystalCavern/Saved/Autosaves/Game/Blueprints/Libraries/CC_Macro_Library_Auto1.uasset'
[2025.08.21-13.23.05:051][625]LogFileHelpers: Auto-saving content packages took 0.011
[2025.08.21-13.38.20:563][309]LogSlate: Took 0.009885 seconds to synchronously load lazily loaded font '../../../Engine/Content/Slate/Fonts/Roboto-BoldCondensedItalic.ttf' (160K)
[2025.08.21-13.38.22:487][423]LogFileHelpers: Editor autosave (incl. sublevels) for '/Temp/Untitled_0' took 0.024
[2025.08.21-13.38.22:488][423]OBJ SavePackage: Generating thumbnails for [0] asset(s) in package [/Game/Blueprints/Libraries/CC_Macro_Library] ([1] browsable assets)...
[2025.08.21-13.38.22:488][423]OBJ SavePackage: Finished generating thumbnails for package [/Game/Blueprints/Libraries/CC_Macro_Library]
[2025.08.21-13.38.22:499][423]LogSavePackage: Moving '../../../../../../Leo/Crystal Cavern v1.0/CrystalCavern/CrystalCavern/Saved/CC_Macro_Library_Auto20DBB93664510156F99799EBFD9DC5148.tmp' to '../../../../../../Leo/Crystal Cavern v1.0/CrystalCavern/CrystalCavern/Saved/Autosaves/Game/Blueprints/Libraries/CC_Macro_Library_Auto2.uasset'
[2025.08.21-13.38.22:499][423]LogFileHelpers: Auto-saving content packages took 0.012
[2025.08.21-13.42.25:243][688]LogSavePackage: Moving '../../../../../../Leo/Crystal Cavern v1.0/CrystalCavern/CrystalCavern/Saved/CC_Macro_Library5FB90E5147FCF82C2C5F0C9F47A0FFF0.tmp' to '../../../../../../Leo/Crystal Cavern v1.0/CrystalCavern/CrystalCavern/Content/Blueprints/Libraries/CC_Macro_Library.uasset'
[2025.08.21-13.42.42:383][107]LogEditorTransaction: Undo Delete current selection
[2025.08.21-13.42.42:876][135]LogSavePackage: Moving '../../../../../../Leo/Crystal Cavern v1.0/CrystalCavern/CrystalCavern/Saved/BP_Win_VolumeC41E7BD5414A76AAC60ADDBAFC018477.tmp' to '../../../../../../Leo/Crystal Cavern v1.0/CrystalCavern/CrystalCavern/Content/Blueprints/Volumes/BP_Win_Volume.uasset'
[2025.08.21-13.42.50:248][564]LogAssetEditorManager: Opening Asset editor for Blueprint /Game/Blueprints/Actors/BP_Crystal.BP_Crystal
[2025.08.21-13.43.54:225][835]Cmd: OBJ SAVEPACKAGE PACKAGE="/Game/Blueprints/Actors/BP_Crystal" FILE="../../../../../../Leo/Crystal Cavern v1.0/CrystalCavern/CrystalCavern/Content/Blueprints/Actors/BP_Crystal.uasset" SILENT=true
[2025.08.21-13.43.54:258][835]LogSavePackage: Moving '../../../../../../Leo/Crystal Cavern v1.0/CrystalCavern/CrystalCavern/Saved/BP_Crystal3F792A6F48A7CB0F814DB98E6CA0841A.tmp' to '../../../../../../Leo/Crystal Cavern v1.0/CrystalCavern/CrystalCavern/Content/Blueprints/Actors/BP_Crystal.uasset'
[2025.08.21-13.44.06:696][574]LogSavePackage: Moving '../../../../../../Leo/Crystal Cavern v1.0/CrystalCavern/CrystalCavern/Saved/BP_Win_VolumeA804FFCE4315C25F74ECCAAF51836D88.tmp' to '../../../../../../Leo/Crystal Cavern v1.0/CrystalCavern/CrystalCavern/Content/Blueprints/Volumes/BP_Win_Volume.uasset'
[2025.08.21-13.54.30:746][468]LogSavePackage: Moving '../../../../../../Leo/Crystal Cavern v1.0/CrystalCavern/CrystalCavern/Saved/BP_Win_VolumeDD5B9D85495A50589C8EEF85C606E6DB.tmp' to '../../../../../../Leo/Crystal Cavern v1.0/CrystalCavern/CrystalCavern/Content/Blueprints/Volumes/BP_Win_Volume.uasset'
[2025.08.21-13.54.31:822][525]LogActorComponent: UnregisterComponent: (/Engine/Transient.EditorFloorComp) Not registered. Aborting.
[2025.08.21-13.54.31:873][525]LogSlate: Window 'CrystalCavern - Unreal Editor' being destroyed
[2025.08.21-13.54.32:027][526]Cmd: QUIT_EDITOR
[2025.08.21-13.54.32:039][526]LogWindowsTextInputMethodSystem: Display: IME system now deactivated.
[2025.08.21-13.54.32:046][526]LogExit: Preparing to exit.
[2025.08.21-13.54.33:204][526]LogExit: Editor shut down
[2025.08.21-13.54.33:205][526]LogExit: Transaction tracking system shut down
[2025.08.21-13.54.33:802][526]LogExit: Object subsystem successfully closed.
[2025.08.21-13.54.33:818][526]LogShaderCompilers: Display: Shaders left to compile 0
[2025.08.21-13.54.33:821][526]LogD3D11RHI: Shutdown
[2025.08.21-13.54.33:821][526]LogD3D11RHI: CleanupD3DDevice
[2025.08.21-13.54.33:828][526]LogD3D11RHI: ~FD3D11DynamicRHI
[2025.08.21-13.54.33:850][526]LogModuleManager: Shutting down and abandoning module BlueprintGraph (610)
[2025.08.21-13.54.33:850][526]LogModuleManager: Shutting down and abandoning module HierarchicalLODOutliner (608)
[2025.08.21-13.54.33:850][526]LogModuleManager: Shutting down and abandoning module SceneOutliner (606)
[2025.08.21-13.54.33:850][526]LogModuleManager: Shutting down and abandoning module AddContentDialog (604)
[2025.08.21-13.54.33:850][526]LogModuleManager: Shutting down and abandoning module WidgetCarousel (603)
[2025.08.21-13.54.33:850][526]LogModuleManager: Shutting down and abandoning module EditorWidgets (600)
[2025.08.21-13.54.33:850][526]LogModuleManager: Shutting down and abandoning module CollectionManager (598)
[2025.08.21-13.54.33:850][526]LogModuleManager: Shutting down and abandoning module FoliageEdit (596)
[2025.08.21-13.54.33:850][526]LogModuleManager: Shutting down and abandoning module LandscapeEditor (594)
[2025.08.21-13.54.33:851][526]LogModuleManager: Shutting down and abandoning module MeshPaintMode (592)
[2025.08.21-13.54.33:851][526]LogModuleManager: Shutting down and abandoning module SceneDepthPickerMode (590)
[2025.08.21-13.54.33:851][526]LogModuleManager: Shutting down and abandoning module ActorPickerMode (588)
[2025.08.21-13.54.33:851][526]LogModuleManager: Shutting down and abandoning module GeometryMode (586)
[2025.08.21-13.54.33:851][526]LogModuleManager: Shutting down and abandoning module TextureAlignMode (584)
[2025.08.21-13.54.33:851][526]LogModuleManager: Shutting down and abandoning module BspMode (582)
[2025.08.21-13.54.33:851][526]LogModuleManager: Shutting down and abandoning module PIEPreviewDeviceProfileSelector (580)
[2025.08.21-13.54.33:851][526]LogModuleManager: Shutting down and abandoning module SequenceRecorderSections (578)
[2025.08.21-13.54.33:851][526]LogModuleManager: Shutting down and abandoning module AutomationWorker (576)
[2025.08.21-13.54.33:851][526]LogModuleManager: Shutting down and abandoning module AudioCaptureEditor (574)
[2025.08.21-13.54.33:851][526]LogModuleManager: Shutting down and abandoning module SequenceRecorder (573)
[2025.08.21-13.54.33:851][526]LogModuleManager: Shutting down and abandoning module MatineeToLevelSequence (570)
[2025.08.21-13.54.33:851][526]LogModuleManager: Shutting down and abandoning module LevelSequenceEditor (568)
[2025.08.21-13.54.33:852][526]LogModuleManager: Shutting down and abandoning module PlacementMode (567)
[2025.08.21-13.54.33:852][526]LogModuleManager: Shutting down and abandoning module MaterialEditor (566)
[2025.08.21-13.54.33:853][526]LogModuleManager: Shutting down and abandoning module WmfMediaFactory (562)
[2025.08.21-13.54.33:853][526]LogModuleManager: Shutting down and abandoning module WmfMediaEditor (560)
[2025.08.21-13.54.33:853][526]LogModuleManager: Shutting down and abandoning module MediaPlayerEditor (558)
[2025.08.21-13.54.33:853][526]LogModuleManager: Shutting down and abandoning module OpenExrWrapper (556)
[2025.08.21-13.54.33:853][526]LogModuleManager: Shutting down and abandoning module ImgMediaFactory (554)
[2025.08.21-13.54.33:853][526]LogModuleManager: Shutting down and abandoning module ImgMediaEditor (552)
[2025.08.21-13.54.33:853][526]LogModuleManager: Shutting down and abandoning module AvfMediaFactory (550)
[2025.08.21-13.54.33:853][526]LogModuleManager: Shutting down and abandoning module AvfMediaEditor (548)
[2025.08.21-13.54.33:853][526]LogModuleManager: Shutting down and abandoning module AndroidMediaFactory (546)
[2025.08.21-13.54.33:853][526]LogModuleManager: Shutting down and abandoning module AndroidMediaEditor (544)
[2025.08.21-13.54.33:853][526]LogModuleManager: Shutting down and abandoning module MagicLeapCameraPreviewFactory (542)
[2025.08.21-13.54.33:853][526]LogModuleManager: Shutting down and abandoning module MagicLeapMediaFactory (540)
[2025.08.21-13.54.33:853][526]LogModuleManager: Shutting down and abandoning module MagicLeapMediaEditor (538)
[2025.08.21-13.54.33:853][526]LogModuleManager: Shutting down and abandoning module CharacterAI (536)
[2025.08.21-13.54.33:853][526]LogModuleManager: Shutting down and abandoning module SmartSnapping (534)
[2025.08.21-13.54.33:853][526]LogModuleManager: Shutting down and abandoning module SessionServices (532)
[2025.08.21-13.54.33:853][526]LogModuleManager: Shutting down and abandoning module ViewportSnapping (530)
[2025.08.21-13.54.33:853][526]LogModuleManager: Shutting down and abandoning module ViewportInteraction (528)
[2025.08.21-13.54.33:853][526]LogModuleManager: Shutting down and abandoning module ClothPainter (526)
[2025.08.21-13.54.33:855][526]LogModuleManager: Shutting down and abandoning module SkeletalMeshEditor (525)
[2025.08.21-13.54.33:856][526]LogModuleManager: Shutting down and abandoning module LogVisualizer (522)
[2025.08.21-13.54.33:856][526]LogModuleManager: Shutting down and abandoning module IntroTutorials (520)
[2025.08.21-13.54.33:856][526]LogModuleManager: Shutting down and abandoning module GameProjectGeneration (519)
[2025.08.21-13.54.33:857][526]LogModuleManager: Shutting down and abandoning module LuminPlatformEditor (516)
[2025.08.21-13.54.33:857][526]LogModuleManager: Shutting down and abandoning module IOSPlatformEditor (514)
[2025.08.21-13.54.33:857][526]LogModuleManager: Shutting down and abandoning module HTML5PlatformEditor (512)
[2025.08.21-13.54.33:857][526]LogModuleManager: Shutting down and abandoning module AndroidPlatformEditor (510)
[2025.08.21-13.54.33:857][526]LogModuleManager: Shutting down and abandoning module AndroidDeviceDetection (509)
[2025.08.21-13.54.34:842][526]LogModuleManager: Shutting down and abandoning module WindowsPlatformEditor (506)
[2025.08.21-13.54.34:842][526]LogModuleManager: Shutting down and abandoning module LuminRuntimeSettings (504)
[2025.08.21-13.54.34:842][526]LogModuleManager: Shutting down and abandoning module IOSRuntimeSettings (502)
[2025.08.21-13.54.34:842][526]LogModuleManager: Shutting down and abandoning module AndroidRuntimeSettings (500)
[2025.08.21-13.54.34:842][526]LogModuleManager: Shutting down and abandoning module InputBindingEditor (498)
[2025.08.21-13.54.34:843][526]LogModuleManager: Shutting down and abandoning module MergeActors (496)
[2025.08.21-13.54.34:843][526]LogModuleManager: Shutting down and abandoning module LocalizationDashboard (494)
[2025.08.21-13.54.34:843][526]LogModuleManager: Shutting down and abandoning module LocalizationService (493)
[2025.08.21-13.54.34:843][526]LogModuleManager: Shutting down and abandoning module HardwareTargeting (490)
[2025.08.21-13.54.34:843][526]LogModuleManager: Shutting down and abandoning module DeviceProfileEditor (488)
[2025.08.21-13.54.34:843][526]LogModuleManager: Shutting down and abandoning module UndoHistory (486)
[2025.08.21-13.54.34:843][526]LogModuleManager: Shutting down and abandoning module XmlParser (484)
[2025.08.21-13.54.34:843][526]LogModuleManager: Shutting down and abandoning module Blutility (482)
[2025.08.21-13.54.34:843][526]LogModuleManager: Shutting down and abandoning module ProjectSettingsViewer (480)
[2025.08.21-13.54.34:843][526]LogModuleManager: Shutting down and abandoning module ProjectTargetPlatformEditor (479)
[2025.08.21-13.54.34:843][526]LogModuleManager: Shutting down and abandoning module EditorSettingsViewer (476)
[2025.08.21-13.54.34:843][526]LogModuleManager: Shutting down and abandoning module SettingsEditor (474)
[2025.08.21-13.54.34:843][526]LogModuleManager: Shutting down and abandoning module ProjectLauncher (472)
[2025.08.21-13.54.34:843][526]LogModuleManager: Shutting down and abandoning module SessionFrontend (470)
[2025.08.21-13.54.34:843][526]LogModuleManager: Shutting down and abandoning module ProfilerClient (468)
[2025.08.21-13.54.34:844][526]LogModuleManager: Shutting down and abandoning module DeviceManager (466)
[2025.08.21-13.54.34:844][526]LogModuleManager: Shutting down and abandoning module TargetDeviceServices (465)
[2025.08.21-13.54.34:887][526]LogModuleManager: Shutting down and abandoning module AutomationController (462)
[2025.08.21-13.54.34:887][526]LogModuleManager: Shutting down and abandoning module AutomationWindow (460)
[2025.08.21-13.54.34:887][526]LogModuleManager: Shutting down and abandoning module Layers (458)
[2025.08.21-13.54.34:890][526]LogModuleManager: Shutting down and abandoning module ComponentVisualizers (456)
[2025.08.21-13.54.34:890][526]LogModuleManager: Shutting down and abandoning module DetailCustomizations (454)
[2025.08.21-13.54.34:890][526]LogModuleManager: Shutting down and abandoning module PackagesDialog (452)
[2025.08.21-13.54.34:890][526]LogModuleManager: Shutting down and abandoning module Persona (450)
[2025.08.21-13.54.34:890][526]LogModuleManager: Shutting down and abandoning module AdvancedPreviewScene (449)
[2025.08.21-13.54.34:890][526]LogModuleManager: Shutting down and abandoning module AnimGraph (447)
[2025.08.21-13.54.34:890][526]LogModuleManager: Shutting down and abandoning module Kismet (444)
[2025.08.21-13.54.34:893][526]LogModuleManager: Shutting down and abandoning module GraphEditor (442)
[2025.08.21-13.54.34:893][526]LogModuleManager: Shutting down and abandoning module ClassViewer (440)
[2025.08.21-13.54.34:893][526]LogModuleManager: Shutting down and abandoning module Toolbox (438)
[2025.08.21-13.54.34:893][526]LogModuleManager: Shutting down and abandoning module ModuleUI (436)
[2025.08.21-13.54.34:894][526]LogModuleManager: Shutting down and abandoning module MovieSceneTools (434)
[2025.08.21-13.54.34:894][526]LogModuleManager: Shutting down and abandoning module OutputLog (432)
[2025.08.21-13.54.34:894][526]LogModuleManager: Shutting down and abandoning module GammaUI (430)
[2025.08.21-13.54.34:894][526]LogModuleManager: Shutting down and abandoning module Documentation (428)
[2025.08.21-13.54.34:894][526]LogModuleManager: Shutting down and abandoning module MovieSceneTracks (426)
[2025.08.21-13.54.34:894][526]LogModuleManager: Shutting down and abandoning module MovieScene (424)
[2025.08.21-13.54.34:894][526]LogModuleManager: Shutting down and abandoning module StreamingPauseRendering (422)
[2025.08.21-13.54.34:894][526]LogModuleManager: Shutting down and abandoning module LauncherPlatform (420)
[2025.08.21-13.54.34:894][526]LogModuleManager: Shutting down and abandoning module AnalyticsET (418)
[2025.08.21-13.54.34:894][526]LogModuleManager: Shutting down and abandoning module PortalServices (416)
[2025.08.21-13.54.34:894][526]LogModuleManager: Shutting down and abandoning module PortalRpc (414)
[2025.08.21-13.54.34:894][526]LogModuleManager: Shutting down and abandoning module MessagingRpc (412)
[2025.08.21-13.54.34:894][526]LogModuleManager: Shutting down and abandoning module AIModule (410)
[2025.08.21-13.54.34:894][526]LogModuleManager: Shutting down and abandoning module GameplayDebugger (409)
[2025.08.21-13.54.34:894][526]LogModuleManager: Shutting down and abandoning module AITestSuite (407)
[2025.08.21-13.54.34:894][526]LogModuleManager: Shutting down and abandoning module NavigationSystem (405)
[2025.08.21-13.54.34:894][526]LogModuleManager: Shutting down and abandoning module DesktopPlatform (402)
[2025.08.21-13.54.34:894][526]LogModuleManager: Shutting down and abandoning module ProfilerService (400)
[2025.08.21-13.54.35:048][526]LogModuleManager: Shutting down and abandoning module TaskGraph (398)
[2025.08.21-13.54.35:049][526]LogModuleManager: Shutting down and abandoning module SteamVRController (396)
[2025.08.21-13.54.35:049][526]LogModuleManager: Shutting down and abandoning module ProceduralMeshComponentEditor (394)
[2025.08.21-13.54.35:049][526]LogModuleManager: Shutting down and abandoning module ProceduralMeshComponent (392)
[2025.08.21-13.54.35:049][526]LogModuleManager: Shutting down and abandoning module OculusInput (390)
[2025.08.21-13.54.35:049][526]LogModuleManager: Shutting down and abandoning module MobilePatchingUtils (388)
[2025.08.21-13.54.35:049][526]LogModuleManager: Shutting down and abandoning module EditableMesh (386)
[2025.08.21-13.54.35:049][526]LogModuleManager: Shutting down and abandoning module CustomMeshComponent (384)
[2025.08.21-13.54.35:049][526]LogModuleManager: Shutting down and abandoning module CableComponent (382)
[2025.08.21-13.54.35:049][526]LogModuleManager: Shutting down and abandoning module AudioCapture (380)
[2025.08.21-13.54.35:049][526]LogModuleManager: Shutting down and abandoning module ArchVisCharacter (378)
[2025.08.21-13.54.35:049][526]LogModuleManager: Shutting down and abandoning module AndroidPermission (376)
[2025.08.21-13.54.35:049][526]LogModuleManager: Shutting down and abandoning module NUTUnrealEngine4 (374)
[2025.08.21-13.54.35:049][526]LogModuleManager: Shutting down and abandoning module NetcodeUnitTest (372)
[2025.08.21-13.54.35:050][526]LogModuleManager: Shutting down and abandoning module MediaCompositingEditor (370)
[2025.08.21-13.54.35:050][526]LogModuleManager: Shutting down and abandoning module MediaCompositing (368)
[2025.08.21-13.54.35:050][526]LogModuleManager: Shutting down and abandoning module LinearTimecode (366)
[2025.08.21-13.54.35:050][526]LogModuleManager: Shutting down and abandoning module ImgMedia (364)
[2025.08.21-13.54.35:053][526]LogModuleManager: Shutting down and abandoning module HTML5Networking (362)
[2025.08.21-13.54.35:053][526]LogModuleManager: Shutting down and abandoning module GeometryCacheTracks (360)
[2025.08.21-13.54.35:053][526]LogModuleManager: Shutting down and abandoning module GeometryCacheSequencer (358)
[2025.08.21-13.54.35:053][526]LogModuleManager: Shutting down and abandoning module BackChannel (356)
[2025.08.21-13.54.35:053][526]LogModuleManager: Shutting down and abandoning module AppleVision (354)
[2025.08.21-13.54.35:053][526]LogModuleManager: Shutting down and abandoning module AppleImageUtils (352)
[2025.08.21-13.54.35:053][526]LogModuleManager: Shutting down and abandoning module AlembicImporter (350)
[2025.08.21-13.54.35:053][526]LogModuleManager: Shutting down and abandoning module AlembicLibrary (349)
[2025.08.21-13.54.35:053][526]LogModuleManager: Shutting down and abandoning module GeometryCache (348)
[2025.08.21-13.54.35:053][526]LogModuleManager: Shutting down and abandoning module GeometryCacheEd (347)
[2025.08.21-13.54.35:053][526]LogModuleManager: Shutting down and abandoning module DatasmithContentEditor (342)
[2025.08.21-13.54.35:053][526]LogModuleManager: Shutting down and abandoning module DatasmithContent (340)
[2025.08.21-13.54.35:053][526]LogModuleManager: Shutting down and abandoning module SpeedTreeImporter (338)
[2025.08.21-13.54.35:053][526]LogModuleManager: Shutting down and abandoning module PluginBrowser (336)
[2025.08.21-13.54.35:054][526]LogModuleManager: Shutting down and abandoning module MobileLauncherProfileWizard (334)
[2025.08.21-13.54.35:054][526]LogModuleManager: Shutting down and abandoning module PolygonModeling (332)
[2025.08.21-13.54.35:054][526]LogModuleManager: Shutting down and abandoning module MeshEditor (330)
[2025.08.21-13.54.35:054][526]LogModuleManager: Shutting down and abandoning module CryptoKeysOpenSSL (328)
[2025.08.21-13.54.35:054][526]LogModuleManager: Shutting down and abandoning module CryptoKeys (326)
[2025.08.21-13.54.35:054][526]LogModuleManager: Shutting down and abandoning module VisualStudioSourceCodeAccess (324)
[2025.08.21-13.54.35:054][526]LogModuleManager: Shutting down and abandoning module VisualStudioCodeSourceCodeAccess (322)
[2025.08.21-13.54.35:054][526]LogModuleManager: Shutting down and abandoning module UObjectPlugin (320)
[2025.08.21-13.54.35:054][526]LogModuleManager: Shutting down and abandoning module SubversionSourceControl (318)
[2025.08.21-13.54.35:054][526]LogModuleManager: Shutting down and abandoning module PerforceSourceControl (316)
[2025.08.21-13.54.35:054][526]LogModuleManager: Shutting down and abandoning module GitSourceControl (314)
[2025.08.21-13.54.35:054][526]LogModuleManager: Shutting down and abandoning module SourceControl (313)
[2025.08.21-13.54.35:054][526]LogModuleManager: Shutting down and abandoning module CLionSourceCodeAccess (310)
[2025.08.21-13.54.35:054][526]LogModuleManager: Shutting down and abandoning module LightPropagationVolumeEditor (308)
[2025.08.21-13.54.35:054][526]LogModuleManager: Shutting down and abandoning module PaperTiledImporter (306)
[2025.08.21-13.54.35:054][526]LogModuleManager: Shutting down and abandoning module PaperSpriteSheetImporter (304)
[2025.08.21-13.54.35:054][526]LogModuleManager: Shutting down and abandoning module Paper2DEditor (302)
[2025.08.21-13.54.35:055][526]LogModuleManager: Shutting down and abandoning module MeshPaint (301)
[2025.08.21-13.54.35:055][526]LogModuleManager: Shutting down and abandoning module RuntimePhysXCooking (298)
[2025.08.21-13.54.35:055][526]LogModuleManager: Shutting down and abandoning module PhysXVehiclesEditor (296)
[2025.08.21-13.54.35:055][526]LogModuleManager: Shutting down and abandoning module PhysXVehicles (294)
[2025.08.21-13.54.35:055][526]LogModuleManager: Shutting down and abandoning module OculusEditor (292)
[2025.08.21-13.54.35:055][526]LogModuleManager: Shutting down and abandoning module LocationServicesBPLibrary (290)
[2025.08.21-13.54.35:055][526]LogModuleManager: Shutting down and abandoning module ImmediatePhysicsEditor (288)
[2025.08.21-13.54.35:055][526]LogModuleManager: Shutting down and abandoning module ImmediatePhysics (286)
[2025.08.21-13.54.35:055][526]LogModuleManager: Shutting down and abandoning module ActorSequence (284)
[2025.08.21-13.54.35:055][526]LogModuleManager: Shutting down and abandoning module UdpMessaging (282)
[2025.08.21-13.54.35:156][526]LogModuleManager: Shutting down and abandoning module TcpMessaging (280)
[2025.08.21-13.54.35:257][526]LogModuleManager: Shutting down and abandoning module MagicLeapAudio (278)
[2025.08.21-13.54.35:257][526]LogModuleManager: Shutting down and abandoning module GameplayTagsEditor (276)
[2025.08.21-13.54.35:257][526]LogModuleManager: Shutting down and abandoning module FacialAnimationEditor (274)
[2025.08.21-13.54.35:257][526]LogModuleManager: Shutting down and abandoning module FacialAnimation (272)
[2025.08.21-13.54.35:257][526]LogModuleManager: Shutting down and abandoning module DataValidation (270)
[2025.08.21-13.54.35:257][526]LogModuleManager: Shutting down and abandoning module AssetManagerEditor (268)
[2025.08.21-13.54.35:258][526]LogModuleManager: Shutting down and abandoning module LevelEditor (267)
[2025.08.21-13.54.35:258][526]LogModuleManager: Shutting down and abandoning module PixelInspectorModule (266)
[2025.08.21-13.54.35:258][526]LogModuleManager: Shutting down and abandoning module CommonMenuExtensions (264)
[2025.08.21-13.54.35:258][526]LogModuleManager: Shutting down and abandoning module MainFrame (262)
[2025.08.21-13.54.35:259][526]LogModuleManager: Shutting down and abandoning module HotReload (261)
[2025.08.21-13.54.35:259][526]LogModuleManager: Shutting down and abandoning module ContentBrowser (257)
[2025.08.21-13.54.35:260][526]LogModuleManager: Shutting down and abandoning module TreeMap (255)
[2025.08.21-13.54.35:260][526]LogModuleManager: Shutting down and abandoning module LightPropagationVolumeRuntime (252)
[2025.08.21-13.54.35:260][526]LogModuleManager: Shutting down and abandoning module AISupportModule (250)
[2025.08.21-13.54.35:260][526]LogModuleManager: Shutting down and abandoning module Paper2D (248)
[2025.08.21-13.54.35:260][526]LogModuleManager: Shutting down and abandoning module WindowsMoviePlayer (246)
[2025.08.21-13.54.35:260][526]LogModuleManager: Shutting down and abandoning module WmfMedia (244)
[2025.08.21-13.54.35:262][526]LogModuleManager: Shutting down and abandoning module Media (243)
[2025.08.21-13.54.35:268][526]LogModuleManager: Shutting down and abandoning module PacketHandler (240)
[2025.08.21-13.54.35:268][526]LogModuleManager: Shutting down and abandoning module ClothingSystemEditor (238)
[2025.08.21-13.54.35:268][526]LogModuleManager: Shutting down and abandoning module ClothingSystemRuntime (236)
[2025.08.21-13.54.35:269][526]LogModuleManager: Shutting down and abandoning module MediaAssets (234)
[2025.08.21-13.54.35:269][526]LogModuleManager: Shutting down and abandoning module Overlay (232)
[2025.08.21-13.54.35:269][526]LogModuleManager: Shutting down and abandoning module OverlayEditor (231)
[2025.08.21-13.54.35:269][526]LogModuleManager: Shutting down and abandoning module VREditor (228)
[2025.08.21-13.54.35:269][526]LogModuleManager: Shutting down and abandoning module StringTableEditor (226)
[2025.08.21-13.54.35:269][526]LogModuleManager: Shutting down and abandoning module GameplayTasksEditor (224)
[2025.08.21-13.54.35:269][526]LogModuleManager: Shutting down and abandoning module BehaviorTreeEditor (222)
[2025.08.21-13.54.35:269][526]LogModuleManager: Shutting down and abandoning module FunctionalTesting (220)
[2025.08.21-13.54.35:269][526]LogModuleManager: Shutting down and abandoning module CollisionAnalyzer (218)
[2025.08.21-13.54.35:269][526]LogModuleManager: Shutting down and abandoning module WorkspaceMenuStructure (217)
[2025.08.21-13.54.35:269][526]LogModuleManager: Shutting down and abandoning module UMG (214)
[2025.08.21-13.54.35:270][526]LogModuleManager: Shutting down and abandoning module UMGEditor (213)
[2025.08.21-13.54.35:271][526]LogModuleManager: Shutting down and abandoning module Sequencer (212)
[2025.08.21-13.54.35:272][526]LogModuleManager: Shutting down and abandoning module MessageLog (209)
[2025.08.21-13.54.35:272][526]LogModuleManager: Shutting down and abandoning module SlateReflector (204)
[2025.08.21-13.54.35:272][526]LogModuleManager: Shutting down and abandoning module Slate (202)
[2025.08.21-13.54.35:272][526]LogModuleManager: Shutting down and abandoning module EditorStyle (200)
[2025.08.21-13.54.35:274][526]LogModuleManager: Shutting down and abandoning module MRMesh (198)
[2025.08.21-13.54.35:274][526]LogModuleManager: Shutting down and abandoning module SourceCodeAccess (196)
[2025.08.21-13.54.35:274][526]LogModuleManager: Shutting down and abandoning module HeadMountedDisplay (194)
[2025.08.21-13.54.35:274][526]LogModuleManager: Shutting down and abandoning module XAudio2 (192)
[2025.08.21-13.54.35:274][526]LogModuleManager: Shutting down and abandoning module Networking (190)
[2025.08.21-13.54.35:274][526]LogModuleManager: Shutting down and abandoning module Core (188)
[2025.08.21-13.54.35:274][526]LogModuleManager: Shutting down and abandoning module LevelSequence (186)
[2025.08.21-13.54.35:274][526]LogModuleManager: Shutting down and abandoning module KismetCompiler (184)
[2025.08.21-13.54.35:274][526]LogModuleManager: Shutting down and abandoning module MeshUtilities (182)
[2025.08.21-13.54.35:274][526]LogModuleManager: Shutting down and abandoning module MeshMergeUtilities (181)
[2025.08.21-13.54.35:274][526]LogModuleManager: Shutting down and abandoning module MeshReductionInterface (180)
[2025.08.21-13.54.35:274][526]LogModuleManager: Shutting down and abandoning module SimplygonSwarm (179)
[2025.08.21-13.54.35:274][526]LogModuleManager: Shutting down and abandoning module ProxyLODMeshReduction (177)
[2025.08.21-13.54.35:275][526]LogModuleManager: Shutting down and abandoning module SimplygonMeshReduction (175)
[2025.08.21-13.54.35:275][526]LogModuleManager: Shutting down and abandoning module QuadricMeshReduction (173)
[2025.08.21-13.54.35:275][526]LogModuleManager: Shutting down and abandoning module MaterialBaking (169)
[2025.08.21-13.54.35:276][526]LogModuleManager: Shutting down and abandoning module DirectoryWatcher (165)
[2025.08.21-13.54.35:276][526]LogModuleManager: Shutting down and abandoning module DerivedDataCache (162)
[2025.08.21-13.54.35:342][526]LogDerivedDataCache: Shutdown
[2025.08.21-13.54.35:342][526]LogModuleManager: Shutting down and abandoning module XGEController (160)
[2025.08.21-13.54.35:342][526]LogXGEController: Cleaning working directory: C:/Users/Leo/AppData/Local/Temp/UnrealXGEWorkingDir/
[2025.08.21-13.54.35:342][526]LogModuleManager: Shutting down and abandoning module TargetPlatform (158)
[2025.08.21-13.54.35:342][526]LogModuleManager: Shutting down and abandoning module VulkanShaderFormat (157)
[2025.08.21-13.54.35:342][526]LogModuleManager: Shutting down and abandoning module ShaderFormatVectorVM (155)
[2025.08.21-13.54.35:342][526]LogModuleManager: Shutting down and abandoning module ShaderFormatOpenGL (153)
[2025.08.21-13.54.35:343][526]LogModuleManager: Shutting down and abandoning module ShaderFormatD3D (151)
[2025.08.21-13.54.35:343][526]LogModuleManager: Shutting down and abandoning module MetalShaderFormat (149)
[2025.08.21-13.54.35:343][526]LogModuleManager: Shutting down and abandoning module TextureFormatUncompressed (147)
[2025.08.21-13.54.35:343][526]LogModuleManager: Shutting down and abandoning module TextureFormatPVR (145)
[2025.08.21-13.54.35:343][526]LogModuleManager: Shutting down and abandoning module TextureFormatDXT (143)
[2025.08.21-13.54.35:343][526]LogModuleManager: Shutting down and abandoning module TextureFormatIntelISPCTexComp (141)
[2025.08.21-13.54.35:343][526]LogModuleManager: Shutting down and abandoning module TextureFormatASTC (139)
[2025.08.21-13.54.35:343][526]LogModuleManager: Shutting down and abandoning module ImageWrapper (138)
[2025.08.21-13.54.35:343][526]LogModuleManager: Shutting down and abandoning module TextureFormatAndroid (135)
[2025.08.21-13.54.35:343][526]LogModuleManager: Shutting down and abandoning module AudioFormatOpus (133)
[2025.08.21-13.54.35:343][526]LogModuleManager: Shutting down and abandoning module AudioFormatOgg (131)
[2025.08.21-13.54.35:343][526]LogModuleManager: Shutting down and abandoning module AudioFormatADPCM (129)
[2025.08.21-13.54.35:343][526]LogModuleManager: Shutting down and abandoning module LuminTargetPlatform (127)
[2025.08.21-13.54.35:344][526]LogModuleManager: Shutting down and abandoning module LinuxTargetPlatform (125)
[2025.08.21-13.54.35:344][526]LogModuleManager: Shutting down and abandoning module LinuxServerTargetPlatform (123)
[2025.08.21-13.54.35:344][526]LogModuleManager: Shutting down and abandoning module LinuxNoEditorTargetPlatform (121)
[2025.08.21-13.54.35:344][526]LogModuleManager: Shutting down and abandoning module LinuxClientTargetPlatform (119)
[2025.08.21-13.54.35:344][526]LogModuleManager: Shutting down and abandoning module TVOSTargetPlatform (117)
[2025.08.21-13.54.35:344][526]LogModuleManager: Shutting down and abandoning module Messaging (115)
[2025.08.21-13.54.35:344][526]LogModuleManager: Shutting down and abandoning module IOSTargetPlatform (113)
[2025.08.21-13.54.35:345][526]LogModuleManager: Shutting down and abandoning module HTML5TargetPlatform (111)
[2025.08.21-13.54.35:345][526]LogModuleManager: Shutting down and abandoning module AndroidTargetPlatform (109)
[2025.08.21-13.54.35:349][526]LogModuleManager: Shutting down and abandoning module WindowsTargetPlatform (107)
[2025.08.21-13.54.35:349][526]LogModuleManager: Shutting down and abandoning module WindowsServerTargetPlatform (105)
[2025.08.21-13.54.35:349][526]LogModuleManager: Shutting down and abandoning module WindowsNoEditorTargetPlatform (103)
[2025.08.21-13.54.35:349][526]LogModuleManager: Shutting down and abandoning module WindowsClientTargetPlatform (101)
[2025.08.21-13.54.35:349][526]LogModuleManager: Shutting down and abandoning module MacTargetPlatform (99)
[2025.08.21-13.54.35:349][526]LogModuleManager: Shutting down and abandoning module MacServerTargetPlatform (97)
[2025.08.21-13.54.35:349][526]LogModuleManager: Shutting down and abandoning module MacNoEditorTargetPlatform (95)
[2025.08.21-13.54.35:349][526]LogModuleManager: Shutting down and abandoning module MacClientTargetPlatform (93)
[2025.08.21-13.54.35:349][526]LogModuleManager: Shutting down and abandoning module AllDesktopTargetPlatform (91)
[2025.08.21-13.54.35:349][526]LogModuleManager: Shutting down and abandoning module InputCore (88)
[2025.08.21-13.54.35:349][526]LogModuleManager: Shutting down and abandoning module Settings (86)
[2025.08.21-13.54.35:349][526]LogModuleManager: Shutting down and abandoning module PhysXCooking (84)
[2025.08.21-13.54.35:349][526]LogModuleManager: Shutting down and abandoning module SteamVR (82)
[2025.08.21-13.54.35:349][526]LogModuleManager: Shutting down and abandoning module OculusHMD (80)
[2025.08.21-13.54.35:349][526]LogModuleManager: Shutting down and abandoning module ExampleDeviceProfileSelector (78)
[2025.08.21-13.54.35:349][526]LogModuleManager: Shutting down and abandoning module LauncherChunkInstaller (76)
[2025.08.21-13.54.35:349][526]LogModuleManager: Shutting down and abandoning module OnlineBlueprintSupport (74)
[2025.08.21-13.54.35:349][526]LogModuleManager: Shutting down and abandoning module OnlineSubsystem (70)
[2025.08.21-13.54.35:351][526]LogModuleManager: Shutting down and abandoning module XMPP (65)
[2025.08.21-13.54.35:351][526]LogModuleManager: Shutting down and abandoning module WebSockets (64)
[2025.08.21-13.54.35:377][526]LogModuleManager: Shutting down and abandoning module HTTP (61)
[2025.08.21-13.54.35:377][526]LogHttp: Display: Http module shutting down, but needs to wait on 1 outstanding Http requests:
[2025.08.21-13.54.35:377][526]LogHttp: Display: 	verb=[POST] url=[https://datarouter.ol.epicgames.com/datarouter/api/v1/public/data?SessionID=%7BF2459222-4CBB-7FA6-EA4E-42AC98DE92B5%7D&AppID=UEEditor.Rocket.Release&AppVersion=4.20.3-4369336%2B%2B%2BUE4%2BRelease-4.20&UserID=467142504b01d71ca5cf1c9e118dd958%7Cb88f9eeb7ca14c04b3b37a2adc700b3d%7Cdf0c021b-d2af-40a7-a8b2-7f6e31115ee3&AppEnvironment=datacollector-binary&UploadType=eteventstream] status=Processing
[2025.08.21-13.54.35:411][526]LogModuleManager: Shutting down and abandoning module SSL (60)
[2025.08.21-13.54.35:412][526]LogModuleManager: Shutting down and abandoning module MagicLeapEmulator (56)
[2025.08.21-13.54.35:412][526]LogModuleManager: Shutting down and abandoning module MagicLeapPrivileges (54)
[2025.08.21-13.54.35:412][526]LogModuleManager: Shutting down and abandoning module MagicLeapIdentity (52)
[2025.08.21-13.54.35:412][526]LogModuleManager: Shutting down and abandoning module MagicLeapHelperVulkan (50)
[2025.08.21-13.54.35:412][526]LogModuleManager: Shutting down and abandoning module MagicLeapHelperOpenGL (48)
[2025.08.21-13.54.35:412][526]LogModuleManager: Shutting down and abandoning module MagicLeapSecureStorage (46)
[2025.08.21-13.54.35:412][526]LogModuleManager: Shutting down and abandoning module MagicLeapGestures (44)
[2025.08.21-13.54.35:412][526]LogModuleManager: Shutting down and abandoning module MagicLeapEyeTracker (42)
[2025.08.21-13.54.35:412][526]LogModuleManager: Shutting down and abandoning module MagicLeapController (40)
[2025.08.21-13.54.35:412][526]LogSlate: Slate User Destroyed.  User Index 0, Is Virtual User: 0
[2025.08.21-13.54.35:412][526]LogModuleManager: Shutting down and abandoning module MagicLeap (38)
[2025.08.21-13.54.35:412][526]LogModuleManager: Shutting down and abandoning module AnimationModifiers (36)
[2025.08.21-13.54.35:412][526]LogModuleManager: Shutting down and abandoning module PropertyEditor (35)
[2025.08.21-13.54.35:412][526]LogModuleManager: Shutting down and abandoning module AudioEditor (32)
[2025.08.21-13.54.35:412][526]LogModuleManager: Shutting down and abandoning module TextureCompressor (30)
[2025.08.21-13.54.35:413][526]LogModuleManager: Shutting down and abandoning module ShaderCore (28)
[2025.08.21-13.54.35:413][526]LogModuleManager: Shutting down and abandoning module Landscape (26)
[2025.08.21-13.54.35:413][526]LogModuleManager: Shutting down and abandoning module SlateRHIRenderer (24)
[2025.08.21-13.54.35:414][526]LogModuleManager: Shutting down and abandoning module OpenGLDrv (22)
[2025.08.21-13.54.35:414][526]LogModuleManager: Shutting down and abandoning module D3D11RHI (20)
[2025.08.21-13.54.35:414][526]LogModuleManager: Shutting down and abandoning module AnimGraphRuntime (18)
[2025.08.21-13.54.35:414][526]LogModuleManager: Shutting down and abandoning module Renderer (16)
[2025.08.21-13.54.35:414][526]LogModuleManager: Shutting down and abandoning module Engine (14)
[2025.08.21-13.54.35:414][526]LogModuleManager: Shutting down and abandoning module CoreUObject (12)
[2025.08.21-13.54.35:414][526]LogModuleManager: Shutting down and abandoning module NetworkFile (10)
[2025.08.21-13.54.35:414][526]LogModuleManager: Shutting down and abandoning module CookedIterativeFile (8)
[2025.08.21-13.54.35:414][526]LogModuleManager: Shutting down and abandoning module StreamingFile (6)
[2025.08.21-13.54.35:414][526]LogModuleManager: Shutting down and abandoning module SandboxFile (4)
[2025.08.21-13.54.35:414][526]LogModuleManager: Shutting down and abandoning module PakFile (2)
[2025.08.21-13.54.35:420][526]LogExit: Exiting.
[2025.08.21-13.54.35:436][526]Log file closed, 08/21/25 10:54:35
