Log file open, 08/18/25 08:01:24
LogWindows: Failed to load 'aqProf.dll' (GetLastError=126)
LogWindows: File 'aqProf.dll' does not exist
LogWindows: Failed to load 'VSPerf140.dll' (GetLastError=126)
LogWindows: File 'VSPerf140.dll' does not exist
LogWindows: Failed to load 'VtuneApi.dll' (GetLastError=126)
LogWindows: File 'VtuneApi.dll' does not exist
LogWindows: Failed to load 'VtuneApi32e.dll' (GetLastError=126)
LogWindows: File 'VtuneApi32e.dll' does not exist
LogInit: Display: Running engine for game: CrystalCavern
LogPlatformFile: Not using cached read wrapper
LogTaskGraph: Started task graph with 5 named threads and 35 total threads with 3 sets of task threads.
LogStats: Stats thread started at 0.961333
LogD3D11RHI: Loaded GFSDK_Aftermath_Lib.x64.dll
LogICUInternationalization: Display: ICU TimeZone Detection - Raw Offset: -3:00, Platform Override: ''
LogPluginManager: Mounting plugin Paper2D
LogPluginManager: Mounting plugin AISupport
LogPluginManager: Mounting plugin LightPropagationVolume
LogPluginManager: Mounting plugin CLionSourceCodeAccess
LogPluginManager: Mounting plugin CodeLiteSourceCodeAccess
LogPluginManager: Mounting plugin GitSourceControl
LogPluginManager: Mounting plugin KDevelopSourceCodeAccess
LogPluginManager: Mounting plugin NullSourceCodeAccess
LogPluginManager: Mounting plugin PerforceSourceControl
LogPluginManager: Mounting plugin SubversionSourceControl
LogPluginManager: Mounting plugin UObjectPlugin
LogPluginManager: Mounting plugin VisualStudioCodeSourceCodeAccess
LogPluginManager: Mounting plugin VisualStudioSourceCodeAccess
LogPluginManager: Mounting plugin XCodeSourceCodeAccess
LogPluginManager: Mounting plugin AssetManagerEditor
LogPluginManager: Mounting plugin CryptoKeys
LogPluginManager: Mounting plugin DataValidation
LogPluginManager: Mounting plugin FacialAnimation
LogPluginManager: Mounting plugin GameplayTagsEditor
LogPluginManager: Mounting plugin MacGraphicsSwitching
LogPluginManager: Mounting plugin MeshEditor
LogPluginManager: Mounting plugin MobileLauncherProfileWizard
LogPluginManager: Mounting plugin PluginBrowser
LogPluginManager: Mounting plugin SpeedTreeImporter
LogPluginManager: Mounting plugin DatasmithContent
LogPluginManager: Mounting plugin AlembicImporter
LogPluginManager: Mounting plugin AppleImageUtils
LogPluginManager: Mounting plugin AppleVision
LogPluginManager: Mounting plugin BackChannel
LogPluginManager: Mounting plugin CharacterAI
LogPluginManager: Mounting plugin GeometryCache
LogPluginManager: Mounting plugin HTML5Networking
LogPluginManager: Mounting plugin ProxyLODPlugin
LogPluginManager: Mounting plugin MagicLeap
LogPluginManager: Mounting plugin MagicLeapEmulator
LogPluginManager: Mounting plugin MagicLeapMedia
LogPluginManager: Mounting plugin AndroidMedia
LogPluginManager: Mounting plugin AvfMedia
LogPluginManager: Mounting plugin ImgMedia
LogPluginManager: Mounting plugin LinearTimecode
LogPluginManager: Mounting plugin MediaCompositing
LogPluginManager: Mounting plugin MediaPlayerEditor
LogPluginManager: Mounting plugin WmfMedia
LogPluginManager: Mounting plugin TcpMessaging
LogPluginManager: Mounting plugin UdpMessaging
LogPluginManager: Mounting plugin ActorSequence
LogPluginManager: Mounting plugin LevelSequenceEditor
LogPluginManager: Mounting plugin MatineeToLevelSequence
LogPluginManager: Mounting plugin NetcodeUnitTest
LogPluginManager: Mounting plugin NUTUnrealEngine4
LogPluginManager: Mounting plugin OnlineSubsystemGooglePlay
LogPluginManager: Mounting plugin OnlineSubsystemIOS
LogPluginManager: Mounting plugin OnlineSubsystem
LogPluginManager: Mounting plugin OnlineSubsystemNull
LogPluginManager: Mounting plugin OnlineSubsystemUtils
LogPluginManager: Mounting plugin LauncherChunkInstaller
LogPluginManager: Mounting plugin AndroidDeviceProfileSelector
LogPluginManager: Mounting plugin AndroidMoviePlayer
LogPluginManager: Mounting plugin AndroidPermission
LogPluginManager: Mounting plugin AppleMoviePlayer
LogPluginManager: Mounting plugin ArchVisCharacter
LogPluginManager: Mounting plugin AudioCapture
LogPluginManager: Mounting plugin CableComponent
LogPluginManager: Mounting plugin CustomMeshComponent
LogPluginManager: Mounting plugin EditableMesh
LogPluginManager: Mounting plugin ExampleDeviceProfileSelector
LogPluginManager: Mounting plugin GoogleCloudMessaging
LogPluginManager: Mounting plugin ImmediatePhysics
LogPluginManager: Mounting plugin IOSDeviceProfileSelector
LogPluginManager: Mounting plugin LinuxDeviceProfileSelector
LogPluginManager: Mounting plugin LocationServicesBPLibrary
LogPluginManager: Mounting plugin MobilePatchingUtils
LogPluginManager: Mounting plugin OculusVR
LogPluginManager: Plugin shader directory ../../../Engine/Plugins/Runtime/Oculus/OculusVR/Shaders found
LogPluginManager: Mapping shader source directory ../../../Engine/Plugins/Runtime/Oculus/OculusVR/Shaders to virtual directory /Plugin/OculusVR
LogPluginManager: Mounting plugin PhysXVehicles
LogPluginManager: Mounting plugin ProceduralMeshComponent
LogPluginManager: Mounting plugin RuntimePhysXCooking
LogPluginManager: Mounting plugin SteamVR
LogPluginManager: Mounting plugin WindowsMoviePlayer
LogStreaming: Display: Took  0.113s to configure plugins.
LogInit: Using libcurl 7.55.1-DEV
LogInit:  - built for x86_64-pc-win32
LogInit:  - supports SSL with OpenSSL/1.0.2h
LogInit:  - supports HTTP deflate (compression) using libz 1.2.8
LogInit:  - other features:
LogInit:      CURL_VERSION_SSL
LogInit:      CURL_VERSION_LIBZ
LogInit:      CURL_VERSION_IPV6
LogInit:      CURL_VERSION_ASYNCHDNS
LogInit:      CURL_VERSION_LARGEFILE
LogInit:      CURL_VERSION_IDN
LogInit:  CurlRequestOptions (configurable via config and command line):
LogInit:  - bVerifyPeer = false  - Libcurl will NOT verify peer certificate
LogInit:  - bUseHttpProxy = false  - Libcurl will NOT use HTTP proxy
LogInit:  - bDontReuseConnections = false  - Libcurl will reuse connections
LogInit:  - CertBundlePath = nullptr  - Libcurl will use whatever was configured at build time.
LogInit:  - MaxHostConnections = 16  - Libcurl will limit the number of connections to a host
LogInit:  - LocalHostAddr = Default
LogInit:  - BufferSize = 65536
LogInit: WinSock: version 1.1 (2.2), MaxSocks=32767, MaxUdp=65467
LogInit: Build: ++UE4+Release-4.20-CL-4369336
LogInit: Engine Version: 4.20.3-4369336+++UE4+Release-4.20
LogInit: Compatible Engine Version: 4.20.0-4212847+++UE4+Release-4.20
LogInit: Net CL: 4212847
LogInit: OS: Windows 10 (), CPU: 11th Gen Intel(R) Core(TM) i5-11260H @ 2.60GHz, GPU: Intel(R) Iris(R) Xe Graphics
LogInit: Compiled (64-bit): Sep 17 2018 12:26:19
LogInit: Compiled with Visual C++: 19.13.26129.00
LogInit: Build Configuration: Development
LogInit: Branch Name: ++UE4+Release-4.20
LogInit: Command Line:  
LogInit: Base Directory: C:/Program Files/Epic Games/UE_4.20/Engine/Binaries/Win64/
LogInit: Installed Engine Build: 1
LogDevObjectVersion: Number of dev versions registered: 20
LogDevObjectVersion:   Dev-Blueprints (B0D832E4-1F89-4F0D-ACCF-7EB736FD4AA2): 10
LogDevObjectVersion:   Dev-Build (E1C64328-A22C-4D53-A36C-8E866417BD8C): 0
LogDevObjectVersion:   Dev-Core (375EC13C-06E4-48FB-B500-84F0262A717E): 2
LogDevObjectVersion:   Dev-Editor (E4B068ED-F494-42E9-A231-DA0B2E46BB41): 24
LogDevObjectVersion:   Dev-Framework (CFFC743F-43B0-4480-9391-14DF171D2073): 34
LogDevObjectVersion:   Dev-Mobile (B02B49B5-BB20-44E9-A304-32B752E40360): 2
LogDevObjectVersion:   Dev-Networking (A4E4105C-59A1-49B5-A7C5-40C4547EDFEE): 0
LogDevObjectVersion:   Dev-Online (39C831C9-5AE6-47DC-9A44-9C173E1C8E7C): 0
LogDevObjectVersion:   Dev-Physics (78F01B33-EBEA-4F98-B9B4-84EACCB95AA2): 0
LogDevObjectVersion:   Dev-Platform (6631380F-2D4D-43E0-8009-CF276956A95A): 0
LogDevObjectVersion:   Dev-Rendering (12F88B9F-8875-4AFC-A67C-D90C383ABD29): 26
LogDevObjectVersion:   Dev-Sequencer (7B5AE74C-D270-4C10-A958-57980B212A5A): 9
LogDevObjectVersion:   Dev-VR (D7296918-1DD6-4BDD-9DE2-64A83CC13884): 2
LogDevObjectVersion:   Dev-LoadTimes (C2A15278-BFE7-4AFE-6C17-90FF531DF755): 1
LogDevObjectVersion:   Private-Geometry (6EACA3D4-40EC-4CC1-B786-8BED09428FC5): 3
LogDevObjectVersion:   Dev-AnimPhys (29E575DD-E0A3-4627-9D10-D276232CDCEA): 17
LogDevObjectVersion:   Dev-ReflectionCapture (6B266CEC-1EC7-4B8F-A30B-E4D90942FC07): 1
LogDevObjectVersion:   Dev-Automation (0DF73D61-A23F-47EA-B727-89E90C41499A): 1
LogDevObjectVersion:   FortniteMain (601D1886-AC64-4F84-AA16-D3DE0DEAC7D6): 12
LogDevObjectVersion:   Dev-Enterprise (9DFFBCD6-494F-0158-E221-12823C92A888): 1
LogStreaming: Display: Took  0.000s to delete old logs.
LogInit: Presizing for max 8388607 objects, including 0 objects not considered by GC, pre-allocating 0 bytes for permanent pool.
LogInit: Object subsystem initialized
[2025.08.18-11.01.25:227][  0]LogInit: Selected Device Profile: [Windows]
[2025.08.18-11.01.25:228][  0]LogInit: Applying CVar settings loaded from the selected device profile: [Windows]
[2025.08.18-11.01.25:251][  0]LogHAL: Display: Platform has ~ 32 GB [34077446144 / 34359738368 / 32], which maps to Largest [LargestMinGB=32, LargerMinGB=12, DefaultMinGB=8, SmallerMinGB=6, SmallestMinGB=0)
[2025.08.18-11.01.25:251][  0]LogInit: Setting Device Profile CVar: [[r.Vulkan.UseRealUBs:1]]
[2025.08.18-11.01.25:251][  0]LogInit: Going up to parent DeviceProfile []
[2025.08.18-11.01.25:253][  0]LogInit: Computer: LEO
[2025.08.18-11.01.25:253][  0]LogInit: User: Leo
[2025.08.18-11.01.25:253][  0]LogInit: CPU Page size=4096, Cores=6
[2025.08.18-11.01.25:253][  0]LogInit: High frequency timer resolution =10.000000 MHz
[2025.08.18-11.01.25:254][  0]LogMemory: Memory total: Physical=31.7GB (32GB approx)
[2025.08.18-11.01.25:254][  0]LogMemory: Platform Memory Stats for Windows
[2025.08.18-11.01.25:254][  0]LogMemory: Process Physical Memory: 102.85 MB used, 102.86 MB peak
[2025.08.18-11.01.25:254][  0]LogMemory: Process Virtual Memory: 85.87 MB used, 85.87 MB peak
[2025.08.18-11.01.25:254][  0]LogMemory: Physical Memory: 9039.32 MB used,  23459.47 MB free, 32498.79 MB total
[2025.08.18-11.01.25:254][  0]LogMemory: Virtual Memory: 4642.17 MB used,  23459.47 MB free, 134217728.00 MB total
[2025.08.18-11.01.25:332][  0]LogInit: Using OS detected language (en-US).
[2025.08.18-11.01.25:332][  0]LogInit: Using OS detected locale (es-AR).
[2025.08.18-11.01.25:332][  0]LogTextLocalizationManager: No specific localization for 'en-US' exists, so the 'en' localization will be used.
[2025.08.18-11.01.25:709][  0]LogStreaming: Display: Took  0.377s to InitEngineTextLocalization.
[2025.08.18-11.01.25:710][  0]LogInit: Setting process to per monitor DPI aware
[2025.08.18-11.01.25:791][  0]LogSlate: New Slate User Created.  User Index 0, Is Virtual User: 0
[2025.08.18-11.01.25:791][  0]LogSlate: Slate User Registered.  User Index 0, Is Virtual User: 0
[2025.08.18-11.01.28:515][  0]LogHMD: Failed to initialize OpenVR with code 110
[2025.08.18-11.01.28:515][  0]LogD3D11RHI: D3D11 adapters:
[2025.08.18-11.01.28:656][  0]LogD3D11RHI:    0. 'NVIDIA GeForce RTX 3050 Laptop GPU' (Feature Level 11_0)
[2025.08.18-11.01.28:656][  0]LogD3D11RHI:       3964/0/16249 MB DedicatedVideo/DedicatedSystem/SharedSystem, Outputs:1, VendorId:0x10de
[2025.08.18-11.01.28:679][  0]LogD3D11RHI:    1. 'Intel(R) Iris(R) Xe Graphics' (Feature Level 11_0)
[2025.08.18-11.01.28:679][  0]LogD3D11RHI:       128/0/16249 MB DedicatedVideo/DedicatedSystem/SharedSystem, Outputs:0, VendorId:0x8086
[2025.08.18-11.01.28:682][  0]LogD3D11RHI:    2. 'Microsoft Basic Render Driver' (Feature Level 11_0)
[2025.08.18-11.01.28:682][  0]LogD3D11RHI:       0/0/16249 MB DedicatedVideo/DedicatedSystem/SharedSystem, Outputs:0, VendorId:0x1414
[2025.08.18-11.01.28:682][  0]LogD3D11RHI: Chosen D3D11 Adapter: 0
[2025.08.18-11.01.28:686][  0]LogD3D11RHI: Creating new Direct3DDevice
[2025.08.18-11.01.28:686][  0]LogD3D11RHI:     GPU DeviceId: 0x25a2 (for the marketing name, search the web for "GPU Device Id")
[2025.08.18-11.01.28:686][  0]LogWindows: EnumDisplayDevices:
[2025.08.18-11.01.28:687][  0]LogWindows:    0. 'Intel(R) Iris(R) Xe Graphics' (P:1 D:1)
[2025.08.18-11.01.28:687][  0]LogWindows:    1. 'Intel(R) Iris(R) Xe Graphics' (P:0 D:0)
[2025.08.18-11.01.28:687][  0]LogWindows:    2. 'Intel(R) Iris(R) Xe Graphics' (P:0 D:0)
[2025.08.18-11.01.28:687][  0]LogWindows:    3. 'Intel(R) Iris(R) Xe Graphics' (P:0 D:0)
[2025.08.18-11.01.28:687][  0]LogWindows:    4. 'NVIDIA GeForce RTX 3050 Laptop GPU' (P:0 D:0)
[2025.08.18-11.01.28:687][  0]LogWindows: DebugString: PrimaryIsNotTheChoosenAdapter PrimaryIsNotTheChoosenAdapter PrimaryIsNotTheChoosenAdapter PrimaryIsNotTheChoosenAdapter 
[2025.08.18-11.01.28:687][  0]LogD3D11RHI:     Adapter Name: NVIDIA GeForce RTX 3050 Laptop GPU
[2025.08.18-11.01.28:688][  0]LogD3D11RHI:   Driver Version: 556.12 (internal:32.0.15.5612, unified:556.12)
[2025.08.18-11.01.28:688][  0]LogD3D11RHI:      Driver Date: 6-25-2024
[2025.08.18-11.01.28:688][  0]LogRHI: Texture pool is 2774 MB (70% of 3964 MB)
[2025.08.18-11.01.28:773][  0]LogD3D11RHI: Async texture creation enabled
[2025.08.18-11.01.28:793][  0]LogD3D11RHI: GPU Timing Frequency: 1000.000000 (Debug: 2 1)
[2025.08.18-11.01.28:797][  0]LogShaderCompilers: Guid format shader working directory is -26 characters bigger than the processId version (../../../../../../Leo/Crystal Cavern v1.0/CrystalCavern/CrystalCavern/Intermediate/Shaders/WorkingDirectory/13532/).
[2025.08.18-11.01.28:797][  0]LogShaderCompilers: Cleaned the shader compiler working directory 'C:/Users/Leo/AppData/Local/Temp/UnrealShaderWorkingDir/6704B0594AF28FBC7F92FE9EECD0BADA/'.
[2025.08.18-11.01.29:079][  0]LogTemp: Display: Loaded TP AllDesktopTargetPlatform
[2025.08.18-11.01.29:089][  0]LogTemp: Display: Loaded TP MacClientTargetPlatform
[2025.08.18-11.01.29:099][  0]LogTemp: Display: Loaded TP MacNoEditorTargetPlatform
[2025.08.18-11.01.29:110][  0]LogTemp: Display: Loaded TP MacServerTargetPlatform
[2025.08.18-11.01.29:129][  0]LogTemp: Display: Loaded TP MacTargetPlatform
[2025.08.18-11.01.29:141][  0]LogTemp: Display: Loaded TP WindowsClientTargetPlatform
[2025.08.18-11.01.29:152][  0]LogTemp: Display: Loaded TP WindowsNoEditorTargetPlatform
[2025.08.18-11.01.29:163][  0]LogTemp: Display: Loaded TP WindowsServerTargetPlatform
[2025.08.18-11.01.29:169][  0]LogTemp: Display: Loaded TP WindowsTargetPlatform
[2025.08.18-11.01.29:235][  0]LogTemp: Display: Loaded TP AndroidTargetPlatform
[2025.08.18-11.01.29:235][  0]LogTemp: Display: Loaded TP AndroidTargetPlatform
[2025.08.18-11.01.29:235][  0]LogTemp: Display: Loaded TP AndroidTargetPlatform
[2025.08.18-11.01.29:235][  0]LogTemp: Display: Loaded TP AndroidTargetPlatform
[2025.08.18-11.01.29:235][  0]LogTemp: Display: Loaded TP AndroidTargetPlatform
[2025.08.18-11.01.29:236][  0]LogTemp: Display: Loaded TP AndroidTargetPlatform
[2025.08.18-11.01.29:236][  0]LogTemp: Display: Loaded TP AndroidTargetPlatform
[2025.08.18-11.01.29:236][  0]LogTemp: Display: Loaded TP AndroidTargetPlatform
[2025.08.18-11.01.29:236][  0]LogTemp: Display: Loaded TP AndroidTargetPlatform
[2025.08.18-11.01.29:236][  0]LogTemp: Display: Loaded TP AndroidTargetPlatform
[2025.08.18-11.01.29:236][  0]LogTemp: Display: Loaded TP AndroidTargetPlatform
[2025.08.18-11.01.29:236][  0]LogTemp: Display: Loaded TP AndroidTargetPlatform
[2025.08.18-11.01.29:236][  0]LogTemp: Display: Loaded TP AndroidTargetPlatform
[2025.08.18-11.01.29:236][  0]LogTemp: Display: Loaded TP AndroidTargetPlatform
[2025.08.18-11.01.29:236][  0]LogTemp: Display: Loaded TP AndroidTargetPlatform
[2025.08.18-11.01.29:236][  0]LogTemp: Display: Loaded TP AndroidTargetPlatform
[2025.08.18-11.01.29:236][  0]LogTemp: Display: Loaded TP AndroidTargetPlatform
[2025.08.18-11.01.29:236][  0]LogTemp: Display: Loaded TP AndroidTargetPlatform
[2025.08.18-11.01.29:238][  0]LogTemp: Display: Loaded TP HTML5TargetPlatform
[2025.08.18-11.01.29:307][  0]LogTemp: Display: Loaded TP IOSTargetPlatform
[2025.08.18-11.01.29:307][  0]LogTemp: Display: Loaded TP IOSTargetPlatform
[2025.08.18-11.01.29:324][  0]LogTemp: Display: Loaded TP TVOSTargetPlatform
[2025.08.18-11.01.29:324][  0]LogTemp: Display: Loaded TP TVOSTargetPlatform
[2025.08.18-11.01.29:334][  0]LogTemp: Display: Loaded TP LinuxClientTargetPlatform
[2025.08.18-11.01.29:344][  0]LogTemp: Display: Loaded TP LinuxNoEditorTargetPlatform
[2025.08.18-11.01.29:354][  0]LogTemp: Display: Loaded TP LinuxServerTargetPlatform
[2025.08.18-11.01.29:372][  0]LogTemp: Display: Loaded TP LinuxTargetPlatform
[2025.08.18-11.01.29:379][  0]LogTemp: Display: Loaded TP LuminTargetPlatform
[2025.08.18-11.01.29:379][  0]LogTargetPlatformManager: Display: Building Assets For Windows
[2025.08.18-11.01.29:464][  0]LogXGEController: Cleaning working directory: C:/Users/Leo/AppData/Local/Temp/UnrealXGEWorkingDir/
[2025.08.18-11.01.29:464][  0]LogXGEController: Cannot use XGE Controller as Incredibuild is not installed on this machine.
[2025.08.18-11.01.29:464][  0]LogShaderCompilers: Cannot use XGE Shader Compiler as Incredibuild is not installed on this machine.
[2025.08.18-11.01.29:464][  0]LogShaderCompilers: Display: Using Local Shader Compiler.
[2025.08.18-11.01.31:908][  0]LogDerivedDataCache: Display: Max Cache Size: 512 MB
[2025.08.18-11.01.32:020][  0]LogDerivedDataCache: Loaded boot cache 0.11s 71MB C:/Users/Leo/AppData/Local/UnrealEngine/4.20/DerivedDataCache/Boot.ddc.
[2025.08.18-11.01.32:020][  0]LogDerivedDataCache: Display: Loaded Boot cache: C:/Users/Leo/AppData/Local/UnrealEngine/4.20/DerivedDataCache/Boot.ddc
[2025.08.18-11.01.32:020][  0]LogDerivedDataCache: FDerivedDataBackendGraph:  Pak pak cache file ../../../../../../Leo/Crystal Cavern v1.0/CrystalCavern/CrystalCavern/DerivedDataCache/DDC.ddp not found, will not use a pak cache.
[2025.08.18-11.01.32:020][  0]LogDerivedDataCache: Unable to find inner node Pak for hierarchical cache Hierarchy.
[2025.08.18-11.01.32:020][  0]LogDerivedDataCache: FDerivedDataBackendGraph:  CompressedPak pak cache file ../../../../../../Leo/Crystal Cavern v1.0/CrystalCavern/CrystalCavern/DerivedDataCache/Compressed.ddp not found, will not use a pak cache.
[2025.08.18-11.01.32:020][  0]LogDerivedDataCache: Unable to find inner node CompressedPak for hierarchical cache Hierarchy.
[2025.08.18-11.01.32:033][  0]LogDerivedDataCache: Display: Pak cache opened for reading ../../../Engine/DerivedDataCache/Compressed.ddp.
[2025.08.18-11.01.32:045][  0]LogDerivedDataCache: Using Local data cache path C:/Users/Leo/AppData/Local/UnrealEngine/Common/DerivedDataCache: Writable
[2025.08.18-11.01.32:045][  0]LogDerivedDataCache: Shared data cache path not found in *engine.ini, will not use an Shared cache.
[2025.08.18-11.01.32:045][  0]LogDerivedDataCache: Unable to find inner node Shared for hierarchical cache Hierarchy.
[2025.08.18-11.01.32:060][  0]LogMaterial: Verifying Global Shaders for PCD3D_SM5
[2025.08.18-11.01.32:066][  0]LogSlate: Using FreeType 2.6.0
[2025.08.18-11.01.32:088][  0]LogSlate: SlateFontServices - WITH_FREETYPE: 1, WITH_HARFBUZZ: 1
[2025.08.18-11.01.32:196][  0]LogAssetRegistry: FAssetRegistry took 0.0263 seconds to start up
[2025.08.18-11.01.32:459][  0]LogInit: Selected Device Profile: [Windows]
[2025.08.18-11.01.32:552][  0]LogSimplygon: Simplygon DLL not present - disabling.
[2025.08.18-11.01.32:566][  0]LogMeshReduction: Using SimplygonSwarm for distributed automatic mesh merging
[2025.08.18-11.01.32:567][  0]LogMeshReduction: Using ProxyLODMeshReduction for automatic mesh merging
[2025.08.18-11.01.32:567][  0]LogMeshReduction: Using QuadricMeshReduction for automatic static mesh reduction
[2025.08.18-11.01.32:567][  0]LogMeshReduction: No automatic skeletal mesh reduction module available
[2025.08.18-11.01.32:660][  0]LogNetVersion: CrystalCavern 1.0.0, NetCL: 4212847, EngineNetVer: 5, GameNetVer: 0 (Checksum: 1954901415)
[2025.08.18-11.01.33:200][  0]LogPackageLocalizationCache: Processed 11 localized package path(s) for 2 prioritized culture(s) in 0.093130 seconds
[2025.08.18-11.01.33:206][  0]LogUObjectArray: 38425 objects as part of root set at end of initial load.
[2025.08.18-11.01.33:206][  0]LogUObjectAllocator: 6690864 out of 0 bytes used by permanent object pool.
[2025.08.18-11.01.33:206][  0]LogUObjectArray: CloseDisregardForGC: 0/0 objects in disregard for GC pool
[2025.08.18-11.01.34:575][  0]LogTcpMessaging: Initializing TcpMessaging bridge
[2025.08.18-11.01.34:590][  0]LogUdpMessaging: Initializing bridge on interface 0.0.0.0:0 to multicast group 230.0.0.1:6666.
[2025.08.18-11.01.34:785][  0]SourceControl: Source control is disabled
[2025.08.18-11.01.34:785][  0]SourceControl: Source control is disabled
[2025.08.18-11.01.34:793][  0]SourceControl: Source control is disabled
[2025.08.18-11.01.34:797][  0]SourceControl: Source control is disabled
[2025.08.18-11.01.35:035][  0]LogAndroidPermission: UAndroidPermissionCallbackProxy::GetInstance
[2025.08.18-11.01.35:077][  0]LogOcInput: OculusInput pre-init called
[2025.08.18-11.01.35:152][  0]LogEngine: Initializing Engine...
[2025.08.18-11.01.35:153][  0]LogHMD: Failed to initialize OpenVR with code 110
[2025.08.18-11.01.35:155][  0]LogStats: UGameplayTagsManager::ConstructGameplayTagTree: ImportINI prefixes -  0.000 s
[2025.08.18-11.01.35:155][  0]LogStats: UGameplayTagsManager::ConstructGameplayTagTree: Construct from data asset -  0.000 s
[2025.08.18-11.01.35:156][  0]LogStats: UGameplayTagsManager::ConstructGameplayTagTree: ImportINI -  0.000 s
[2025.08.18-11.01.35:156][  0]LogStats: UGameplayTagsManager::ConstructGameplayTagTree: GameplayTagTreeChangedEvent.Broadcast -  0.000 s
[2025.08.18-11.01.35:318][  0]LogInit: Initializing FReadOnlyCVARCache
[2025.08.18-11.01.35:351][  0]LogAIModule: Creating AISystem for world Untitled
[2025.08.18-11.01.35:369][  0]LogInit: XAudio2 using 'Speakers (Realtek(R) Audio)' : 2 channels at 48 kHz using 32 bits per sample (channel mask 0x3)
[2025.08.18-11.01.35:918][  0]LogInit: FAudioDevice initialized.
[2025.08.18-11.01.35:918][  0]LogNetVersion: Set ProjectVersion to 1.0.0.0. Version Checksum will be recalculated on next use.
[2025.08.18-11.01.35:952][  0]LogDerivedDataCache: Saved boot cache 0.03s 71MB C:/Users/Leo/AppData/Local/UnrealEngine/4.20/DerivedDataCache/Boot.ddc.
[2025.08.18-11.01.35:954][  0]LogInit: Texture streaming: Enabled
[2025.08.18-11.01.35:972][  0]LogEngineSessionManager: EngineSessionManager initialized
[2025.08.18-11.01.35:986][  0]LogInit: Transaction tracking system initialized
[2025.08.18-11.01.36:025][  0]BlueprintLog: New page: Editor Load
[2025.08.18-11.01.36:173][  0]LocalizationService: Localization service is disabled
[2025.08.18-11.01.36:453][  0]LogCook: Display: Max memory allowance for cook 16384mb min free memory 0mb
[2025.08.18-11.01.36:453][  0]LogCook: Display: Mobile HDR setting 1
[2025.08.18-11.01.36:454][  0]LogGameplayTags: Display: UGameplayTagsManager::DoneAddingNativeTags. DelegateIsBound: 0
[2025.08.18-11.01.36:454][  0]LogStats: UGameplayTagsManager::ConstructGameplayTagTree: ImportINI prefixes -  0.000 s
[2025.08.18-11.01.36:454][  0]LogStats: UGameplayTagsManager::ConstructGameplayTagTree: Construct from data asset -  0.000 s
[2025.08.18-11.01.36:454][  0]LogStats: UGameplayTagsManager::ConstructGameplayTagTree: ImportINI -  0.000 s
[2025.08.18-11.01.36:454][  0]LogStats: UGameplayTagsManager::ConstructGameplayTagTree: GameplayTagTreeChangedEvent.Broadcast -  0.000 s
[2025.08.18-11.01.36:641][  0]LogFileCache: Scanning file cache for directory 'C:/Leo/Crystal Cavern v1.0/CrystalCavern/CrystalCavern/Content/' took 0.02s
[2025.08.18-11.01.36:641][  0]SourceControl: Source control is disabled
[2025.08.18-11.01.36:642][  0]Cmd: MAP LOAD FILE="../../../../../../Leo/Crystal Cavern v1.0/CrystalCavern/CrystalCavern/Content/StarterContent/Levels/Level01.umap" TEMPLATE=0 SHOWPROGRESS=1 FEATURELEVEL=3
[2025.08.18-11.01.36:643][  0]LightingResults: New page: Lighting Build
[2025.08.18-11.01.36:650][  0]MapCheck: New page: Map Check
[2025.08.18-11.01.36:650][  0]LightingResults: New page: Lighting Build
[2025.08.18-11.01.36:881][  0]LogAIModule: Creating AISystem for world Level01
[2025.08.18-11.01.36:895][  0]LogEditorServer: Finished looking for orphan Actors (0.000 secs)
[2025.08.18-11.01.36:922][  0]Cmd: MAP CHECKDEP NOCLEARLOG
[2025.08.18-11.01.36:969][  0]MapCheck: Map check complete: 0 Error(s), 0 Warning(s), took 46,796ms to complete.
[2025.08.18-11.01.36:969][  0]LogFileHelpers: Loading map 'Level01' took 0.328
[2025.08.18-11.01.37:104][  0]LogSlate: Updating window title bar state: overlay mode, drag disabled, window buttons hidden, title bar hidden
[2025.08.18-11.01.37:110][  0]LogSlate: Updating window title bar state: overlay mode, drag disabled, window buttons hidden, title bar hidden
[2025.08.18-11.01.37:114][  0]LogSlate: Updating window title bar state: overlay mode, drag disabled, window buttons hidden, title bar hidden
[2025.08.18-11.01.37:119][  0]LogSlate: Updating window title bar state: overlay mode, drag disabled, window buttons hidden, title bar hidden
[2025.08.18-11.01.37:137][  0]LogCollectionManager: Loaded 0 collections in 0.001098 seconds
[2025.08.18-11.01.37:187][  0]LogFileCache: Scanning file cache for directory 'C:/Leo/Crystal Cavern v1.0/CrystalCavern/CrystalCavern/Saved/Collections/' took 0.01s
[2025.08.18-11.01.37:188][  0]LogFileCache: Scanning file cache for directory 'C:/Leo/Crystal Cavern v1.0/CrystalCavern/CrystalCavern/Content/Developers/Leo/Collections/' took 0.01s
[2025.08.18-11.01.37:188][  0]LogFileCache: Scanning file cache for directory 'C:/Leo/Crystal Cavern v1.0/CrystalCavern/CrystalCavern/Content/Collections/' took 0.01s
[2025.08.18-11.01.37:188][  0]LogCollectionManager: Rebuilt the GUID cache for 0 collections in 0.000000 seconds
[2025.08.18-11.01.37:196][  0]LogContentBrowser: Native class hierarchy populated in 0.0077 seconds. Added 2572 classes and 603 folders.
[2025.08.18-11.01.37:206][  0]LogContentBrowser: Native class hierarchy updated for 'WidgetCarousel' in 0.0002 seconds. Added 0 classes and 0 folders.
[2025.08.18-11.01.37:578][  0]LogContentBrowser: Native class hierarchy updated for 'AddContentDialog' in 0.0002 seconds. Added 0 classes and 0 folders.
[2025.08.18-11.01.37:590][  0]LogContentBrowser: Native class hierarchy updated for 'SceneOutliner' in 0.0003 seconds. Added 1 classes and 2 folders.
[2025.08.18-11.01.37:657][  0]LogSlate: Took 0.008498 seconds to synchronously load lazily loaded font '../../../Engine/Content/Slate/Fonts/Roboto-Regular.ttf' (155K)
[2025.08.18-11.01.37:682][  0]LogSlate: Took 0.022103 seconds to synchronously load lazily loaded font '../../../Engine/Content/Slate/Fonts/Roboto-Bold.ttf' (160K)
[2025.08.18-11.01.37:735][  0]LogRenderer: Reallocating scene render targets to support 1152x428 Format 10 NumSamples 1 (Frame:1).
[2025.08.18-11.01.37:905][  0]LogContentBrowser: Native class hierarchy updated for 'HierarchicalLODOutliner' in 0.0002 seconds. Added 0 classes and 0 folders.
[2025.08.18-11.01.37:905][  0]LogLoad: (Engine Initialization) Total time: 17.37 seconds
[2025.08.18-11.01.37:905][  0]LogLoad: (Engine Initialization) Total Blueprint compile time: 0.00 seconds
[2025.08.18-11.01.37:948][  0]LogAssetRegistry: Asset discovery search completed in 5.7747 seconds
[2025.08.18-11.01.37:949][  0]LogCollectionManager: Rebuilt the object cache for 0 collections in 0.000000 seconds (found 0 objects)
[2025.08.18-11.01.37:949][  0]LogCollectionManager: Fixed up redirectors for 0 collections in 0.000044 seconds (updated 0 objects)
[2025.08.18-11.01.37:952][  0]LogContentStreaming: Texture pool size now 1000 MB
[2025.08.18-11.18.34:617][ 82]LogSlate: FSceneViewport::OnFocusLost() reason 0
[2025.08.18-11.18.34:626][ 82]LogSlate: Took 0.008347 seconds to synchronously load lazily loaded font '../../../Engine/Content/Editor/Slate/Fonts/FontAwesome.ttf' (139K)
[2025.08.18-11.18.34:645][ 82]LogSlate: Took 0.008915 seconds to synchronously load lazily loaded font '../../../Engine/Content/Slate/Fonts/Roboto-Light.ttf' (167K)
[2025.08.18-11.18.37:092][224]LogSlate: Took 0.000166 seconds to synchronously load lazily loaded font '../../../Engine/Content/Slate/Fonts/Roboto-Light.ttf' (167K)
[2025.08.18-11.18.37:885][224]LogSlate: Window 'Pick Parent Class' being destroyed
[2025.08.18-11.18.44:971][647]LogAssetEditorManager: Opening Asset editor for Blueprint /Game/StarterContent/Blueprints/BP_Level_Restart.BP_Level_Restart
[2025.08.18-11.18.45:342][647]LogContentBrowser: Native class hierarchy updated for 'BlueprintGraph' in 0.0005 seconds. Added 116 classes and 0 folders.
[2025.08.18-11.18.45:947][647]LogRenderer: Reallocating scene render targets to support 1152x696 Format 10 NumSamples 1 (Frame:1).
[2025.08.18-11.19.10:788][757]LogFileHelpers: Editor autosave (incl. sublevels) for '/Game/StarterContent/Levels/Level01' took 0.027
[2025.08.18-11.19.10:790][757]OBJ SavePackage: Generating thumbnails for [0] asset(s) in package [/Game/StarterContent/Blueprints/BP_Level_Restart] ([1] browsable assets)...
[2025.08.18-11.19.10:790][757]OBJ SavePackage: Finished generating thumbnails for package [/Game/StarterContent/Blueprints/BP_Level_Restart]
[2025.08.18-11.19.10:796][757]LogSavePackage: Moving '../../../../../../Leo/Crystal Cavern v1.0/CrystalCavern/CrystalCavern/Saved/BP_Level_Restart_Auto1C469B6A74B4FF84069026CBAB970ABA0.tmp' to '../../../../../../Leo/Crystal Cavern v1.0/CrystalCavern/CrystalCavern/Saved/Autosaves/Game/StarterContent/Blueprints/BP_Level_Restart_Auto1.uasset'
[2025.08.18-11.19.10:797][757]LogFileHelpers: Auto-saving content packages took 0.008
[2025.08.18-11.19.41:126][514]LogSlate: Took 0.009161 seconds to synchronously load lazily loaded font '../../../Engine/Content/Slate/Fonts/Roboto-Italic.ttf' (157K)
[2025.08.18-11.20.13:033][761]LogSlate: FSceneViewport::OnFocusLost() reason 2
[2025.08.18-11.20.20:005][162]LogSavePackage: Moving '../../../../../../Leo/Crystal Cavern v1.0/CrystalCavern/CrystalCavern/Saved/BP_Level_Restart40EA5D3D4714EB4512C42CB5368FCED2.tmp' to '../../../../../../Leo/Crystal Cavern v1.0/CrystalCavern/CrystalCavern/Content/StarterContent/Blueprints/BP_Level_Restart.uasset'
[2025.08.18-11.26.31:854][780]LogSlate: Window 'Tutorials' being destroyed
[2025.08.18-11.26.46:800][676]LogSlate: Took 0.007929 seconds to synchronously load lazily loaded font '../../../Engine/Content/Slate/Fonts/Roboto-BoldCondensed.ttf' (158K)
[2025.08.18-11.29.49:352][845]LogFileHelpers: Editor autosave (incl. sublevels) for '/Game/StarterContent/Levels/Level01' took 0.024
[2025.08.18-11.29.49:353][845]OBJ SavePackage: Generating thumbnails for [0] asset(s) in package [/Game/StarterContent/Blueprints/BP_Level_Restart] ([1] browsable assets)...
[2025.08.18-11.29.49:353][845]OBJ SavePackage: Finished generating thumbnails for package [/Game/StarterContent/Blueprints/BP_Level_Restart]
[2025.08.18-11.29.49:364][845]LogSavePackage: Moving '../../../../../../Leo/Crystal Cavern v1.0/CrystalCavern/CrystalCavern/Saved/BP_Level_Restart_Auto28B294283437AEB11297D8E8C8DDE6741.tmp' to '../../../../../../Leo/Crystal Cavern v1.0/CrystalCavern/CrystalCavern/Saved/Autosaves/Game/StarterContent/Blueprints/BP_Level_Restart_Auto2.uasset'
[2025.08.18-11.29.49:365][845]LogFileHelpers: Auto-saving content packages took 0.012
[2025.08.18-11.30.06:322][924]LogSavePackage: Moving '../../../../../../Leo/Crystal Cavern v1.0/CrystalCavern/CrystalCavern/Saved/BP_Level_RestartF795E7804BFC67C57C6AE8AD85022286.tmp' to '../../../../../../Leo/Crystal Cavern v1.0/CrystalCavern/CrystalCavern/Content/StarterContent/Blueprints/BP_Level_Restart.uasset'
[2025.08.18-11.30.10:215][ 77]LogSavePackage: Moving '../../../../../../Leo/Crystal Cavern v1.0/CrystalCavern/CrystalCavern/Saved/BP_Level_Restart1190B0374E0AFFD91C56E8B69668EDE9.tmp' to '../../../../../../Leo/Crystal Cavern v1.0/CrystalCavern/CrystalCavern/Content/StarterContent/Blueprints/BP_Level_Restart.uasset'
[2025.08.18-11.30.42:828][ 31]Cmd: TRANSACTION UNDO
[2025.08.18-11.30.42:828][ 31]LogEditorTransaction: Undo Scale Actors
[2025.08.18-11.30.52:378][603]LogSlate: FSceneViewport::OnFocusLost() reason 0
[2025.08.18-11.31.00:078][ 65]LogSlate: FSceneViewport::OnFocusLost() reason 0
[2025.08.18-11.31.24:484][529]LogSlate: FSceneViewport::OnFocusLost() reason 0
[2025.08.18-11.31.28:701][782]LogEditorViewport: Clicking Background
[2025.08.18-11.31.30:020][861]LogEditorViewport: Clicking on Actor (LMB): BP_Level_Restart_C (BP_Level_Restart)
[2025.08.18-11.32.02:372][798]LogSlate: FSceneViewport::OnFocusLost() reason 0
[2025.08.18-11.32.02:472][804]LogTemp: Repeating last play command: Selected Viewport
[2025.08.18-11.32.02:483][804]LogBlueprintUserMessages: Early PlayInEditor Detection: Level '/Game/StarterContent/Levels/Level01.Level01:PersistentLevel' has LevelScriptBlueprint '/Game/StarterContent/Levels/Level01.Level01:PersistentLevel.Level01' with GeneratedClass '/Game/StarterContent/Levels/Level01.Level01_C' with ClassGeneratedBy '/Game/StarterContent/Levels/Level01.Level01:PersistentLevel.Level01'
[2025.08.18-11.32.02:483][804]BlueprintLog: New page: Pre-Play auto-recompile
[2025.08.18-11.32.02:485][804]LogPlayLevel: [PlayLevel] Compiling BP_Level_Restart before play...
[2025.08.18-11.32.02:599][804]LogPlayLevel: PlayLevel: Blueprint regeneration took 116 ms (1 blueprints)
[2025.08.18-11.32.02:615][804]PIE: New page: PIE session: Level01 (18/8/2025 5:32:02)
[2025.08.18-11.32.02:615][804]LogPlayLevel: Creating play world package: /Game/StarterContent/Levels/UEDPIE_0_Level01
[2025.08.18-11.32.02:620][804]LogPlayLevel: PIE: StaticDuplicateObject took: (0.005505s)
[2025.08.18-11.32.02:621][804]LogAIModule: Creating AISystem for world Level01
[2025.08.18-11.32.02:621][804]LogPlayLevel: PIE: World Init took: (0.000676s)
[2025.08.18-11.32.02:621][804]LogPlayLevel: PIE: Created PIE world by copying editor world from /Game/StarterContent/Levels/Level01.Level01 to /Game/StarterContent/Levels/UEDPIE_0_Level01.Level01 (0.006309s)
[2025.08.18-11.32.02:646][804]LogInit: XAudio2 using 'Speakers (Realtek(R) Audio)' : 2 channels at 48 kHz using 32 bits per sample (channel mask 0x3)
[2025.08.18-11.32.02:651][804]LogInit: FAudioDevice initialized.
[2025.08.18-11.32.02:690][804]LogLoad: Game class is 'BP_Game_Mode_C'
[2025.08.18-11.32.02:692][804]LogWorld: Bringing World /Game/StarterContent/Levels/UEDPIE_0_Level01.Level01 up for play (max tick rate 60) at 2025.08.18-08.32.02
[2025.08.18-11.32.02:693][804]LogWorld: Bringing up level for play took: 0.001646
[2025.08.18-11.32.02:712][804]LogContentBrowser: Native class hierarchy updated for 'MovieSceneCapture' in 0.0003 seconds. Added 10 classes and 0 folders.
[2025.08.18-11.32.02:713][804]PIE: Play in editor start time for /Game/StarterContent/Levels/UEDPIE_0_Level01 0,337
[2025.08.18-11.32.02:713][804]LogBlueprintUserMessages: Late PlayInEditor Detection: Level '/Game/StarterContent/Levels/Level01.Level01:PersistentLevel' has LevelScriptBlueprint '/Game/StarterContent/Levels/Level01.Level01:PersistentLevel.Level01' with GeneratedClass '/Game/StarterContent/Levels/Level01.Level01_C' with ClassGeneratedBy '/Game/StarterContent/Levels/Level01.Level01:PersistentLevel.Level01'
[2025.08.18-11.32.10:032][243]LogBlueprintUserMessages: Early EndPlayMap Detection: Level '/Game/StarterContent/Levels/Level01.Level01:PersistentLevel' has LevelScriptBlueprint '/Game/StarterContent/Levels/Level01.Level01:PersistentLevel.Level01' with GeneratedClass '/Game/StarterContent/Levels/Level01.Level01_C' with ClassGeneratedBy '/Game/StarterContent/Levels/Level01.Level01:PersistentLevel.Level01'
[2025.08.18-11.32.10:032][243]LogSlate: Updating window title bar state: overlay mode, drag disabled, window buttons hidden, title bar hidden
[2025.08.18-11.32.10:064][243]LogPlayLevel: Display: Shutting down PIE online subsystems
[2025.08.18-11.32.10:065][243]LogBlueprintUserMessages: Late EndPlayMap Detection: Level '/Game/StarterContent/Levels/Level01.Level01:PersistentLevel' has LevelScriptBlueprint '/Game/StarterContent/Levels/Level01.Level01:PersistentLevel.Level01' with GeneratedClass '/Game/StarterContent/Levels/Level01.Level01_C' with ClassGeneratedBy '/Game/StarterContent/Levels/Level01.Level01:PersistentLevel.Level01'
[2025.08.18-11.32.10:090][243]LogSlate: Updating window title bar state: overlay mode, drag disabled, window buttons hidden, title bar hidden
[2025.08.18-11.32.10:140][246]LogPlayLevel: Display: Destroying online subsystem :Context_4
[2025.08.18-11.32.10:762][283]LogSlate: FSceneViewport::OnFocusLost() reason 2
[2025.08.18-11.32.10:889][283]LogSavePackage: Moving '../../../../../../Leo/Crystal Cavern v1.0/CrystalCavern/CrystalCavern/Saved/Level019CD5A0694D5FB2ABDDCD1EBFAE50C0F5.tmp' to '../../../../../../Leo/Crystal Cavern v1.0/CrystalCavern/CrystalCavern/Content/StarterContent/Levels/Level01.umap'
[2025.08.18-11.32.10:952][283]LogSavePackage: Moving '../../../../../../Leo/Crystal Cavern v1.0/CrystalCavern/CrystalCavern/Saved/Level01_BuiltData544F410E45ABBF0056ED0ABDEFA7E9E9.tmp' to '../../../../../../Leo/Crystal Cavern v1.0/CrystalCavern/CrystalCavern/Content/StarterContent/Levels/Level01_BuiltData.uasset'
[2025.08.18-11.32.12:909][380]LogSavePackage: Moving '../../../../../../Leo/Crystal Cavern v1.0/CrystalCavern/CrystalCavern/Saved/BP_Level_Restart2DD8B78F4B94B1E734F1B1B3427139F8.tmp' to '../../../../../../Leo/Crystal Cavern v1.0/CrystalCavern/CrystalCavern/Content/StarterContent/Blueprints/BP_Level_Restart.uasset'
[2025.08.18-11.32.37:390][741]LogTemp: Repeating last play command: Selected Viewport
[2025.08.18-11.32.37:401][741]LogBlueprintUserMessages: Early PlayInEditor Detection: Level '/Game/StarterContent/Levels/Level01.Level01:PersistentLevel' has LevelScriptBlueprint '/Game/StarterContent/Levels/Level01.Level01:PersistentLevel.Level01' with GeneratedClass '/Game/StarterContent/Levels/Level01.Level01_C' with ClassGeneratedBy '/Game/StarterContent/Levels/Level01.Level01:PersistentLevel.Level01'
[2025.08.18-11.32.37:401][741]LogPlayLevel: PlayLevel: No blueprints needed recompiling
[2025.08.18-11.32.37:401][741]PIE: New page: PIE session: Level01 (18/8/2025 5:32:37)
[2025.08.18-11.32.37:401][741]LogPlayLevel: Creating play world package: /Game/StarterContent/Levels/UEDPIE_0_Level01
[2025.08.18-11.32.37:406][741]LogPlayLevel: PIE: StaticDuplicateObject took: (0.004583s)
[2025.08.18-11.32.37:407][741]LogAIModule: Creating AISystem for world Level01
[2025.08.18-11.32.37:407][741]LogPlayLevel: PIE: World Init took: (0.000599s)
[2025.08.18-11.32.37:407][741]LogPlayLevel: PIE: Created PIE world by copying editor world from /Game/StarterContent/Levels/Level01.Level01 to /Game/StarterContent/Levels/UEDPIE_0_Level01.Level01 (0.005280s)
[2025.08.18-11.32.37:431][741]LogInit: XAudio2 using 'Speakers (Realtek(R) Audio)' : 2 channels at 48 kHz using 32 bits per sample (channel mask 0x3)
[2025.08.18-11.32.37:435][741]LogInit: FAudioDevice initialized.
[2025.08.18-11.32.37:466][741]LogLoad: Game class is 'BP_Game_Mode_C'
[2025.08.18-11.32.37:468][741]LogWorld: Bringing World /Game/StarterContent/Levels/UEDPIE_0_Level01.Level01 up for play (max tick rate 60) at 2025.08.18-08.32.37
[2025.08.18-11.32.37:468][741]LogWorld: Bringing up level for play took: 0.000971
[2025.08.18-11.32.37:479][741]PIE: Play in editor start time for /Game/StarterContent/Levels/UEDPIE_0_Level01 -0,897
[2025.08.18-11.32.37:480][741]LogBlueprintUserMessages: Late PlayInEditor Detection: Level '/Game/StarterContent/Levels/Level01.Level01:PersistentLevel' has LevelScriptBlueprint '/Game/StarterContent/Levels/Level01.Level01:PersistentLevel.Level01' with GeneratedClass '/Game/StarterContent/Levels/Level01.Level01_C' with ClassGeneratedBy '/Game/StarterContent/Levels/Level01.Level01:PersistentLevel.Level01'
[2025.08.18-11.32.40:701][934]LogBlueprintDebug: Warning: Hit breakpoint on node 'K2Node_IfThenElse', from offset 98
[2025.08.18-11.32.40:701][934]LogBlueprintDebug: 
Script call stack:
	Function /Game/StarterContent/Blueprints/BP_Level_Restart.BP_Level_Restart_C:BndEvt__Trigger_K2Node_ComponentBoundEvent_0_ComponentBeginOverlapSignature__DelegateSignature
	Function /Game/StarterContent/Blueprints/BP_Level_Restart.BP_Level_Restart_C:ExecuteUbergraph_BP_Level_Restart

[2025.08.18-11.32.40:703][934]LogSlate: FSceneViewport::OnFocusLost() reason 2
[2025.08.18-11.32.42:201][934]LogBlueprintUserMessages: Early EndPlayMap Detection: Level '/Game/StarterContent/Levels/Level01.Level01:PersistentLevel' has LevelScriptBlueprint '/Game/StarterContent/Levels/Level01.Level01:PersistentLevel.Level01' with GeneratedClass '/Game/StarterContent/Levels/Level01.Level01_C' with ClassGeneratedBy '/Game/StarterContent/Levels/Level01.Level01:PersistentLevel.Level01'
[2025.08.18-11.32.42:201][934]LogSlate: Updating window title bar state: overlay mode, drag disabled, window buttons hidden, title bar hidden
[2025.08.18-11.32.42:236][934]LogPlayLevel: Display: Shutting down PIE online subsystems
[2025.08.18-11.32.42:237][934]LogBlueprintUserMessages: Late EndPlayMap Detection: Level '/Game/StarterContent/Levels/Level01.Level01:PersistentLevel' has LevelScriptBlueprint '/Game/StarterContent/Levels/Level01.Level01:PersistentLevel.Level01' with GeneratedClass '/Game/StarterContent/Levels/Level01.Level01_C' with ClassGeneratedBy '/Game/StarterContent/Levels/Level01.Level01:PersistentLevel.Level01'
[2025.08.18-11.32.42:261][934]LogSlate: Updating window title bar state: overlay mode, drag disabled, window buttons hidden, title bar hidden
[2025.08.18-11.32.42:287][935]LogPlayLevel: Display: Destroying online subsystem :Context_5
[2025.08.18-11.32.45:606][133]LogSavePackage: Moving '../../../../../../Leo/Crystal Cavern v1.0/CrystalCavern/CrystalCavern/Saved/BP_Level_Restart76EF936743F93C04947C1FB8AB244CE0.tmp' to '../../../../../../Leo/Crystal Cavern v1.0/CrystalCavern/CrystalCavern/Content/StarterContent/Blueprints/BP_Level_Restart.uasset'
[2025.08.18-11.37.09:338][403]LogSavePackage: Moving '../../../../../../Leo/Crystal Cavern v1.0/CrystalCavern/CrystalCavern/Saved/BP_Level_RestartF557156543FF1189444BF3987327107A.tmp' to '../../../../../../Leo/Crystal Cavern v1.0/CrystalCavern/CrystalCavern/Content/StarterContent/Blueprints/BP_Level_Restart.uasset'
[2025.08.18-11.37.57:353][230]LogSavePackage: Moving '../../../../../../Leo/Crystal Cavern v1.0/CrystalCavern/CrystalCavern/Saved/BP_Level_Restart93EBA7604E5AECA6D7841DB7F56E8B98.tmp' to '../../../../../../Leo/Crystal Cavern v1.0/CrystalCavern/CrystalCavern/Content/StarterContent/Blueprints/BP_Level_Restart.uasset'
[2025.08.18-11.37.59:270][326]LogTemp: Repeating last play command: Selected Viewport
[2025.08.18-11.37.59:278][326]LogBlueprintUserMessages: Early PlayInEditor Detection: Level '/Game/StarterContent/Levels/Level01.Level01:PersistentLevel' has LevelScriptBlueprint '/Game/StarterContent/Levels/Level01.Level01:PersistentLevel.Level01' with GeneratedClass '/Game/StarterContent/Levels/Level01.Level01_C' with ClassGeneratedBy '/Game/StarterContent/Levels/Level01.Level01:PersistentLevel.Level01'
[2025.08.18-11.37.59:278][326]BlueprintLog: New page: Pre-Play auto-recompile
[2025.08.18-11.37.59:280][326]LogPlayLevel: [PlayLevel] Compiling BP_Level_Restart before play...
[2025.08.18-11.37.59:381][326]LogPlayLevel: PlayLevel: Blueprint regeneration took 102 ms (1 blueprints)
[2025.08.18-11.37.59:381][326]PIE: New page: PIE session: Level01 (18/8/2025 5:37:59)
[2025.08.18-11.37.59:381][326]LogPlayLevel: Creating play world package: /Game/StarterContent/Levels/UEDPIE_0_Level01
[2025.08.18-11.37.59:386][326]LogPlayLevel: PIE: StaticDuplicateObject took: (0.005155s)
[2025.08.18-11.37.59:387][326]LogAIModule: Creating AISystem for world Level01
[2025.08.18-11.37.59:387][326]LogPlayLevel: PIE: World Init took: (0.000740s)
[2025.08.18-11.37.59:387][326]LogPlayLevel: PIE: Created PIE world by copying editor world from /Game/StarterContent/Levels/Level01.Level01 to /Game/StarterContent/Levels/UEDPIE_0_Level01.Level01 (0.006000s)
[2025.08.18-11.37.59:412][326]LogInit: XAudio2 using 'Speakers (Realtek(R) Audio)' : 2 channels at 48 kHz using 32 bits per sample (channel mask 0x3)
[2025.08.18-11.37.59:417][326]LogInit: FAudioDevice initialized.
[2025.08.18-11.37.59:443][326]LogLoad: Game class is 'BP_Game_Mode_C'
[2025.08.18-11.37.59:445][326]LogWorld: Bringing World /Game/StarterContent/Levels/UEDPIE_0_Level01.Level01 up for play (max tick rate 60) at 2025.08.18-08.37.59
[2025.08.18-11.37.59:445][326]LogWorld: Bringing up level for play took: 0.001087
[2025.08.18-11.37.59:457][326]PIE: Play in editor start time for /Game/StarterContent/Levels/UEDPIE_0_Level01 1,081
[2025.08.18-11.37.59:458][326]LogBlueprintUserMessages: Late PlayInEditor Detection: Level '/Game/StarterContent/Levels/Level01.Level01:PersistentLevel' has LevelScriptBlueprint '/Game/StarterContent/Levels/Level01.Level01:PersistentLevel.Level01' with GeneratedClass '/Game/StarterContent/Levels/Level01.Level01_C' with ClassGeneratedBy '/Game/StarterContent/Levels/Level01.Level01:PersistentLevel.Level01'
[2025.08.18-11.38.04:459][626]LogBlueprintUserMessages: Early EndPlayMap Detection: Level '/Game/StarterContent/Levels/Level01.Level01:PersistentLevel' has LevelScriptBlueprint '/Game/StarterContent/Levels/Level01.Level01:PersistentLevel.Level01' with GeneratedClass '/Game/StarterContent/Levels/Level01.Level01_C' with ClassGeneratedBy '/Game/StarterContent/Levels/Level01.Level01:PersistentLevel.Level01'
[2025.08.18-11.38.04:459][626]LogSlate: Updating window title bar state: overlay mode, drag disabled, window buttons hidden, title bar hidden
[2025.08.18-11.38.04:490][626]LogPlayLevel: Display: Shutting down PIE online subsystems
[2025.08.18-11.38.04:491][626]LogBlueprintUserMessages: Late EndPlayMap Detection: Level '/Game/StarterContent/Levels/Level01.Level01:PersistentLevel' has LevelScriptBlueprint '/Game/StarterContent/Levels/Level01.Level01:PersistentLevel.Level01' with GeneratedClass '/Game/StarterContent/Levels/Level01.Level01_C' with ClassGeneratedBy '/Game/StarterContent/Levels/Level01.Level01:PersistentLevel.Level01'
[2025.08.18-11.38.04:516][626]LogSlate: Updating window title bar state: overlay mode, drag disabled, window buttons hidden, title bar hidden
[2025.08.18-11.38.04:567][629]LogPlayLevel: Display: Destroying online subsystem :Context_6
[2025.08.18-11.38.05:618][692]LogSlate: FSceneViewport::OnFocusLost() reason 0
[2025.08.18-11.38.05:718][698]LogTemp: Repeating last play command: Selected Viewport
[2025.08.18-11.38.05:728][698]LogBlueprintUserMessages: Early PlayInEditor Detection: Level '/Game/StarterContent/Levels/Level01.Level01:PersistentLevel' has LevelScriptBlueprint '/Game/StarterContent/Levels/Level01.Level01:PersistentLevel.Level01' with GeneratedClass '/Game/StarterContent/Levels/Level01.Level01_C' with ClassGeneratedBy '/Game/StarterContent/Levels/Level01.Level01:PersistentLevel.Level01'
[2025.08.18-11.38.05:728][698]LogPlayLevel: PlayLevel: No blueprints needed recompiling
[2025.08.18-11.38.05:728][698]PIE: New page: PIE session: Level01 (18/8/2025 5:38:05)
[2025.08.18-11.38.05:728][698]LogPlayLevel: Creating play world package: /Game/StarterContent/Levels/UEDPIE_0_Level01
[2025.08.18-11.38.05:733][698]LogPlayLevel: PIE: StaticDuplicateObject took: (0.004514s)
[2025.08.18-11.38.05:733][698]LogAIModule: Creating AISystem for world Level01
[2025.08.18-11.38.05:733][698]LogPlayLevel: PIE: World Init took: (0.000571s)
[2025.08.18-11.38.05:734][698]LogPlayLevel: PIE: Created PIE world by copying editor world from /Game/StarterContent/Levels/Level01.Level01 to /Game/StarterContent/Levels/UEDPIE_0_Level01.Level01 (0.005197s)
[2025.08.18-11.38.05:759][698]LogInit: XAudio2 using 'Speakers (Realtek(R) Audio)' : 2 channels at 48 kHz using 32 bits per sample (channel mask 0x3)
[2025.08.18-11.38.05:763][698]LogInit: FAudioDevice initialized.
[2025.08.18-11.38.05:794][698]LogLoad: Game class is 'BP_Game_Mode_C'
[2025.08.18-11.38.05:796][698]LogWorld: Bringing World /Game/StarterContent/Levels/UEDPIE_0_Level01.Level01 up for play (max tick rate 60) at 2025.08.18-08.38.05
[2025.08.18-11.38.05:796][698]LogWorld: Bringing up level for play took: 0.001058
[2025.08.18-11.38.05:807][698]PIE: Play in editor start time for /Game/StarterContent/Levels/UEDPIE_0_Level01 -0,569
[2025.08.18-11.38.05:808][698]LogBlueprintUserMessages: Late PlayInEditor Detection: Level '/Game/StarterContent/Levels/Level01.Level01:PersistentLevel' has LevelScriptBlueprint '/Game/StarterContent/Levels/Level01.Level01:PersistentLevel.Level01' with GeneratedClass '/Game/StarterContent/Levels/Level01.Level01_C' with ClassGeneratedBy '/Game/StarterContent/Levels/Level01.Level01:PersistentLevel.Level01'
[2025.08.18-11.38.11:212][ 22]LogBlueprintUserMessages: Early EndPlayMap Detection: Level '/Game/StarterContent/Levels/Level01.Level01:PersistentLevel' has LevelScriptBlueprint '/Game/StarterContent/Levels/Level01.Level01:PersistentLevel.Level01' with GeneratedClass '/Game/StarterContent/Levels/Level01.Level01_C' with ClassGeneratedBy '/Game/StarterContent/Levels/Level01.Level01:PersistentLevel.Level01'
[2025.08.18-11.38.11:212][ 22]LogSlate: Updating window title bar state: overlay mode, drag disabled, window buttons hidden, title bar hidden
[2025.08.18-11.38.11:248][ 22]LogPlayLevel: Display: Shutting down PIE online subsystems
[2025.08.18-11.38.11:249][ 22]LogBlueprintUserMessages: Late EndPlayMap Detection: Level '/Game/StarterContent/Levels/Level01.Level01:PersistentLevel' has LevelScriptBlueprint '/Game/StarterContent/Levels/Level01.Level01:PersistentLevel.Level01' with GeneratedClass '/Game/StarterContent/Levels/Level01.Level01_C' with ClassGeneratedBy '/Game/StarterContent/Levels/Level01.Level01:PersistentLevel.Level01'
[2025.08.18-11.38.11:275][ 22]LogSlate: Updating window title bar state: overlay mode, drag disabled, window buttons hidden, title bar hidden
[2025.08.18-11.38.11:325][ 25]LogPlayLevel: Display: Destroying online subsystem :Context_7
[2025.08.18-11.38.12:641][102]LogSlate: FSceneViewport::OnFocusLost() reason 2
[2025.08.18-11.38.26:875][652]LogPackageName: Error: DoesPackageExist: DoesPackageExist FAILED: 'Engine/Tutorial/Installation/InstallingVisualStudioTutorial' is not a standard unreal filename or a long path name. Reason: Path should start with a '/'
[2025.08.18-11.38.26:875][652]LogLinker: Warning: Can't find file 'Engine/Tutorial/Installation/InstallingVisualStudioTutorial'
[2025.08.18-11.38.26:875][652]LogPackageName: Error: DoesPackageExist: DoesPackageExist FAILED: 'Engine/Tutorial/Installation/InstallingVisualStudioTutorial' is not a standard unreal filename or a long path name. Reason: Path should start with a '/'
[2025.08.18-11.38.26:875][652]LogLinker: Warning: Can't find file 'Engine/Tutorial/Installation/InstallingVisualStudioTutorial'
[2025.08.18-11.38.26:875][652]LogUObjectGlobals: Warning: Failed to find object 'Blueprint Engine/Tutorial/Installation/InstallingVisualStudioTutorial.InstallingVisualStudioTutorial'
[2025.08.18-11.38.29:440][806]LogTemp: Repeating last play command: Selected Viewport
[2025.08.18-11.38.29:449][806]LogBlueprintUserMessages: Early PlayInEditor Detection: Level '/Game/StarterContent/Levels/Level01.Level01:PersistentLevel' has LevelScriptBlueprint '/Game/StarterContent/Levels/Level01.Level01:PersistentLevel.Level01' with GeneratedClass '/Game/StarterContent/Levels/Level01.Level01_C' with ClassGeneratedBy '/Game/StarterContent/Levels/Level01.Level01:PersistentLevel.Level01'
[2025.08.18-11.38.29:449][806]BlueprintLog: New page: Pre-Play auto-recompile
[2025.08.18-11.38.29:451][806]LogPlayLevel: [PlayLevel] Compiling BP_Level_Restart before play...
[2025.08.18-11.38.29:551][806]LogPlayLevel: PlayLevel: Blueprint regeneration took 102 ms (1 blueprints)
[2025.08.18-11.38.29:551][806]PIE: New page: PIE session: Level01 (18/8/2025 5:38:29)
[2025.08.18-11.38.29:551][806]LogPlayLevel: Creating play world package: /Game/StarterContent/Levels/UEDPIE_0_Level01
[2025.08.18-11.38.29:555][806]LogPlayLevel: PIE: StaticDuplicateObject took: (0.004327s)
[2025.08.18-11.38.29:556][806]LogAIModule: Creating AISystem for world Level01
[2025.08.18-11.38.29:556][806]LogPlayLevel: PIE: World Init took: (0.000555s)
[2025.08.18-11.38.29:556][806]LogPlayLevel: PIE: Created PIE world by copying editor world from /Game/StarterContent/Levels/Level01.Level01 to /Game/StarterContent/Levels/UEDPIE_0_Level01.Level01 (0.004971s)
[2025.08.18-11.38.29:582][806]LogInit: XAudio2 using 'Speakers (Realtek(R) Audio)' : 2 channels at 48 kHz using 32 bits per sample (channel mask 0x3)
[2025.08.18-11.38.29:586][806]LogInit: FAudioDevice initialized.
[2025.08.18-11.38.29:617][806]LogLoad: Game class is 'BP_Game_Mode_C'
[2025.08.18-11.38.29:618][806]LogWorld: Bringing World /Game/StarterContent/Levels/UEDPIE_0_Level01.Level01 up for play (max tick rate 60) at 2025.08.18-08.38.29
[2025.08.18-11.38.29:619][806]LogWorld: Bringing up level for play took: 0.001283
[2025.08.18-11.38.29:632][806]PIE: Play in editor start time for /Game/StarterContent/Levels/UEDPIE_0_Level01 -0,744
[2025.08.18-11.38.29:632][806]LogBlueprintUserMessages: Late PlayInEditor Detection: Level '/Game/StarterContent/Levels/Level01.Level01:PersistentLevel' has LevelScriptBlueprint '/Game/StarterContent/Levels/Level01.Level01:PersistentLevel.Level01' with GeneratedClass '/Game/StarterContent/Levels/Level01.Level01_C' with ClassGeneratedBy '/Game/StarterContent/Levels/Level01.Level01:PersistentLevel.Level01'
[2025.08.18-11.38.36:021][ 92]LogNet: Browse: /Game/StarterContent/Levels/Level01
[2025.08.18-11.38.36:021][ 92]LogLoad: LoadMap: /Game/StarterContent/Levels/Level01
[2025.08.18-11.38.36:046][ 92]LogPlayLevel: Creating play world package: /Game/StarterContent/Levels/UEDPIE_0_Level01
[2025.08.18-11.38.36:051][ 92]LogPlayLevel: PIE: StaticDuplicateObject took: (0.004522s)
[2025.08.18-11.38.36:051][ 92]LogAIModule: Creating AISystem for world Level01
[2025.08.18-11.38.36:052][ 92]LogPlayLevel: PIE: World Init took: (0.000593s)
[2025.08.18-11.38.36:052][ 92]LogPlayLevel: PIE: Created PIE world by copying editor world from /Game/StarterContent/Levels/Level01.Level01 to /Game/StarterContent/Levels/UEDPIE_0_Level01.Level01 (0.005281s)
[2025.08.18-11.38.36:052][ 92]LogLoad: Game class is 'BP_Game_Mode_C'
[2025.08.18-11.38.36:053][ 92]LogWorld: Bringing World /Game/StarterContent/Levels/UEDPIE_0_Level01.Level01 up for play (max tick rate 60) at 2025.08.18-08.38.36
[2025.08.18-11.38.36:053][ 92]LogWorld: Bringing up level for play took: 0.000933
[2025.08.18-11.38.36:054][ 92]LogLoad: Took 0.032861 seconds to LoadMap(/Game/StarterContent/Levels/UEDPIE_0_Level01)
[2025.08.18-11.38.36:581][124]LogBlueprintUserMessages: Early EndPlayMap Detection: Level '/Game/StarterContent/Levels/Level01.Level01:PersistentLevel' has LevelScriptBlueprint '/Game/StarterContent/Levels/Level01.Level01:PersistentLevel.Level01' with GeneratedClass '/Game/StarterContent/Levels/Level01.Level01_C' with ClassGeneratedBy '/Game/StarterContent/Levels/Level01.Level01:PersistentLevel.Level01'
[2025.08.18-11.38.36:581][124]LogSlate: Updating window title bar state: overlay mode, drag disabled, window buttons hidden, title bar hidden
[2025.08.18-11.38.36:613][124]LogPlayLevel: Display: Shutting down PIE online subsystems
[2025.08.18-11.38.36:614][124]LogBlueprintUserMessages: Late EndPlayMap Detection: Level '/Game/StarterContent/Levels/Level01.Level01:PersistentLevel' has LevelScriptBlueprint '/Game/StarterContent/Levels/Level01.Level01:PersistentLevel.Level01' with GeneratedClass '/Game/StarterContent/Levels/Level01.Level01_C' with ClassGeneratedBy '/Game/StarterContent/Levels/Level01.Level01:PersistentLevel.Level01'
[2025.08.18-11.38.36:640][124]LogSlate: Updating window title bar state: overlay mode, drag disabled, window buttons hidden, title bar hidden
[2025.08.18-11.38.36:691][127]LogPlayLevel: Display: Destroying online subsystem :Context_8
[2025.08.18-11.38.37:095][151]LogSlate: FSceneViewport::OnFocusLost() reason 2
[2025.08.18-11.38.37:216][151]LogSavePackage: Moving '../../../../../../Leo/Crystal Cavern v1.0/CrystalCavern/CrystalCavern/Saved/Level01A275884E4817609AF51FC183D2464F5B.tmp' to '../../../../../../Leo/Crystal Cavern v1.0/CrystalCavern/CrystalCavern/Content/StarterContent/Levels/Level01.umap'
[2025.08.18-11.38.37:264][151]LogSavePackage: Moving '../../../../../../Leo/Crystal Cavern v1.0/CrystalCavern/CrystalCavern/Saved/Level01_BuiltDataFB87A14B49DEE3145A40CFA19E79D8A8.tmp' to '../../../../../../Leo/Crystal Cavern v1.0/CrystalCavern/CrystalCavern/Content/StarterContent/Levels/Level01_BuiltData.uasset'
[2025.08.18-11.38.38:410][199]LogSavePackage: Moving '../../../../../../Leo/Crystal Cavern v1.0/CrystalCavern/CrystalCavern/Saved/BP_Level_Restart6EEC64DB4E53FEF4F05332B8EB0BEC86.tmp' to '../../../../../../Leo/Crystal Cavern v1.0/CrystalCavern/CrystalCavern/Content/StarterContent/Blueprints/BP_Level_Restart.uasset'
[2025.08.18-11.38.38:806][218]LogSavePackage: Moving '../../../../../../Leo/Crystal Cavern v1.0/CrystalCavern/CrystalCavern/Saved/BP_Level_RestartC27A115E4A1492CCA442AFAC5816AB61.tmp' to '../../../../../../Leo/Crystal Cavern v1.0/CrystalCavern/CrystalCavern/Content/StarterContent/Blueprints/BP_Level_Restart.uasset'
[2025.08.18-11.38.45:842][288]LogSavePackage: Moving '../../../../../../Leo/Crystal Cavern v1.0/CrystalCavern/CrystalCavern/Saved/BP_Level_RestartBAFB4A9A419EC84FF45B0BBD10FB66BA.tmp' to '../../../../../../Leo/Crystal Cavern v1.0/CrystalCavern/CrystalCavern/Content/StarterContent/Blueprints/BP_Level_Restart.uasset'
[2025.08.18-13.33.38:421][987]LogHttp: Warning: 000001311821A700: request failed, libcurl error: 6 (Couldn't resolve host name)
[2025.08.18-13.33.38:421][987]LogHttp: Warning: 000001311821A700: libcurl info message cache 0 (Connection 36 seems to be dead!)
[2025.08.18-13.33.38:421][987]LogHttp: Warning: 000001311821A700: libcurl info message cache 1 (Closing connection 36)
[2025.08.18-13.33.38:421][987]LogHttp: Warning: 000001311821A700: libcurl info message cache 2 (Could not resolve host: datarouter.ol.epicgames.com)
[2025.08.18-13.33.38:421][987]LogHttp: Warning: 000001311821A700: libcurl info message cache 3 (Closing connection 37)
[2025.08.18-13.33.46:746][ 42]LogSlate: Window 'BP_Level_Restart' being destroyed
[2025.08.18-13.33.46:751][ 42]LogSlate: Window 'BP_Level_Restart' being destroyed
[2025.08.18-13.33.47:400][ 72]LogSlate: Window 'CrystalCavern - Unreal Editor' being destroyed
[2025.08.18-13.33.47:578][ 73]Cmd: QUIT_EDITOR
[2025.08.18-13.33.48:135][ 73]LogWindowsTextInputMethodSystem: Display: IME system now deactivated.
[2025.08.18-13.33.48:144][ 73]LogExit: Preparing to exit.
