Log file open, 08/18/25 14:21:17
LogWindows: Failed to load 'aqProf.dll' (GetLastError=126)
LogWindows: File 'aqProf.dll' does not exist
LogWindows: Failed to load 'VSPerf140.dll' (GetLastError=126)
LogWindows: File 'VSPerf140.dll' does not exist
LogWindows: Failed to load 'VtuneApi.dll' (GetLastError=126)
LogWindows: File 'VtuneApi.dll' does not exist
LogWindows: Failed to load 'VtuneApi32e.dll' (GetLastError=126)
LogWindows: File 'VtuneApi32e.dll' does not exist
LogInit: Display: Running engine for game: CrystalCavern
LogPlatformFile: Not using cached read wrapper
LogTaskGraph: Started task graph with 5 named threads and 35 total threads with 3 sets of task threads.
LogStats: Stats thread started at 0.527561
LogD3D11RHI: Loaded GFSDK_Aftermath_Lib.x64.dll
LogICUInternationalization: Display: ICU TimeZone Detection - Raw Offset: -3:00, Platform Override: ''
LogPluginManager: Mounting plugin Paper2D
LogPluginManager: Mounting plugin AISupport
LogPluginManager: Mounting plugin LightPropagationVolume
LogPluginManager: Mounting plugin CLionSourceCodeAccess
LogPluginManager: Mounting plugin CodeLiteSourceCodeAccess
LogPluginManager: Mounting plugin GitSourceControl
LogPluginManager: Mounting plugin KDevelopSourceCodeAccess
LogPluginManager: Mounting plugin NullSourceCodeAccess
LogPluginManager: Mounting plugin PerforceSourceControl
LogPluginManager: Mounting plugin SubversionSourceControl
LogPluginManager: Mounting plugin UObjectPlugin
LogPluginManager: Mounting plugin VisualStudioCodeSourceCodeAccess
LogPluginManager: Mounting plugin VisualStudioSourceCodeAccess
LogPluginManager: Mounting plugin XCodeSourceCodeAccess
LogPluginManager: Mounting plugin AssetManagerEditor
LogPluginManager: Mounting plugin CryptoKeys
LogPluginManager: Mounting plugin DataValidation
LogPluginManager: Mounting plugin FacialAnimation
LogPluginManager: Mounting plugin GameplayTagsEditor
LogPluginManager: Mounting plugin MacGraphicsSwitching
LogPluginManager: Mounting plugin MeshEditor
LogPluginManager: Mounting plugin MobileLauncherProfileWizard
LogPluginManager: Mounting plugin PluginBrowser
LogPluginManager: Mounting plugin SpeedTreeImporter
LogPluginManager: Mounting plugin DatasmithContent
LogPluginManager: Mounting plugin AlembicImporter
LogPluginManager: Mounting plugin AppleImageUtils
LogPluginManager: Mounting plugin AppleVision
LogPluginManager: Mounting plugin BackChannel
LogPluginManager: Mounting plugin CharacterAI
LogPluginManager: Mounting plugin GeometryCache
LogPluginManager: Mounting plugin HTML5Networking
LogPluginManager: Mounting plugin ProxyLODPlugin
LogPluginManager: Mounting plugin MagicLeap
LogPluginManager: Mounting plugin MagicLeapEmulator
LogPluginManager: Mounting plugin MagicLeapMedia
LogPluginManager: Mounting plugin AndroidMedia
LogPluginManager: Mounting plugin AvfMedia
LogPluginManager: Mounting plugin ImgMedia
LogPluginManager: Mounting plugin LinearTimecode
LogPluginManager: Mounting plugin MediaCompositing
LogPluginManager: Mounting plugin MediaPlayerEditor
LogPluginManager: Mounting plugin WmfMedia
LogPluginManager: Mounting plugin TcpMessaging
LogPluginManager: Mounting plugin UdpMessaging
LogPluginManager: Mounting plugin ActorSequence
LogPluginManager: Mounting plugin LevelSequenceEditor
LogPluginManager: Mounting plugin MatineeToLevelSequence
LogPluginManager: Mounting plugin NetcodeUnitTest
LogPluginManager: Mounting plugin NUTUnrealEngine4
LogPluginManager: Mounting plugin OnlineSubsystemGooglePlay
LogPluginManager: Mounting plugin OnlineSubsystemIOS
LogPluginManager: Mounting plugin OnlineSubsystem
LogPluginManager: Mounting plugin OnlineSubsystemNull
LogPluginManager: Mounting plugin OnlineSubsystemUtils
LogPluginManager: Mounting plugin LauncherChunkInstaller
LogPluginManager: Mounting plugin AndroidDeviceProfileSelector
LogPluginManager: Mounting plugin AndroidMoviePlayer
LogPluginManager: Mounting plugin AndroidPermission
LogPluginManager: Mounting plugin AppleMoviePlayer
LogPluginManager: Mounting plugin ArchVisCharacter
LogPluginManager: Mounting plugin AudioCapture
LogPluginManager: Mounting plugin CableComponent
LogPluginManager: Mounting plugin CustomMeshComponent
LogPluginManager: Mounting plugin EditableMesh
LogPluginManager: Mounting plugin ExampleDeviceProfileSelector
LogPluginManager: Mounting plugin GoogleCloudMessaging
LogPluginManager: Mounting plugin ImmediatePhysics
LogPluginManager: Mounting plugin IOSDeviceProfileSelector
LogPluginManager: Mounting plugin LinuxDeviceProfileSelector
LogPluginManager: Mounting plugin LocationServicesBPLibrary
LogPluginManager: Mounting plugin MobilePatchingUtils
LogPluginManager: Mounting plugin OculusVR
LogPluginManager: Plugin shader directory ../../../Engine/Plugins/Runtime/Oculus/OculusVR/Shaders found
LogPluginManager: Mapping shader source directory ../../../Engine/Plugins/Runtime/Oculus/OculusVR/Shaders to virtual directory /Plugin/OculusVR
LogPluginManager: Mounting plugin PhysXVehicles
LogPluginManager: Mounting plugin ProceduralMeshComponent
LogPluginManager: Mounting plugin RuntimePhysXCooking
LogPluginManager: Mounting plugin SteamVR
LogPluginManager: Mounting plugin WindowsMoviePlayer
LogStreaming: Display: Took  0.067s to configure plugins.
LogInit: Using libcurl 7.55.1-DEV
LogInit:  - built for x86_64-pc-win32
LogInit:  - supports SSL with OpenSSL/1.0.2h
LogInit:  - supports HTTP deflate (compression) using libz 1.2.8
LogInit:  - other features:
LogInit:      CURL_VERSION_SSL
LogInit:      CURL_VERSION_LIBZ
LogInit:      CURL_VERSION_IPV6
LogInit:      CURL_VERSION_ASYNCHDNS
LogInit:      CURL_VERSION_LARGEFILE
LogInit:      CURL_VERSION_IDN
LogInit:  CurlRequestOptions (configurable via config and command line):
LogInit:  - bVerifyPeer = false  - Libcurl will NOT verify peer certificate
LogInit:  - bUseHttpProxy = false  - Libcurl will NOT use HTTP proxy
LogInit:  - bDontReuseConnections = false  - Libcurl will reuse connections
LogInit:  - CertBundlePath = nullptr  - Libcurl will use whatever was configured at build time.
LogInit:  - MaxHostConnections = 16  - Libcurl will limit the number of connections to a host
LogInit:  - LocalHostAddr = Default
LogInit:  - BufferSize = 65536
LogInit: WinSock: version 1.1 (2.2), MaxSocks=32767, MaxUdp=65467
LogInit: Build: ++UE4+Release-4.20-CL-4369336
LogInit: Engine Version: 4.20.3-4369336+++UE4+Release-4.20
LogInit: Compatible Engine Version: 4.20.0-4212847+++UE4+Release-4.20
LogInit: Net CL: 4212847
LogInit: OS: Windows 10 (), CPU: 11th Gen Intel(R) Core(TM) i5-11260H @ 2.60GHz, GPU: Intel(R) Iris(R) Xe Graphics
LogInit: Compiled (64-bit): Sep 17 2018 12:26:19
LogInit: Compiled with Visual C++: 19.13.26129.00
LogInit: Build Configuration: Development
LogInit: Branch Name: ++UE4+Release-4.20
LogInit: Command Line:  
LogInit: Base Directory: C:/Program Files/Epic Games/UE_4.20/Engine/Binaries/Win64/
LogInit: Installed Engine Build: 1
LogDevObjectVersion: Number of dev versions registered: 20
LogDevObjectVersion:   Dev-Blueprints (B0D832E4-1F89-4F0D-ACCF-7EB736FD4AA2): 10
LogDevObjectVersion:   Dev-Build (E1C64328-A22C-4D53-A36C-8E866417BD8C): 0
LogDevObjectVersion:   Dev-Core (375EC13C-06E4-48FB-B500-84F0262A717E): 2
LogDevObjectVersion:   Dev-Editor (E4B068ED-F494-42E9-A231-DA0B2E46BB41): 24
LogDevObjectVersion:   Dev-Framework (CFFC743F-43B0-4480-9391-14DF171D2073): 34
LogDevObjectVersion:   Dev-Mobile (B02B49B5-BB20-44E9-A304-32B752E40360): 2
LogDevObjectVersion:   Dev-Networking (A4E4105C-59A1-49B5-A7C5-40C4547EDFEE): 0
LogDevObjectVersion:   Dev-Online (39C831C9-5AE6-47DC-9A44-9C173E1C8E7C): 0
LogDevObjectVersion:   Dev-Physics (78F01B33-EBEA-4F98-B9B4-84EACCB95AA2): 0
LogDevObjectVersion:   Dev-Platform (6631380F-2D4D-43E0-8009-CF276956A95A): 0
LogDevObjectVersion:   Dev-Rendering (12F88B9F-8875-4AFC-A67C-D90C383ABD29): 26
LogDevObjectVersion:   Dev-Sequencer (7B5AE74C-D270-4C10-A958-57980B212A5A): 9
LogDevObjectVersion:   Dev-VR (D7296918-1DD6-4BDD-9DE2-64A83CC13884): 2
LogDevObjectVersion:   Dev-LoadTimes (C2A15278-BFE7-4AFE-6C17-90FF531DF755): 1
LogDevObjectVersion:   Private-Geometry (6EACA3D4-40EC-4CC1-B786-8BED09428FC5): 3
LogDevObjectVersion:   Dev-AnimPhys (29E575DD-E0A3-4627-9D10-D276232CDCEA): 17
LogDevObjectVersion:   Dev-ReflectionCapture (6B266CEC-1EC7-4B8F-A30B-E4D90942FC07): 1
LogDevObjectVersion:   Dev-Automation (0DF73D61-A23F-47EA-B727-89E90C41499A): 1
LogDevObjectVersion:   FortniteMain (601D1886-AC64-4F84-AA16-D3DE0DEAC7D6): 12
LogDevObjectVersion:   Dev-Enterprise (9DFFBCD6-494F-0158-E221-12823C92A888): 1
LogStreaming: Display: Took  0.000s to delete old logs.
LogInit: Presizing for max 8388607 objects, including 0 objects not considered by GC, pre-allocating 0 bytes for permanent pool.
LogInit: Object subsystem initialized
[2025.08.18-17.21.17:951][  0]LogInit: Selected Device Profile: [Windows]
[2025.08.18-17.21.17:951][  0]LogInit: Applying CVar settings loaded from the selected device profile: [Windows]
[2025.08.18-17.21.17:956][  0]LogHAL: Display: Platform has ~ 32 GB [34077446144 / 34359738368 / 32], which maps to Largest [LargestMinGB=32, LargerMinGB=12, DefaultMinGB=8, SmallerMinGB=6, SmallestMinGB=0)
[2025.08.18-17.21.17:956][  0]LogInit: Setting Device Profile CVar: [[r.Vulkan.UseRealUBs:1]]
[2025.08.18-17.21.17:956][  0]LogInit: Going up to parent DeviceProfile []
[2025.08.18-17.21.17:956][  0]LogInit: Computer: LEO
[2025.08.18-17.21.17:956][  0]LogInit: User: Leo
[2025.08.18-17.21.17:956][  0]LogInit: CPU Page size=4096, Cores=6
[2025.08.18-17.21.17:956][  0]LogInit: High frequency timer resolution =10.000000 MHz
[2025.08.18-17.21.17:957][  0]LogMemory: Memory total: Physical=31.7GB (32GB approx)
[2025.08.18-17.21.17:957][  0]LogMemory: Platform Memory Stats for Windows
[2025.08.18-17.21.17:957][  0]LogMemory: Process Physical Memory: 102.89 MB used, 102.90 MB peak
[2025.08.18-17.21.17:957][  0]LogMemory: Process Virtual Memory: 85.83 MB used, 85.83 MB peak
[2025.08.18-17.21.17:957][  0]LogMemory: Physical Memory: 12452.20 MB used,  20046.58 MB free, 32498.79 MB total
[2025.08.18-17.21.17:957][  0]LogMemory: Virtual Memory: 4642.17 MB used,  20046.58 MB free, 134217728.00 MB total
[2025.08.18-17.21.17:965][  0]LogInit: Using OS detected language (en-US).
[2025.08.18-17.21.17:965][  0]LogInit: Using OS detected locale (es-AR).
[2025.08.18-17.21.17:966][  0]LogTextLocalizationManager: No specific localization for 'en-US' exists, so the 'en' localization will be used.
[2025.08.18-17.21.18:234][  0]LogStreaming: Display: Took  0.269s to InitEngineTextLocalization.
[2025.08.18-17.21.18:234][  0]LogInit: Setting process to per monitor DPI aware
[2025.08.18-17.21.18:255][  0]LogSlate: New Slate User Created.  User Index 0, Is Virtual User: 0
[2025.08.18-17.21.18:255][  0]LogSlate: Slate User Registered.  User Index 0, Is Virtual User: 0
[2025.08.18-17.21.18:377][  0]LogHMD: Failed to initialize OpenVR with code 110
[2025.08.18-17.21.18:377][  0]LogD3D11RHI: D3D11 adapters:
[2025.08.18-17.21.18:484][  0]LogD3D11RHI:    0. 'NVIDIA GeForce RTX 3050 Laptop GPU' (Feature Level 11_0)
[2025.08.18-17.21.18:484][  0]LogD3D11RHI:       3964/0/16249 MB DedicatedVideo/DedicatedSystem/SharedSystem, Outputs:1, VendorId:0x10de
[2025.08.18-17.21.18:508][  0]LogD3D11RHI:    1. 'Intel(R) Iris(R) Xe Graphics' (Feature Level 11_0)
[2025.08.18-17.21.18:508][  0]LogD3D11RHI:       128/0/16249 MB DedicatedVideo/DedicatedSystem/SharedSystem, Outputs:0, VendorId:0x8086
[2025.08.18-17.21.18:510][  0]LogD3D11RHI:    2. 'Microsoft Basic Render Driver' (Feature Level 11_0)
[2025.08.18-17.21.18:510][  0]LogD3D11RHI:       0/0/16249 MB DedicatedVideo/DedicatedSystem/SharedSystem, Outputs:0, VendorId:0x1414
[2025.08.18-17.21.18:510][  0]LogD3D11RHI: Chosen D3D11 Adapter: 0
[2025.08.18-17.21.18:514][  0]LogD3D11RHI: Creating new Direct3DDevice
[2025.08.18-17.21.18:514][  0]LogD3D11RHI:     GPU DeviceId: 0x25a2 (for the marketing name, search the web for "GPU Device Id")
[2025.08.18-17.21.18:514][  0]LogWindows: EnumDisplayDevices:
[2025.08.18-17.21.18:514][  0]LogWindows:    0. 'Intel(R) Iris(R) Xe Graphics' (P:1 D:1)
[2025.08.18-17.21.18:514][  0]LogWindows:    1. 'Intel(R) Iris(R) Xe Graphics' (P:0 D:0)
[2025.08.18-17.21.18:514][  0]LogWindows:    2. 'Intel(R) Iris(R) Xe Graphics' (P:0 D:0)
[2025.08.18-17.21.18:515][  0]LogWindows:    3. 'Intel(R) Iris(R) Xe Graphics' (P:0 D:0)
[2025.08.18-17.21.18:515][  0]LogWindows:    4. 'NVIDIA GeForce RTX 3050 Laptop GPU' (P:0 D:0)
[2025.08.18-17.21.18:515][  0]LogWindows: DebugString: PrimaryIsNotTheChoosenAdapter PrimaryIsNotTheChoosenAdapter PrimaryIsNotTheChoosenAdapter PrimaryIsNotTheChoosenAdapter 
[2025.08.18-17.21.18:515][  0]LogD3D11RHI:     Adapter Name: NVIDIA GeForce RTX 3050 Laptop GPU
[2025.08.18-17.21.18:515][  0]LogD3D11RHI:   Driver Version: 556.12 (internal:32.0.15.5612, unified:556.12)
[2025.08.18-17.21.18:515][  0]LogD3D11RHI:      Driver Date: 6-25-2024
[2025.08.18-17.21.18:515][  0]LogRHI: Texture pool is 2774 MB (70% of 3964 MB)
[2025.08.18-17.21.18:588][  0]LogD3D11RHI: Async texture creation enabled
[2025.08.18-17.21.18:598][  0]LogD3D11RHI: GPU Timing Frequency: 1000.000000 (Debug: 2 1)
[2025.08.18-17.21.18:599][  0]LogShaderCompilers: Guid format shader working directory is -26 characters bigger than the processId version (../../../../../../Leo/Crystal Cavern v1.0/CrystalCavern/CrystalCavern/Intermediate/Shaders/WorkingDirectory/10368/).
[2025.08.18-17.21.18:599][  0]LogShaderCompilers: Cleaned the shader compiler working directory 'C:/Users/Leo/AppData/Local/Temp/UnrealShaderWorkingDir/742BB042450DBB9210EB9A83870EEF82/'.
[2025.08.18-17.21.18:788][  0]LogTemp: Display: Loaded TP AllDesktopTargetPlatform
[2025.08.18-17.21.18:798][  0]LogTemp: Display: Loaded TP MacClientTargetPlatform
[2025.08.18-17.21.18:807][  0]LogTemp: Display: Loaded TP MacNoEditorTargetPlatform
[2025.08.18-17.21.18:816][  0]LogTemp: Display: Loaded TP MacServerTargetPlatform
[2025.08.18-17.21.18:826][  0]LogTemp: Display: Loaded TP MacTargetPlatform
[2025.08.18-17.21.18:835][  0]LogTemp: Display: Loaded TP WindowsClientTargetPlatform
[2025.08.18-17.21.18:845][  0]LogTemp: Display: Loaded TP WindowsNoEditorTargetPlatform
[2025.08.18-17.21.18:854][  0]LogTemp: Display: Loaded TP WindowsServerTargetPlatform
[2025.08.18-17.21.18:858][  0]LogTemp: Display: Loaded TP WindowsTargetPlatform
[2025.08.18-17.21.18:912][  0]LogTemp: Display: Loaded TP AndroidTargetPlatform
[2025.08.18-17.21.18:912][  0]LogTemp: Display: Loaded TP AndroidTargetPlatform
[2025.08.18-17.21.18:912][  0]LogTemp: Display: Loaded TP AndroidTargetPlatform
[2025.08.18-17.21.18:912][  0]LogTemp: Display: Loaded TP AndroidTargetPlatform
[2025.08.18-17.21.18:912][  0]LogTemp: Display: Loaded TP AndroidTargetPlatform
[2025.08.18-17.21.18:912][  0]LogTemp: Display: Loaded TP AndroidTargetPlatform
[2025.08.18-17.21.18:912][  0]LogTemp: Display: Loaded TP AndroidTargetPlatform
[2025.08.18-17.21.18:912][  0]LogTemp: Display: Loaded TP AndroidTargetPlatform
[2025.08.18-17.21.18:912][  0]LogTemp: Display: Loaded TP AndroidTargetPlatform
[2025.08.18-17.21.18:912][  0]LogTemp: Display: Loaded TP AndroidTargetPlatform
[2025.08.18-17.21.18:912][  0]LogTemp: Display: Loaded TP AndroidTargetPlatform
[2025.08.18-17.21.18:912][  0]LogTemp: Display: Loaded TP AndroidTargetPlatform
[2025.08.18-17.21.18:912][  0]LogTemp: Display: Loaded TP AndroidTargetPlatform
[2025.08.18-17.21.18:912][  0]LogTemp: Display: Loaded TP AndroidTargetPlatform
[2025.08.18-17.21.18:912][  0]LogTemp: Display: Loaded TP AndroidTargetPlatform
[2025.08.18-17.21.18:912][  0]LogTemp: Display: Loaded TP AndroidTargetPlatform
[2025.08.18-17.21.18:912][  0]LogTemp: Display: Loaded TP AndroidTargetPlatform
[2025.08.18-17.21.18:912][  0]LogTemp: Display: Loaded TP AndroidTargetPlatform
[2025.08.18-17.21.18:912][  0]LogTemp: Display: Loaded TP HTML5TargetPlatform
[2025.08.18-17.21.18:964][  0]LogTemp: Display: Loaded TP IOSTargetPlatform
[2025.08.18-17.21.18:964][  0]LogTemp: Display: Loaded TP IOSTargetPlatform
[2025.08.18-17.21.18:980][  0]LogTemp: Display: Loaded TP TVOSTargetPlatform
[2025.08.18-17.21.18:980][  0]LogTemp: Display: Loaded TP TVOSTargetPlatform
[2025.08.18-17.21.18:988][  0]LogTemp: Display: Loaded TP LinuxClientTargetPlatform
[2025.08.18-17.21.18:996][  0]LogTemp: Display: Loaded TP LinuxNoEditorTargetPlatform
[2025.08.18-17.21.19:005][  0]LogTemp: Display: Loaded TP LinuxServerTargetPlatform
[2025.08.18-17.21.19:014][  0]LogTemp: Display: Loaded TP LinuxTargetPlatform
[2025.08.18-17.21.19:019][  0]LogTemp: Display: Loaded TP LuminTargetPlatform
[2025.08.18-17.21.19:020][  0]LogTargetPlatformManager: Display: Building Assets For Windows
[2025.08.18-17.21.19:056][  0]LogXGEController: Cannot use XGE Controller as Incredibuild is not installed on this machine.
[2025.08.18-17.21.19:056][  0]LogShaderCompilers: Cannot use XGE Shader Compiler as Incredibuild is not installed on this machine.
[2025.08.18-17.21.19:056][  0]LogShaderCompilers: Display: Using Local Shader Compiler.
[2025.08.18-17.21.19:607][  0]LogDerivedDataCache: Display: Max Cache Size: 512 MB
[2025.08.18-17.21.19:641][  0]LogDerivedDataCache: Loaded boot cache 0.03s 71MB C:/Users/Leo/AppData/Local/UnrealEngine/4.20/DerivedDataCache/Boot.ddc.
[2025.08.18-17.21.19:641][  0]LogDerivedDataCache: Display: Loaded Boot cache: C:/Users/Leo/AppData/Local/UnrealEngine/4.20/DerivedDataCache/Boot.ddc
[2025.08.18-17.21.19:641][  0]LogDerivedDataCache: FDerivedDataBackendGraph:  Pak pak cache file ../../../../../../Leo/Crystal Cavern v1.0/CrystalCavern/CrystalCavern/DerivedDataCache/DDC.ddp not found, will not use a pak cache.
[2025.08.18-17.21.19:641][  0]LogDerivedDataCache: Unable to find inner node Pak for hierarchical cache Hierarchy.
[2025.08.18-17.21.19:641][  0]LogDerivedDataCache: FDerivedDataBackendGraph:  CompressedPak pak cache file ../../../../../../Leo/Crystal Cavern v1.0/CrystalCavern/CrystalCavern/DerivedDataCache/Compressed.ddp not found, will not use a pak cache.
[2025.08.18-17.21.19:641][  0]LogDerivedDataCache: Unable to find inner node CompressedPak for hierarchical cache Hierarchy.
[2025.08.18-17.21.19:651][  0]LogDerivedDataCache: Display: Pak cache opened for reading ../../../Engine/DerivedDataCache/Compressed.ddp.
[2025.08.18-17.21.19:664][  0]LogDerivedDataCache: Using Local data cache path C:/Users/Leo/AppData/Local/UnrealEngine/Common/DerivedDataCache: Writable
[2025.08.18-17.21.19:664][  0]LogDerivedDataCache: Shared data cache path not found in *engine.ini, will not use an Shared cache.
[2025.08.18-17.21.19:664][  0]LogDerivedDataCache: Unable to find inner node Shared for hierarchical cache Hierarchy.
[2025.08.18-17.21.19:676][  0]LogMaterial: Verifying Global Shaders for PCD3D_SM5
[2025.08.18-17.21.19:677][  0]LogSlate: Using FreeType 2.6.0
[2025.08.18-17.21.19:678][  0]LogSlate: SlateFontServices - WITH_FREETYPE: 1, WITH_HARFBUZZ: 1
[2025.08.18-17.21.19:734][  0]LogAssetRegistry: FAssetRegistry took 0.0250 seconds to start up
[2025.08.18-17.21.19:965][  0]LogInit: Selected Device Profile: [Windows]
[2025.08.18-17.21.19:997][  0]LogSimplygon: Simplygon DLL not present - disabling.
[2025.08.18-17.21.20:000][  0]LogMeshReduction: Using SimplygonSwarm for distributed automatic mesh merging
[2025.08.18-17.21.20:000][  0]LogMeshReduction: Using ProxyLODMeshReduction for automatic mesh merging
[2025.08.18-17.21.20:000][  0]LogMeshReduction: Using QuadricMeshReduction for automatic static mesh reduction
[2025.08.18-17.21.20:000][  0]LogMeshReduction: No automatic skeletal mesh reduction module available
[2025.08.18-17.21.20:066][  0]LogNetVersion: CrystalCavern 1.0.0, NetCL: 4212847, EngineNetVer: 5, GameNetVer: 0 (Checksum: 1954901415)
[2025.08.18-17.21.20:454][  0]LogPackageLocalizationCache: Processed 11 localized package path(s) for 2 prioritized culture(s) in 0.071990 seconds
[2025.08.18-17.21.20:460][  0]LogUObjectArray: 38425 objects as part of root set at end of initial load.
[2025.08.18-17.21.20:460][  0]LogUObjectAllocator: 6690872 out of 0 bytes used by permanent object pool.
[2025.08.18-17.21.20:460][  0]LogUObjectArray: CloseDisregardForGC: 0/0 objects in disregard for GC pool
[2025.08.18-17.21.21:019][  0]LogTcpMessaging: Initializing TcpMessaging bridge
[2025.08.18-17.21.21:031][  0]LogUdpMessaging: Initializing bridge on interface 0.0.0.0:0 to multicast group 230.0.0.1:6666.
[2025.08.18-17.21.21:144][  0]SourceControl: Source control is disabled
[2025.08.18-17.21.21:144][  0]SourceControl: Source control is disabled
[2025.08.18-17.21.21:145][  0]SourceControl: Source control is disabled
[2025.08.18-17.21.21:145][  0]SourceControl: Source control is disabled
[2025.08.18-17.21.21:307][  0]LogAndroidPermission: UAndroidPermissionCallbackProxy::GetInstance
[2025.08.18-17.21.21:350][  0]LogOcInput: OculusInput pre-init called
[2025.08.18-17.21.21:398][  0]LogEngine: Initializing Engine...
[2025.08.18-17.21.21:398][  0]LogHMD: Failed to initialize OpenVR with code 110
[2025.08.18-17.21.21:399][  0]LogStats: UGameplayTagsManager::ConstructGameplayTagTree: ImportINI prefixes -  0.000 s
[2025.08.18-17.21.21:399][  0]LogStats: UGameplayTagsManager::ConstructGameplayTagTree: Construct from data asset -  0.000 s
[2025.08.18-17.21.21:399][  0]LogStats: UGameplayTagsManager::ConstructGameplayTagTree: ImportINI -  0.000 s
[2025.08.18-17.21.21:399][  0]LogStats: UGameplayTagsManager::ConstructGameplayTagTree: GameplayTagTreeChangedEvent.Broadcast -  0.000 s
[2025.08.18-17.21.21:547][  0]LogInit: Initializing FReadOnlyCVARCache
[2025.08.18-17.21.21:556][  0]LogAIModule: Creating AISystem for world Untitled
[2025.08.18-17.21.21:564][  0]LogInit: XAudio2 using 'Speakers (Realtek(R) Audio)' : 2 channels at 48 kHz using 32 bits per sample (channel mask 0x3)
[2025.08.18-17.21.22:076][  0]LogInit: FAudioDevice initialized.
[2025.08.18-17.21.22:076][  0]LogNetVersion: Set ProjectVersion to 1.0.0.0. Version Checksum will be recalculated on next use.
[2025.08.18-17.21.22:111][  0]LogDerivedDataCache: Saved boot cache 0.04s 71MB C:/Users/Leo/AppData/Local/UnrealEngine/4.20/DerivedDataCache/Boot.ddc.
[2025.08.18-17.21.22:114][  0]LogInit: Texture streaming: Enabled
[2025.08.18-17.21.22:126][  0]LogEngineSessionManager: EngineSessionManager initialized
[2025.08.18-17.21.22:135][  0]LogInit: Transaction tracking system initialized
[2025.08.18-17.21.22:148][  0]BlueprintLog: New page: Editor Load
[2025.08.18-17.21.22:197][  0]LocalizationService: Localization service is disabled
[2025.08.18-17.21.22:398][  0]LogCook: Display: Max memory allowance for cook 16384mb min free memory 0mb
[2025.08.18-17.21.22:398][  0]LogCook: Display: Mobile HDR setting 1
[2025.08.18-17.21.22:398][  0]LogGameplayTags: Display: UGameplayTagsManager::DoneAddingNativeTags. DelegateIsBound: 0
[2025.08.18-17.21.22:398][  0]LogStats: UGameplayTagsManager::ConstructGameplayTagTree: ImportINI prefixes -  0.000 s
[2025.08.18-17.21.22:398][  0]LogStats: UGameplayTagsManager::ConstructGameplayTagTree: Construct from data asset -  0.000 s
[2025.08.18-17.21.22:398][  0]LogStats: UGameplayTagsManager::ConstructGameplayTagTree: ImportINI -  0.000 s
[2025.08.18-17.21.22:398][  0]LogStats: UGameplayTagsManager::ConstructGameplayTagTree: GameplayTagTreeChangedEvent.Broadcast -  0.000 s
[2025.08.18-17.21.22:517][  0]LogFileCache: Scanning file cache for directory 'C:/Leo/Crystal Cavern v1.0/CrystalCavern/CrystalCavern/Content/' took 0.01s
[2025.08.18-17.21.22:517][  0]SourceControl: Source control is disabled
[2025.08.18-17.21.22:517][  0]Cmd: MAP LOAD FILE="../../../../../../Leo/Crystal Cavern v1.0/CrystalCavern/CrystalCavern/Content/StarterContent/Levels/Level01.umap" TEMPLATE=0 SHOWPROGRESS=1 FEATURELEVEL=3
[2025.08.18-17.21.22:517][  0]LightingResults: New page: Lighting Build
[2025.08.18-17.21.22:519][  0]MapCheck: New page: Map Check
[2025.08.18-17.21.22:519][  0]LightingResults: New page: Lighting Build
[2025.08.18-17.21.22:768][  0]LogAIModule: Creating AISystem for world Level01
[2025.08.18-17.21.22:775][  0]LogEditorServer: Finished looking for orphan Actors (0.000 secs)
[2025.08.18-17.21.22:798][  0]Cmd: MAP CHECKDEP NOCLEARLOG
[2025.08.18-17.21.22:849][  0]MapCheck: Map check complete: 0 Error(s), 0 Warning(s), took 50,738ms to complete.
[2025.08.18-17.21.22:849][  0]LogFileHelpers: Loading map 'Level01' took 0.332
[2025.08.18-17.21.22:934][  0]LogSlate: Updating window title bar state: overlay mode, drag disabled, window buttons hidden, title bar hidden
[2025.08.18-17.21.22:939][  0]LogSlate: Updating window title bar state: overlay mode, drag disabled, window buttons hidden, title bar hidden
[2025.08.18-17.21.22:945][  0]LogSlate: Updating window title bar state: overlay mode, drag disabled, window buttons hidden, title bar hidden
[2025.08.18-17.21.22:957][  0]LogSlate: Updating window title bar state: overlay mode, drag disabled, window buttons hidden, title bar hidden
[2025.08.18-17.21.22:963][  0]LogCollectionManager: Loaded 0 collections in 0.001236 seconds
[2025.08.18-17.21.23:004][  0]LogFileCache: Scanning file cache for directory 'C:/Leo/Crystal Cavern v1.0/CrystalCavern/CrystalCavern/Saved/Collections/' took 0.01s
[2025.08.18-17.21.23:004][  0]LogFileCache: Scanning file cache for directory 'C:/Leo/Crystal Cavern v1.0/CrystalCavern/CrystalCavern/Content/Developers/Leo/Collections/' took 0.01s
[2025.08.18-17.21.23:004][  0]LogFileCache: Scanning file cache for directory 'C:/Leo/Crystal Cavern v1.0/CrystalCavern/CrystalCavern/Content/Collections/' took 0.01s
[2025.08.18-17.21.23:004][  0]LogCollectionManager: Rebuilt the GUID cache for 0 collections in 0.000001 seconds
[2025.08.18-17.21.23:012][  0]LogContentBrowser: Native class hierarchy populated in 0.0072 seconds. Added 2572 classes and 603 folders.
[2025.08.18-17.21.23:018][  0]LogContentBrowser: Native class hierarchy updated for 'WidgetCarousel' in 0.0003 seconds. Added 0 classes and 0 folders.
[2025.08.18-17.21.23:052][  0]LogContentBrowser: Native class hierarchy updated for 'AddContentDialog' in 0.0002 seconds. Added 0 classes and 0 folders.
[2025.08.18-17.21.23:058][  0]LogContentBrowser: Native class hierarchy updated for 'SceneOutliner' in 0.0003 seconds. Added 1 classes and 2 folders.
[2025.08.18-17.21.23:075][  0]LogSlate: Took 0.000624 seconds to synchronously load lazily loaded font '../../../Engine/Content/Slate/Fonts/Roboto-Regular.ttf' (155K)
[2025.08.18-17.21.23:078][  0]LogSlate: Took 0.000203 seconds to synchronously load lazily loaded font '../../../Engine/Content/Slate/Fonts/Roboto-Bold.ttf' (160K)
[2025.08.18-17.21.23:080][  0]LogSlate: Took 0.000190 seconds to synchronously load lazily loaded font '../../../Engine/Content/Editor/Slate/Fonts/FontAwesome.ttf' (139K)
[2025.08.18-17.21.23:137][  0]LogRenderer: Reallocating scene render targets to support 1152x428 Format 10 NumSamples 1 (Frame:1).
[2025.08.18-17.21.23:254][  0]LogContentBrowser: Native class hierarchy updated for 'HierarchicalLODOutliner' in 0.0002 seconds. Added 0 classes and 0 folders.
[2025.08.18-17.21.23:254][  0]LogLoad: (Engine Initialization) Total time: 6.87 seconds
[2025.08.18-17.21.23:254][  0]LogLoad: (Engine Initialization) Total Blueprint compile time: 0.00 seconds
[2025.08.18-17.21.23:298][  0]LogContentStreaming: Texture pool size now 1000 MB
[2025.08.18-17.21.23:315][  0]LogSlate: Took 0.000249 seconds to synchronously load lazily loaded font '../../../Engine/Content/Slate/Fonts/Roboto-Light.ttf' (167K)
[2025.08.18-17.21.23:384][  1]LogAssetRegistry: Asset discovery search completed in 3.6724 seconds
[2025.08.18-17.21.23:386][  1]LogCollectionManager: Rebuilt the object cache for 0 collections in 0.000001 seconds (found 0 objects)
[2025.08.18-17.21.23:386][  1]LogCollectionManager: Fixed up redirectors for 0 collections in 0.000097 seconds (updated 0 objects)
[2025.08.18-17.21.25:778][  9]LogSlate: FSceneViewport::OnFocusLost() reason 0
[2025.08.18-17.21.26:025][  9]LogSlate: Took 0.000155 seconds to synchronously load lazily loaded font '../../../Engine/Content/Slate/Fonts/Roboto-Light.ttf' (167K)
[2025.08.18-17.21.26:030][  9]LogAssetEditorManager: Opening Asset editor for Blueprint /Game/StarterContent/Blueprints/BP_Player_Pawn.BP_Player_Pawn
[2025.08.18-17.21.26:380][  9]LogContentBrowser: Native class hierarchy updated for 'BlueprintGraph' in 0.0005 seconds. Added 116 classes and 0 folders.
[2025.08.18-17.21.26:939][  9]LogSlate: Took 0.000254 seconds to synchronously load lazily loaded font '../../../Engine/Content/Slate/Fonts/Roboto-BoldCondensed.ttf' (158K)
[2025.08.18-17.21.26:988][ 10]LogSlate: Took 0.000200 seconds to synchronously load lazily loaded font '../../../Engine/Content/Slate/Fonts/Roboto-Italic.ttf' (157K)
[2025.08.18-17.21.31:099][245]LogSavePackage: Moving '../../../../../../Leo/Crystal Cavern v1.0/CrystalCavern/CrystalCavern/Saved/BP_Player_PawnE0F4A3264864E23316EC2EB0465AFCB9.tmp' to '../../../../../../Leo/Crystal Cavern v1.0/CrystalCavern/CrystalCavern/Content/StarterContent/Blueprints/BP_Player_Pawn.uasset'
[2025.08.18-17.21.31:099][245]LogFileManager: Warning: DeleteFile was unable to delete '../../../../../../Leo/Crystal Cavern v1.0/CrystalCavern/CrystalCavern/Content/StarterContent/Blueprints/BP_Player_Pawn.uasset', retrying in .5s...
[2025.08.18-17.21.31:600][245]LogFileManager: Error: Error deleting file '../../../../../../Leo/Crystal Cavern v1.0/CrystalCavern/CrystalCavern/Content/StarterContent/Blueprints/BP_Player_Pawn.uasset'.
[2025.08.18-17.21.31:600][245]LogSavePackage: Error: Error saving '../../../../../../Leo/Crystal Cavern v1.0/CrystalCavern/CrystalCavern/Content/StarterContent/Blueprints/BP_Player_Pawn.uasset'
[2025.08.18-17.21.35:798][245]LogSlate: Window 'Message' being destroyed
[2025.08.18-17.21.35:803][245]EditorErrors: New page: Save Output
[2025.08.18-17.21.35:803][245]EditorErrors: Warning: Error saving '../../../../../../Leo/Crystal Cavern v1.0/CrystalCavern/CrystalCavern/Content/StarterContent/Blueprints/BP_Player_Pawn.uasset'
[2025.08.18-17.21.37:987][245]LogSlate: Window 'Packages Failed To Save' being destroyed
[2025.08.18-17.21.39:051][299]LogSlate: Window 'Message Log' being destroyed
[2025.08.18-17.21.39:053][299]LogSlate: Window 'Message Log' being destroyed
[2025.08.18-17.21.48:422][838]LogSlate: FSceneViewport::OnFocusLost() reason 2
[2025.08.18-17.21.49:272][887]LogSlate: FSceneViewport::OnFocusLost() reason 2
[2025.08.18-17.21.49:402][887]LogSavePackage: Moving '../../../../../../Leo/Crystal Cavern v1.0/CrystalCavern/CrystalCavern/Saved/Level014924C93F47F1DBFE2540E8AAEBB316F0.tmp' to '../../../../../../Leo/Crystal Cavern v1.0/CrystalCavern/CrystalCavern/Content/StarterContent/Levels/Level01.umap'
[2025.08.18-17.21.49:463][887]LogSavePackage: Moving '../../../../../../Leo/Crystal Cavern v1.0/CrystalCavern/CrystalCavern/Saved/Level01_BuiltData1617294343BE6E1819542ABDD1D79D5F.tmp' to '../../../../../../Leo/Crystal Cavern v1.0/CrystalCavern/CrystalCavern/Content/StarterContent/Levels/Level01_BuiltData.uasset'
[2025.08.18-17.21.50:204][926]LogSlate: FSceneViewport::OnFocusLost() reason 2
[2025.08.18-17.21.51:059][964]BlueprintLog: New page: Compile BP_Player_Pawn
[2025.08.18-17.21.51:868][  3]LogSavePackage: Moving '../../../../../../Leo/Crystal Cavern v1.0/CrystalCavern/CrystalCavern/Saved/BP_Player_Pawn340273CE47C5F1BD0F8D16A4ED8120EB.tmp' to '../../../../../../Leo/Crystal Cavern v1.0/CrystalCavern/CrystalCavern/Content/StarterContent/Blueprints/BP_Player_Pawn.uasset'
[2025.08.18-17.21.51:869][  3]LogFileManager: Warning: DeleteFile was unable to delete '../../../../../../Leo/Crystal Cavern v1.0/CrystalCavern/CrystalCavern/Content/StarterContent/Blueprints/BP_Player_Pawn.uasset', retrying in .5s...
[2025.08.18-17.21.52:370][  3]LogFileManager: Error: Error deleting file '../../../../../../Leo/Crystal Cavern v1.0/CrystalCavern/CrystalCavern/Content/StarterContent/Blueprints/BP_Player_Pawn.uasset'.
[2025.08.18-17.21.52:370][  3]LogSavePackage: Error: Error saving '../../../../../../Leo/Crystal Cavern v1.0/CrystalCavern/CrystalCavern/Content/StarterContent/Blueprints/BP_Player_Pawn.uasset'
[2025.08.18-17.22.00:311][  3]LogSlate: Window 'Message' being destroyed
[2025.08.18-17.22.00:316][  3]EditorErrors: New page: Save Output
[2025.08.18-17.22.00:316][  3]EditorErrors: Warning: Error saving '../../../../../../Leo/Crystal Cavern v1.0/CrystalCavern/CrystalCavern/Content/StarterContent/Blueprints/BP_Player_Pawn.uasset'
[2025.08.18-17.22.00:318][  3]LogSlate: FSceneViewport::OnFocusLost() reason 2
[2025.08.18-17.22.01:580][ 73]LogSlate: Window 'Message Log' being destroyed
[2025.08.18-17.22.01:582][ 73]LogSlate: Window 'Message Log' being destroyed
[2025.08.18-17.22.02:131][106]LogSlate: FSceneViewport::OnFocusLost() reason 0
[2025.08.18-17.22.02:230][112]LogSlate: Window 'BP_Player_Pawn' being destroyed
[2025.08.18-17.22.02:232][112]LogSlate: Window 'BP_Player_Pawn' being destroyed
[2025.08.18-17.22.02:678][136]LogSlate: FSceneViewport::OnFocusLost() reason 0
[2025.08.18-17.22.03:903][142]LogSlate: Window 'Save Content' being destroyed
[2025.08.18-17.22.03:951][142]LogSlate: Window 'CrystalCavern - Unreal Editor' being destroyed
[2025.08.18-17.22.04:101][143]Cmd: QUIT_EDITOR
[2025.08.18-17.22.04:111][143]LogWindowsTextInputMethodSystem: Display: IME system now deactivated.
[2025.08.18-17.22.04:117][143]LogExit: Preparing to exit.
[2025.08.18-17.22.05:157][143]LogExit: Editor shut down
[2025.08.18-17.22.05:157][143]LogExit: Transaction tracking system shut down
[2025.08.18-17.22.05:465][143]LogExit: Object subsystem successfully closed.
[2025.08.18-17.22.05:485][143]LogShaderCompilers: Display: Shaders left to compile 0
[2025.08.18-17.22.05:488][143]LogD3D11RHI: Shutdown
[2025.08.18-17.22.05:488][143]LogD3D11RHI: CleanupD3DDevice
[2025.08.18-17.22.05:489][143]LogD3D11RHI: ~FD3D11DynamicRHI
[2025.08.18-17.22.05:501][143]LogModuleManager: Shutting down and abandoning module BlueprintGraph (612)
[2025.08.18-17.22.05:501][143]LogModuleManager: Shutting down and abandoning module HierarchicalLODOutliner (610)
[2025.08.18-17.22.05:501][143]LogModuleManager: Shutting down and abandoning module SceneOutliner (608)
[2025.08.18-17.22.05:501][143]LogModuleManager: Shutting down and abandoning module AddContentDialog (606)
[2025.08.18-17.22.05:502][143]LogModuleManager: Shutting down and abandoning module WidgetCarousel (605)
[2025.08.18-17.22.05:502][143]LogModuleManager: Shutting down and abandoning module EditorWidgets (602)
[2025.08.18-17.22.05:502][143]LogModuleManager: Shutting down and abandoning module CollectionManager (600)
[2025.08.18-17.22.05:502][143]LogModuleManager: Shutting down and abandoning module StatsViewer (598)
[2025.08.18-17.22.05:502][143]LogModuleManager: Shutting down and abandoning module FoliageEdit (596)
[2025.08.18-17.22.05:502][143]LogModuleManager: Shutting down and abandoning module LandscapeEditor (594)
[2025.08.18-17.22.05:502][143]LogModuleManager: Shutting down and abandoning module MeshPaintMode (592)
[2025.08.18-17.22.05:502][143]LogModuleManager: Shutting down and abandoning module SceneDepthPickerMode (590)
[2025.08.18-17.22.05:502][143]LogModuleManager: Shutting down and abandoning module ActorPickerMode (588)
[2025.08.18-17.22.05:502][143]LogModuleManager: Shutting down and abandoning module GeometryMode (586)
[2025.08.18-17.22.05:502][143]LogModuleManager: Shutting down and abandoning module TextureAlignMode (584)
[2025.08.18-17.22.05:502][143]LogModuleManager: Shutting down and abandoning module BspMode (582)
[2025.08.18-17.22.05:502][143]LogModuleManager: Shutting down and abandoning module PIEPreviewDeviceProfileSelector (580)
[2025.08.18-17.22.05:502][143]LogModuleManager: Shutting down and abandoning module SequenceRecorderSections (578)
[2025.08.18-17.22.05:502][143]LogModuleManager: Shutting down and abandoning module AutomationWorker (576)
[2025.08.18-17.22.05:502][143]LogModuleManager: Shutting down and abandoning module AudioCaptureEditor (574)
[2025.08.18-17.22.05:502][143]LogModuleManager: Shutting down and abandoning module SequenceRecorder (573)
[2025.08.18-17.22.05:502][143]LogModuleManager: Shutting down and abandoning module MatineeToLevelSequence (570)
[2025.08.18-17.22.05:502][143]LogModuleManager: Shutting down and abandoning module LevelSequenceEditor (568)
[2025.08.18-17.22.05:502][143]LogModuleManager: Shutting down and abandoning module PlacementMode (567)
[2025.08.18-17.22.05:502][143]LogModuleManager: Shutting down and abandoning module MaterialEditor (566)
[2025.08.18-17.22.05:502][143]LogModuleManager: Shutting down and abandoning module WmfMediaFactory (562)
[2025.08.18-17.22.05:502][143]LogModuleManager: Shutting down and abandoning module WmfMediaEditor (560)
[2025.08.18-17.22.05:502][143]LogModuleManager: Shutting down and abandoning module MediaPlayerEditor (558)
[2025.08.18-17.22.05:502][143]LogModuleManager: Shutting down and abandoning module OpenExrWrapper (556)
[2025.08.18-17.22.05:502][143]LogModuleManager: Shutting down and abandoning module ImgMediaFactory (554)
[2025.08.18-17.22.05:502][143]LogModuleManager: Shutting down and abandoning module ImgMediaEditor (552)
[2025.08.18-17.22.05:502][143]LogModuleManager: Shutting down and abandoning module AvfMediaFactory (550)
[2025.08.18-17.22.05:502][143]LogModuleManager: Shutting down and abandoning module AvfMediaEditor (548)
[2025.08.18-17.22.05:502][143]LogModuleManager: Shutting down and abandoning module AndroidMediaFactory (546)
[2025.08.18-17.22.05:502][143]LogModuleManager: Shutting down and abandoning module AndroidMediaEditor (544)
[2025.08.18-17.22.05:502][143]LogModuleManager: Shutting down and abandoning module MagicLeapCameraPreviewFactory (542)
[2025.08.18-17.22.05:502][143]LogModuleManager: Shutting down and abandoning module MagicLeapMediaFactory (540)
[2025.08.18-17.22.05:503][143]LogModuleManager: Shutting down and abandoning module MagicLeapMediaEditor (538)
[2025.08.18-17.22.05:503][143]LogModuleManager: Shutting down and abandoning module CharacterAI (536)
[2025.08.18-17.22.05:503][143]LogModuleManager: Shutting down and abandoning module SmartSnapping (534)
[2025.08.18-17.22.05:503][143]LogModuleManager: Shutting down and abandoning module SessionServices (532)
[2025.08.18-17.22.05:503][143]LogModuleManager: Shutting down and abandoning module ViewportSnapping (530)
[2025.08.18-17.22.05:503][143]LogModuleManager: Shutting down and abandoning module ViewportInteraction (528)
[2025.08.18-17.22.05:503][143]LogModuleManager: Shutting down and abandoning module ClothPainter (526)
[2025.08.18-17.22.05:503][143]LogModuleManager: Shutting down and abandoning module SkeletalMeshEditor (525)
[2025.08.18-17.22.05:503][143]LogModuleManager: Shutting down and abandoning module LogVisualizer (522)
[2025.08.18-17.22.05:503][143]LogModuleManager: Shutting down and abandoning module IntroTutorials (520)
[2025.08.18-17.22.05:503][143]LogModuleManager: Shutting down and abandoning module GameProjectGeneration (519)
[2025.08.18-17.22.05:503][143]LogModuleManager: Shutting down and abandoning module LuminPlatformEditor (516)
[2025.08.18-17.22.05:503][143]LogModuleManager: Shutting down and abandoning module IOSPlatformEditor (514)
[2025.08.18-17.22.05:503][143]LogModuleManager: Shutting down and abandoning module HTML5PlatformEditor (512)
[2025.08.18-17.22.05:503][143]LogModuleManager: Shutting down and abandoning module AndroidPlatformEditor (510)
[2025.08.18-17.22.05:503][143]LogModuleManager: Shutting down and abandoning module AndroidDeviceDetection (509)
[2025.08.18-17.22.06:250][143]LogModuleManager: Shutting down and abandoning module WindowsPlatformEditor (506)
[2025.08.18-17.22.06:250][143]LogModuleManager: Shutting down and abandoning module LuminRuntimeSettings (504)
[2025.08.18-17.22.06:250][143]LogModuleManager: Shutting down and abandoning module IOSRuntimeSettings (502)
[2025.08.18-17.22.06:250][143]LogModuleManager: Shutting down and abandoning module AndroidRuntimeSettings (500)
[2025.08.18-17.22.06:250][143]LogModuleManager: Shutting down and abandoning module InputBindingEditor (498)
[2025.08.18-17.22.06:250][143]LogModuleManager: Shutting down and abandoning module MergeActors (496)
[2025.08.18-17.22.06:250][143]LogModuleManager: Shutting down and abandoning module LocalizationDashboard (494)
[2025.08.18-17.22.06:250][143]LogModuleManager: Shutting down and abandoning module LocalizationService (493)
[2025.08.18-17.22.06:250][143]LogModuleManager: Shutting down and abandoning module HardwareTargeting (490)
[2025.08.18-17.22.06:250][143]LogModuleManager: Shutting down and abandoning module DeviceProfileEditor (488)
[2025.08.18-17.22.06:250][143]LogModuleManager: Shutting down and abandoning module UndoHistory (486)
[2025.08.18-17.22.06:250][143]LogModuleManager: Shutting down and abandoning module XmlParser (484)
[2025.08.18-17.22.06:250][143]LogModuleManager: Shutting down and abandoning module Blutility (482)
[2025.08.18-17.22.06:250][143]LogModuleManager: Shutting down and abandoning module ProjectSettingsViewer (480)
[2025.08.18-17.22.06:251][143]LogModuleManager: Shutting down and abandoning module ProjectTargetPlatformEditor (479)
[2025.08.18-17.22.06:251][143]LogModuleManager: Shutting down and abandoning module EditorSettingsViewer (476)
[2025.08.18-17.22.06:251][143]LogModuleManager: Shutting down and abandoning module SettingsEditor (474)
[2025.08.18-17.22.06:251][143]LogModuleManager: Shutting down and abandoning module ProjectLauncher (472)
[2025.08.18-17.22.06:251][143]LogModuleManager: Shutting down and abandoning module SessionFrontend (470)
[2025.08.18-17.22.06:251][143]LogModuleManager: Shutting down and abandoning module ProfilerClient (468)
[2025.08.18-17.22.06:251][143]LogModuleManager: Shutting down and abandoning module DeviceManager (466)
[2025.08.18-17.22.06:251][143]LogModuleManager: Shutting down and abandoning module TargetDeviceServices (465)
